yarn run v1.22.22
$ next dev
  ▲ Next.js 14.2.25
  - Local:        http://localhost:3000
  - Environments: .env.local

 ✓ Starting...
 ✓ Ready in 2.6s
 ○ Compiling /_not-found ...
 ✓ Compiled /_not-found in 7.8s (484 modules)
 ⚠ Fast Refresh had to perform a full reload. Read more: https://nextjs.org/docs/messages/fast-refresh-reload
 GET /_next/static/webpack/81250e61138ef378.webpack.hot-update.json 404 in 9475ms
 ○ Compiling /src/middleware ...
 ✓ Compiled /src/middleware in 2.5s (604 modules)
 ⚠ Fast Refresh had to perform a full reload. Read more: https://nextjs.org/docs/messages/fast-refresh-reload
 GET /_next/static/webpack/81250e61138ef378.webpack.hot-update.json 404 in 1644ms
 ○ Compiling / ...
 ✓ Compiled / in 87.8s (13098 modules)
 ⨯ ReferenceError: document is not defined
    at TextRendererComponent (./src/components/artifacts/TextRenderer.tsx:92:89)
digest: "2141998177"
 ⨯ ReferenceError: document is not defined
    at TextRendererComponent (./src/components/artifacts/TextRenderer.tsx:92:89)
digest: "2141998177"
 ⨯ ReferenceError: document is not defined
    at TextRendererComponent (./src/components/artifacts/TextRenderer.tsx:92:89)
digest: "2141998177"
 ⚠ Fast Refresh had to perform a full reload. Read more: https://nextjs.org/docs/messages/fast-refresh-reload
 ⨯ ReferenceError: document is not defined
    at TextRendererComponent (./src/components/artifacts/TextRenderer.tsx:92:89)
digest: "2141998177"
 GET /_next/static/webpack/81250e61138ef378.webpack.hot-update.json 404 in 22445ms
 GET / 200 in 22476ms
 ⨯ ReferenceError: document is not defined
    at TextRendererComponent (./src/components/artifacts/TextRenderer.tsx:92:89)
digest: "2141998177"
 GET / 200 in 52ms
 ⨯ ReferenceError: document is not defined
    at TextRendererComponent (./src/components/artifacts/TextRenderer.tsx:92:89)
digest: "2141998177"
 GET / 200 in 66ms
 ○ Compiling /api/[..._path] ...
 ✓ Compiled /api/[..._path] in 2.8s (5128 modules)
Using the user object as returned from supabase.auth.getSession() or from some supabase.auth.onAuthStateChange() events could be insecure! This value comes directly from the storage medium (usually cookies on the server) and may not be authentic. Use supabase.auth.getUser() instead which authenticates the data by contacting the Supabase Auth server.
Using the user object as returned from supabase.auth.getSession() or from some supabase.auth.onAuthStateChange() events could be insecure! This value comes directly from the storage medium (usually cookies on the server) and may not be authentic. Use supabase.auth.getUser() instead which authenticates the data by contacting the Supabase Auth server.
Using the user object as returned from supabase.auth.getSession() or from some supabase.auth.onAuthStateChange() events could be insecure! This value comes directly from the storage medium (usually cookies on the server) and may not be authentic. Use supabase.auth.getUser() instead which authenticates the data by contacting the Supabase Auth server.
Using the user object as returned from supabase.auth.getSession() or from some supabase.auth.onAuthStateChange() events could be insecure! This value comes directly from the storage medium (usually cookies on the server) and may not be authentic. Use supabase.auth.getUser() instead which authenticates the data by contacting the Supabase Auth server.
Using the user object as returned from supabase.auth.getSession() or from some supabase.auth.onAuthStateChange() events could be insecure! This value comes directly from the storage medium (usually cookies on the server) and may not be authentic. Use supabase.auth.getUser() instead which authenticates the data by contacting the Supabase Auth server.
Using the user object as returned from supabase.auth.getSession() or from some supabase.auth.onAuthStateChange() events could be insecure! This value comes directly from the storage medium (usually cookies on the server) and may not be authentic. Use supabase.auth.getUser() instead which authenticates the data by contacting the Supabase Auth server.
Error in proxy
TypeError: fetch failed
    at node:internal/deps/undici/undici:13510:13
    at async handleRequest (webpack-internal:///(rsc)/./src/app/api/[..._path]/route.ts:81:21)
    at async C:\Users\Han\Documents\SKKU 1st Grade\ANYON INTERFACE 2\anyon-chat\node_modules\next\dist\compiled\next-server\app-route.runtime.dev.js:6:57228
    at async eT.execute (C:\Users\Han\Documents\SKKU 1st Grade\ANYON INTERFACE 2\anyon-chat\node_modules\next\dist\compiled\next-server\app-route.runtime.dev.js:6:46851)
    at async eT.handle (C:\Users\Han\Documents\SKKU 1st Grade\ANYON INTERFACE 2\anyon-chat\node_modules\next\dist\compiled\next-server\app-route.runtime.dev.js:6:58760)
    at async doRender (C:\Users\Han\Documents\SKKU 1st Grade\ANYON INTERFACE 2\anyon-chat\node_modules\next\dist\server\base-server.js:1366:42)
    at async cacheEntry.responseCache.get.routeKind (C:\Users\Han\Documents\SKKU 1st Grade\ANYON INTERFACE 2\anyon-chat\node_modules\next\dist\server\base-server.js:1576:40)
    at async DevServer.renderToResponseWithComponentsImpl (C:\Users\Han\Documents\SKKU 1st Grade\ANYON INTERFACE 2\anyon-chat\node_modules\next\dist\server\base-server.js:1496:28)
    at async DevServer.renderPageComponent (C:\Users\Han\Documents\SKKU 1st Grade\ANYON INTERFACE 2\anyon-chat\node_modules\next\dist\server\base-server.js:1924:24)
    at async DevServer.renderToResponseImpl (C:\Users\Han\Documents\SKKU 1st Grade\ANYON INTERFACE 2\anyon-chat\node_modules\next\dist\server\base-server.js:1962:32)
    at async DevServer.pipeImpl (C:\Users\Han\Documents\SKKU 1st Grade\ANYON INTERFACE 2\anyon-chat\node_modules\next\dist\server\base-server.js:922:25)
    at async NextNodeServer.handleCatchallRenderRequest (C:\Users\Han\Documents\SKKU 1st Grade\ANYON INTERFACE 2\anyon-chat\node_modules\next\dist\server\next-server.js:272:17)
    at async DevServer.handleRequestImpl (C:\Users\Han\Documents\SKKU 1st Grade\ANYON INTERFACE 2\anyon-chat\node_modules\next\dist\server\base-server.js:818:17)
    at async C:\Users\Han\Documents\SKKU 1st Grade\ANYON INTERFACE 2\anyon-chat\node_modules\next\dist\server\dev\next-dev-server.js:339:20
    at async Span.traceAsyncFn (C:\Users\Han\Documents\SKKU 1st Grade\ANYON INTERFACE 2\anyon-chat\node_modules\next\dist\trace\trace.js:154:20)
    at async DevServer.handleRequest (C:\Users\Han\Documents\SKKU 1st Grade\ANYON INTERFACE 2\anyon-chat\node_modules\next\dist\server\dev\next-dev-server.js:336:24)
    at async invokeRender (C:\Users\Han\Documents\SKKU 1st Grade\ANYON INTERFACE 2\anyon-chat\node_modules\next\dist\server\lib\router-server.js:182:21)
    at async handleRequest (C:\Users\Han\Documents\SKKU 1st Grade\ANYON INTERFACE 2\anyon-chat\node_modules\next\dist\server\lib\router-server.js:359:24)
    at async requestHandlerImpl (C:\Users\Han\Documents\SKKU 1st Grade\ANYON INTERFACE 2\anyon-chat\node_modules\next\dist\server\lib\router-server.js:383:13)
    at async Server.requestListener (C:\Users\Han\Documents\SKKU 1st Grade\ANYON INTERFACE 2\anyon-chat\node_modules\next\dist\server\lib\start-server.js:141:13) {
  [cause]: HeadersTimeoutError: Headers Timeout Error
      at FastTimer.onParserTimeout [as _onTimeout] (node:internal/deps/undici/undici:6249:32)
      at Timeout.onTick [as _onTimeout] (node:internal/deps/undici/undici:2210:17)
      at listOnTimeout (node:internal/timers:588:17)
      at process.processTimers (node:internal/timers:523:7) {
    code: 'UND_ERR_HEADERS_TIMEOUT'
  }
}



END ERROR


 POST /api/threads/search 500 in 314385ms
Error in proxy
TypeError: fetch failed
    at node:internal/deps/undici/undici:13510:13
    at async handleRequest (webpack-internal:///(rsc)/./src/app/api/[..._path]/route.ts:81:21)
    at async C:\Users\Han\Documents\SKKU 1st Grade\ANYON INTERFACE 2\anyon-chat\node_modules\next\dist\compiled\next-server\app-route.runtime.dev.js:6:57228
    at async eT.execute (C:\Users\Han\Documents\SKKU 1st Grade\ANYON INTERFACE 2\anyon-chat\node_modules\next\dist\compiled\next-server\app-route.runtime.dev.js:6:46851)
    at async eT.handle (C:\Users\Han\Documents\SKKU 1st Grade\ANYON INTERFACE 2\anyon-chat\node_modules\next\dist\compiled\next-server\app-route.runtime.dev.js:6:58760)
    at async doRender (C:\Users\Han\Documents\SKKU 1st Grade\ANYON INTERFACE 2\anyon-chat\node_modules\next\dist\server\base-server.js:1366:42)
    at async cacheEntry.responseCache.get.routeKind (C:\Users\Han\Documents\SKKU 1st Grade\ANYON INTERFACE 2\anyon-chat\node_modules\next\dist\server\base-server.js:1576:40)
    at async DevServer.renderToResponseWithComponentsImpl (C:\Users\Han\Documents\SKKU 1st Grade\ANYON INTERFACE 2\anyon-chat\node_modules\next\dist\server\base-server.js:1496:28)
    at async DevServer.renderPageComponent (C:\Users\Han\Documents\SKKU 1st Grade\ANYON INTERFACE 2\anyon-chat\node_modules\next\dist\server\base-server.js:1924:24)
    at async DevServer.renderToResponseImpl (C:\Users\Han\Documents\SKKU 1st Grade\ANYON INTERFACE 2\anyon-chat\node_modules\next\dist\server\base-server.js:1962:32)
    at async DevServer.pipeImpl (C:\Users\Han\Documents\SKKU 1st Grade\ANYON INTERFACE 2\anyon-chat\node_modules\next\dist\server\base-server.js:922:25)
    at async NextNodeServer.handleCatchallRenderRequest (C:\Users\Han\Documents\SKKU 1st Grade\ANYON INTERFACE 2\anyon-chat\node_modules\next\dist\server\next-server.js:272:17)
    at async DevServer.handleRequestImpl (C:\Users\Han\Documents\SKKU 1st Grade\ANYON INTERFACE 2\anyon-chat\node_modules\next\dist\server\base-server.js:818:17)
    at async C:\Users\Han\Documents\SKKU 1st Grade\ANYON INTERFACE 2\anyon-chat\node_modules\next\dist\server\dev\next-dev-server.js:339:20
    at async Span.traceAsyncFn (C:\Users\Han\Documents\SKKU 1st Grade\ANYON INTERFACE 2\anyon-chat\node_modules\next\dist\trace\trace.js:154:20)
    at async DevServer.handleRequest (C:\Users\Han\Documents\SKKU 1st Grade\ANYON INTERFACE 2\anyon-chat\node_modules\next\dist\server\dev\next-dev-server.js:336:24)
    at async invokeRender (C:\Users\Han\Documents\SKKU 1st Grade\ANYON INTERFACE 2\anyon-chat\node_modules\next\dist\server\lib\router-server.js:182:21)
    at async handleRequest (C:\Users\Han\Documents\SKKU 1st Grade\ANYON INTERFACE 2\anyon-chat\node_modules\next\dist\server\lib\router-server.js:359:24)
    at async requestHandlerImpl (C:\Users\Han\Documents\SKKU 1st Grade\ANYON INTERFACE 2\anyon-chat\node_modules\next\dist\server\lib\router-server.js:383:13)
    at async Server.requestListener (C:\Users\Han\Documents\SKKU 1st Grade\ANYON INTERFACE 2\anyon-chat\node_modules\next\dist\server\lib\start-server.js:141:13) {
  [cause]: HeadersTimeoutError: Headers Timeout Error
      at FastTimer.onParserTimeout [as _onTimeout] (node:internal/deps/undici/undici:6249:32)
      at Timeout.onTick [as _onTimeout] (node:internal/deps/undici/undici:2210:17)
      at listOnTimeout (node:internal/timers:588:17)
      at process.processTimers (node:internal/timers:523:7) {
    code: 'UND_ERR_HEADERS_TIMEOUT'
  }
}



END ERROR


 POST /api/threads/search 500 in 315119ms
Error in proxy
TypeError: fetch failed
    at node:internal/deps/undici/undici:13510:13
    at async handleRequest (webpack-internal:///(rsc)/./src/app/api/[..._path]/route.ts:81:21)
    at async C:\Users\Han\Documents\SKKU 1st Grade\ANYON INTERFACE 2\anyon-chat\node_modules\next\dist\compiled\next-server\app-route.runtime.dev.js:6:57228
    at async eT.execute (C:\Users\Han\Documents\SKKU 1st Grade\ANYON INTERFACE 2\anyon-chat\node_modules\next\dist\compiled\next-server\app-route.runtime.dev.js:6:46851)
    at async eT.handle (C:\Users\Han\Documents\SKKU 1st Grade\ANYON INTERFACE 2\anyon-chat\node_modules\next\dist\compiled\next-server\app-route.runtime.dev.js:6:58760)
    at async doRender (C:\Users\Han\Documents\SKKU 1st Grade\ANYON INTERFACE 2\anyon-chat\node_modules\next\dist\server\base-server.js:1366:42)
    at async cacheEntry.responseCache.get.routeKind (C:\Users\Han\Documents\SKKU 1st Grade\ANYON INTERFACE 2\anyon-chat\node_modules\next\dist\server\base-server.js:1576:40)
    at async DevServer.renderToResponseWithComponentsImpl (C:\Users\Han\Documents\SKKU 1st Grade\ANYON INTERFACE 2\anyon-chat\node_modules\next\dist\server\base-server.js:1496:28)
    at async DevServer.renderPageComponent (C:\Users\Han\Documents\SKKU 1st Grade\ANYON INTERFACE 2\anyon-chat\node_modules\next\dist\server\base-server.js:1924:24)
    at async DevServer.renderToResponseImpl (C:\Users\Han\Documents\SKKU 1st Grade\ANYON INTERFACE 2\anyon-chat\node_modules\next\dist\server\base-server.js:1962:32)
    at async DevServer.pipeImpl (C:\Users\Han\Documents\SKKU 1st Grade\ANYON INTERFACE 2\anyon-chat\node_modules\next\dist\server\base-server.js:922:25)
    at async NextNodeServer.handleCatchallRenderRequest (C:\Users\Han\Documents\SKKU 1st Grade\ANYON INTERFACE 2\anyon-chat\node_modules\next\dist\server\next-server.js:272:17)
    at async DevServer.handleRequestImpl (C:\Users\Han\Documents\SKKU 1st Grade\ANYON INTERFACE 2\anyon-chat\node_modules\next\dist\server\base-server.js:818:17)
    at async C:\Users\Han\Documents\SKKU 1st Grade\ANYON INTERFACE 2\anyon-chat\node_modules\next\dist\server\dev\next-dev-server.js:339:20
    at async Span.traceAsyncFn (C:\Users\Han\Documents\SKKU 1st Grade\ANYON INTERFACE 2\anyon-chat\node_modules\next\dist\trace\trace.js:154:20)
    at async DevServer.handleRequest (C:\Users\Han\Documents\SKKU 1st Grade\ANYON INTERFACE 2\anyon-chat\node_modules\next\dist\server\dev\next-dev-server.js:336:24)
    at async invokeRender (C:\Users\Han\Documents\SKKU 1st Grade\ANYON INTERFACE 2\anyon-chat\node_modules\next\dist\server\lib\router-server.js:182:21)
    at async handleRequest (C:\Users\Han\Documents\SKKU 1st Grade\ANYON INTERFACE 2\anyon-chat\node_modules\next\dist\server\lib\router-server.js:359:24)
    at async requestHandlerImpl (C:\Users\Han\Documents\SKKU 1st Grade\ANYON INTERFACE 2\anyon-chat\node_modules\next\dist\server\lib\router-server.js:383:13)
    at async Server.requestListener (C:\Users\Han\Documents\SKKU 1st Grade\ANYON INTERFACE 2\anyon-chat\node_modules\next\dist\server\lib\start-server.js:141:13) {
  [cause]: HeadersTimeoutError: Headers Timeout Error
      at FastTimer.onParserTimeout [as _onTimeout] (node:internal/deps/undici/undici:6249:32)
      at Timeout.onTick [as _onTimeout] (node:internal/deps/undici/undici:2210:17)
      at listOnTimeout (node:internal/timers:588:17)
      at process.processTimers (node:internal/timers:523:7) {
    code: 'UND_ERR_HEADERS_TIMEOUT'
  }
}



END ERROR


 POST /api/threads/search 500 in 315995ms
Error in proxy
TypeError: fetch failed
    at node:internal/deps/undici/undici:13510:13
    at async handleRequest (webpack-internal:///(rsc)/./src/app/api/[..._path]/route.ts:81:21)
    at async C:\Users\Han\Documents\SKKU 1st Grade\ANYON INTERFACE 2\anyon-chat\node_modules\next\dist\compiled\next-server\app-route.runtime.dev.js:6:57228
    at async eT.execute (C:\Users\Han\Documents\SKKU 1st Grade\ANYON INTERFACE 2\anyon-chat\node_modules\next\dist\compiled\next-server\app-route.runtime.dev.js:6:46851)
    at async eT.handle (C:\Users\Han\Documents\SKKU 1st Grade\ANYON INTERFACE 2\anyon-chat\node_modules\next\dist\compiled\next-server\app-route.runtime.dev.js:6:58760)
    at async doRender (C:\Users\Han\Documents\SKKU 1st Grade\ANYON INTERFACE 2\anyon-chat\node_modules\next\dist\server\base-server.js:1366:42)
    at async cacheEntry.responseCache.get.routeKind (C:\Users\Han\Documents\SKKU 1st Grade\ANYON INTERFACE 2\anyon-chat\node_modules\next\dist\server\base-server.js:1576:40)
    at async DevServer.renderToResponseWithComponentsImpl (C:\Users\Han\Documents\SKKU 1st Grade\ANYON INTERFACE 2\anyon-chat\node_modules\next\dist\server\base-server.js:1496:28)
    at async DevServer.renderPageComponent (C:\Users\Han\Documents\SKKU 1st Grade\ANYON INTERFACE 2\anyon-chat\node_modules\next\dist\server\base-server.js:1924:24)
    at async DevServer.renderToResponseImpl (C:\Users\Han\Documents\SKKU 1st Grade\ANYON INTERFACE 2\anyon-chat\node_modules\next\dist\server\base-server.js:1962:32)
    at async DevServer.pipeImpl (C:\Users\Han\Documents\SKKU 1st Grade\ANYON INTERFACE 2\anyon-chat\node_modules\next\dist\server\base-server.js:922:25)
    at async NextNodeServer.handleCatchallRenderRequest (C:\Users\Han\Documents\SKKU 1st Grade\ANYON INTERFACE 2\anyon-chat\node_modules\next\dist\server\next-server.js:272:17)
    at async DevServer.handleRequestImpl (C:\Users\Han\Documents\SKKU 1st Grade\ANYON INTERFACE 2\anyon-chat\node_modules\next\dist\server\base-server.js:818:17)
    at async C:\Users\Han\Documents\SKKU 1st Grade\ANYON INTERFACE 2\anyon-chat\node_modules\next\dist\server\dev\next-dev-server.js:339:20
    at async Span.traceAsyncFn (C:\Users\Han\Documents\SKKU 1st Grade\ANYON INTERFACE 2\anyon-chat\node_modules\next\dist\trace\trace.js:154:20)
    at async DevServer.handleRequest (C:\Users\Han\Documents\SKKU 1st Grade\ANYON INTERFACE 2\anyon-chat\node_modules\next\dist\server\dev\next-dev-server.js:336:24)
    at async invokeRender (C:\Users\Han\Documents\SKKU 1st Grade\ANYON INTERFACE 2\anyon-chat\node_modules\next\dist\server\lib\router-server.js:182:21)
    at async handleRequest (C:\Users\Han\Documents\SKKU 1st Grade\ANYON INTERFACE 2\anyon-chat\node_modules\next\dist\server\lib\router-server.js:359:24)
    at async requestHandlerImpl (C:\Users\Han\Documents\SKKU 1st Grade\ANYON INTERFACE 2\anyon-chat\node_modules\next\dist\server\lib\router-server.js:383:13)
    at async Server.requestListener (C:\Users\Han\Documents\SKKU 1st Grade\ANYON INTERFACE 2\anyon-chat\node_modules\next\dist\server\lib\start-server.js:141:13) {
  [cause]: HeadersTimeoutError: Headers Timeout Error
      at FastTimer.onParserTimeout [as _onTimeout] (node:internal/deps/undici/undici:6249:32)
      at Timeout.onTick [as _onTimeout] (node:internal/deps/undici/undici:2210:17)
      at listOnTimeout (node:internal/timers:588:17)
      at process.processTimers (node:internal/timers:523:7) {
    code: 'UND_ERR_HEADERS_TIMEOUT'
  }
}



END ERROR


 POST /api/assistants/search 500 in 315997ms
Error in proxy
TypeError: fetch failed
    at node:internal/deps/undici/undici:13510:13
    at async handleRequest (webpack-internal:///(rsc)/./src/app/api/[..._path]/route.ts:81:21)
    at async C:\Users\Han\Documents\SKKU 1st Grade\ANYON INTERFACE 2\anyon-chat\node_modules\next\dist\compiled\next-server\app-route.runtime.dev.js:6:57228
    at async eT.execute (C:\Users\Han\Documents\SKKU 1st Grade\ANYON INTERFACE 2\anyon-chat\node_modules\next\dist\compiled\next-server\app-route.runtime.dev.js:6:46851)
    at async eT.handle (C:\Users\Han\Documents\SKKU 1st Grade\ANYON INTERFACE 2\anyon-chat\node_modules\next\dist\compiled\next-server\app-route.runtime.dev.js:6:58760)
    at async doRender (C:\Users\Han\Documents\SKKU 1st Grade\ANYON INTERFACE 2\anyon-chat\node_modules\next\dist\server\base-server.js:1366:42)
    at async cacheEntry.responseCache.get.routeKind (C:\Users\Han\Documents\SKKU 1st Grade\ANYON INTERFACE 2\anyon-chat\node_modules\next\dist\server\base-server.js:1576:40)
    at async DevServer.renderToResponseWithComponentsImpl (C:\Users\Han\Documents\SKKU 1st Grade\ANYON INTERFACE 2\anyon-chat\node_modules\next\dist\server\base-server.js:1496:28)
    at async DevServer.renderPageComponent (C:\Users\Han\Documents\SKKU 1st Grade\ANYON INTERFACE 2\anyon-chat\node_modules\next\dist\server\base-server.js:1924:24)
    at async DevServer.renderToResponseImpl (C:\Users\Han\Documents\SKKU 1st Grade\ANYON INTERFACE 2\anyon-chat\node_modules\next\dist\server\base-server.js:1962:32)
    at async DevServer.pipeImpl (C:\Users\Han\Documents\SKKU 1st Grade\ANYON INTERFACE 2\anyon-chat\node_modules\next\dist\server\base-server.js:922:25)
    at async NextNodeServer.handleCatchallRenderRequest (C:\Users\Han\Documents\SKKU 1st Grade\ANYON INTERFACE 2\anyon-chat\node_modules\next\dist\server\next-server.js:272:17)
    at async DevServer.handleRequestImpl (C:\Users\Han\Documents\SKKU 1st Grade\ANYON INTERFACE 2\anyon-chat\node_modules\next\dist\server\base-server.js:818:17)
    at async C:\Users\Han\Documents\SKKU 1st Grade\ANYON INTERFACE 2\anyon-chat\node_modules\next\dist\server\dev\next-dev-server.js:339:20
    at async Span.traceAsyncFn (C:\Users\Han\Documents\SKKU 1st Grade\ANYON INTERFACE 2\anyon-chat\node_modules\next\dist\trace\trace.js:154:20)
    at async DevServer.handleRequest (C:\Users\Han\Documents\SKKU 1st Grade\ANYON INTERFACE 2\anyon-chat\node_modules\next\dist\server\dev\next-dev-server.js:336:24)
    at async invokeRender (C:\Users\Han\Documents\SKKU 1st Grade\ANYON INTERFACE 2\anyon-chat\node_modules\next\dist\server\lib\router-server.js:182:21)
    at async handleRequest (C:\Users\Han\Documents\SKKU 1st Grade\ANYON INTERFACE 2\anyon-chat\node_modules\next\dist\server\lib\router-server.js:359:24)
    at async requestHandlerImpl (C:\Users\Han\Documents\SKKU 1st Grade\ANYON INTERFACE 2\anyon-chat\node_modules\next\dist\server\lib\router-server.js:383:13)
    at async Server.requestListener (C:\Users\Han\Documents\SKKU 1st Grade\ANYON INTERFACE 2\anyon-chat\node_modules\next\dist\server\lib\start-server.js:141:13) {
  [cause]: HeadersTimeoutError: Headers Timeout Error
      at FastTimer.onParserTimeout [as _onTimeout] (node:internal/deps/undici/undici:6249:32)
      at Timeout.onTick [as _onTimeout] (node:internal/deps/undici/undici:2210:17)
      at listOnTimeout (node:internal/timers:588:17)
      at process.processTimers (node:internal/timers:523:7) {
    code: 'UND_ERR_HEADERS_TIMEOUT'
  }
}



END ERROR


 POST /api/assistants/search 500 in 314863ms
Error in proxy
TypeError: fetch failed
    at node:internal/deps/undici/undici:13510:13
    at async handleRequest (webpack-internal:///(rsc)/./src/app/api/[..._path]/route.ts:81:21)
    at async C:\Users\Han\Documents\SKKU 1st Grade\ANYON INTERFACE 2\anyon-chat\node_modules\next\dist\compiled\next-server\app-route.runtime.dev.js:6:57228
    at async eT.execute (C:\Users\Han\Documents\SKKU 1st Grade\ANYON INTERFACE 2\anyon-chat\node_modules\next\dist\compiled\next-server\app-route.runtime.dev.js:6:46851)
    at async eT.handle (C:\Users\Han\Documents\SKKU 1st Grade\ANYON INTERFACE 2\anyon-chat\node_modules\next\dist\compiled\next-server\app-route.runtime.dev.js:6:58760)
    at async doRender (C:\Users\Han\Documents\SKKU 1st Grade\ANYON INTERFACE 2\anyon-chat\node_modules\next\dist\server\base-server.js:1366:42)
    at async cacheEntry.responseCache.get.routeKind (C:\Users\Han\Documents\SKKU 1st Grade\ANYON INTERFACE 2\anyon-chat\node_modules\next\dist\server\base-server.js:1576:40)
    at async DevServer.renderToResponseWithComponentsImpl (C:\Users\Han\Documents\SKKU 1st Grade\ANYON INTERFACE 2\anyon-chat\node_modules\next\dist\server\base-server.js:1496:28)
    at async DevServer.renderPageComponent (C:\Users\Han\Documents\SKKU 1st Grade\ANYON INTERFACE 2\anyon-chat\node_modules\next\dist\server\base-server.js:1924:24)
    at async DevServer.renderToResponseImpl (C:\Users\Han\Documents\SKKU 1st Grade\ANYON INTERFACE 2\anyon-chat\node_modules\next\dist\server\base-server.js:1962:32)
    at async DevServer.pipeImpl (C:\Users\Han\Documents\SKKU 1st Grade\ANYON INTERFACE 2\anyon-chat\node_modules\next\dist\server\base-server.js:922:25)
    at async NextNodeServer.handleCatchallRenderRequest (C:\Users\Han\Documents\SKKU 1st Grade\ANYON INTERFACE 2\anyon-chat\node_modules\next\dist\server\next-server.js:272:17)
    at async DevServer.handleRequestImpl (C:\Users\Han\Documents\SKKU 1st Grade\ANYON INTERFACE 2\anyon-chat\node_modules\next\dist\server\base-server.js:818:17)
    at async C:\Users\Han\Documents\SKKU 1st Grade\ANYON INTERFACE 2\anyon-chat\node_modules\next\dist\server\dev\next-dev-server.js:339:20
    at async Span.traceAsyncFn (C:\Users\Han\Documents\SKKU 1st Grade\ANYON INTERFACE 2\anyon-chat\node_modules\next\dist\trace\trace.js:154:20)
    at async DevServer.handleRequest (C:\Users\Han\Documents\SKKU 1st Grade\ANYON INTERFACE 2\anyon-chat\node_modules\next\dist\server\dev\next-dev-server.js:336:24)
    at async invokeRender (C:\Users\Han\Documents\SKKU 1st Grade\ANYON INTERFACE 2\anyon-chat\node_modules\next\dist\server\lib\router-server.js:182:21)
    at async handleRequest (C:\Users\Han\Documents\SKKU 1st Grade\ANYON INTERFACE 2\anyon-chat\node_modules\next\dist\server\lib\router-server.js:359:24)
    at async requestHandlerImpl (C:\Users\Han\Documents\SKKU 1st Grade\ANYON INTERFACE 2\anyon-chat\node_modules\next\dist\server\lib\router-server.js:383:13)
    at async Server.requestListener (C:\Users\Han\Documents\SKKU 1st Grade\ANYON INTERFACE 2\anyon-chat\node_modules\next\dist\server\lib\start-server.js:141:13) {
  [cause]: HeadersTimeoutError: Headers Timeout Error
      at FastTimer.onParserTimeout [as _onTimeout] (node:internal/deps/undici/undici:6249:32)
      at Timeout.onTick [as _onTimeout] (node:internal/deps/undici/undici:2210:17)
      at listOnTimeout (node:internal/timers:588:17)
      at process.processTimers (node:internal/timers:523:7) {
    code: 'UND_ERR_HEADERS_TIMEOUT'
  }
}



END ERROR


 POST /api/threads/search 500 in 316487ms
Using the user object as returned from supabase.auth.getSession() or from some supabase.auth.onAuthStateChange() events could be insecure! This value comes directly from the storage medium (usually cookies on the server) and may not be authentic. Use supabase.auth.getUser() instead which authenticates the data by contacting the Supabase Auth server.
Using the user object as returned from supabase.auth.getSession() or from some supabase.auth.onAuthStateChange() events could be insecure! This value comes directly from the storage medium (usually cookies on the server) and may not be authentic. Use supabase.auth.getUser() instead which authenticates the data by contacting the Supabase Auth server.
Using the user object as returned from supabase.auth.getSession() or from some supabase.auth.onAuthStateChange() events could be insecure! This value comes directly from the storage medium (usually cookies on the server) and may not be authentic. Use supabase.auth.getUser() instead which authenticates the data by contacting the Supabase Auth server.
Using the user object as returned from supabase.auth.getSession() or from some supabase.auth.onAuthStateChange() events could be insecure! This value comes directly from the storage medium (usually cookies on the server) and may not be authentic. Use supabase.auth.getUser() instead which authenticates the data by contacting the Supabase Auth server.
Using the user object as returned from supabase.auth.getSession() or from some supabase.auth.onAuthStateChange() events could be insecure! This value comes directly from the storage medium (usually cookies on the server) and may not be authentic. Use supabase.auth.getUser() instead which authenticates the data by contacting the Supabase Auth server.
Using the user object as returned from supabase.auth.getSession() or from some supabase.auth.onAuthStateChange() events could be insecure! This value comes directly from the storage medium (usually cookies on the server) and may not be authentic. Use supabase.auth.getUser() instead which authenticates the data by contacting the Supabase Auth server.
Error in proxy
TypeError: fetch failed
    at node:internal/deps/undici/undici:13510:13
    at async handleRequest (webpack-internal:///(rsc)/./src/app/api/[..._path]/route.ts:81:21)
    at async C:\Users\Han\Documents\SKKU 1st Grade\ANYON INTERFACE 2\anyon-chat\node_modules\next\dist\compiled\next-server\app-route.runtime.dev.js:6:57228
    at async eT.execute (C:\Users\Han\Documents\SKKU 1st Grade\ANYON INTERFACE 2\anyon-chat\node_modules\next\dist\compiled\next-server\app-route.runtime.dev.js:6:46851)
    at async eT.handle (C:\Users\Han\Documents\SKKU 1st Grade\ANYON INTERFACE 2\anyon-chat\node_modules\next\dist\compiled\next-server\app-route.runtime.dev.js:6:58760)
    at async doRender (C:\Users\Han\Documents\SKKU 1st Grade\ANYON INTERFACE 2\anyon-chat\node_modules\next\dist\server\base-server.js:1366:42)
    at async cacheEntry.responseCache.get.routeKind (C:\Users\Han\Documents\SKKU 1st Grade\ANYON INTERFACE 2\anyon-chat\node_modules\next\dist\server\base-server.js:1576:40)
    at async DevServer.renderToResponseWithComponentsImpl (C:\Users\Han\Documents\SKKU 1st Grade\ANYON INTERFACE 2\anyon-chat\node_modules\next\dist\server\base-server.js:1496:28)
    at async DevServer.renderPageComponent (C:\Users\Han\Documents\SKKU 1st Grade\ANYON INTERFACE 2\anyon-chat\node_modules\next\dist\server\base-server.js:1924:24)
    at async DevServer.renderToResponseImpl (C:\Users\Han\Documents\SKKU 1st Grade\ANYON INTERFACE 2\anyon-chat\node_modules\next\dist\server\base-server.js:1962:32)
    at async DevServer.pipeImpl (C:\Users\Han\Documents\SKKU 1st Grade\ANYON INTERFACE 2\anyon-chat\node_modules\next\dist\server\base-server.js:922:25)
    at async NextNodeServer.handleCatchallRenderRequest (C:\Users\Han\Documents\SKKU 1st Grade\ANYON INTERFACE 2\anyon-chat\node_modules\next\dist\server\next-server.js:272:17)
    at async DevServer.handleRequestImpl (C:\Users\Han\Documents\SKKU 1st Grade\ANYON INTERFACE 2\anyon-chat\node_modules\next\dist\server\base-server.js:818:17)
    at async C:\Users\Han\Documents\SKKU 1st Grade\ANYON INTERFACE 2\anyon-chat\node_modules\next\dist\server\dev\next-dev-server.js:339:20
    at async Span.traceAsyncFn (C:\Users\Han\Documents\SKKU 1st Grade\ANYON INTERFACE 2\anyon-chat\node_modules\next\dist\trace\trace.js:154:20)
    at async DevServer.handleRequest (C:\Users\Han\Documents\SKKU 1st Grade\ANYON INTERFACE 2\anyon-chat\node_modules\next\dist\server\dev\next-dev-server.js:336:24)
    at async invokeRender (C:\Users\Han\Documents\SKKU 1st Grade\ANYON INTERFACE 2\anyon-chat\node_modules\next\dist\server\lib\router-server.js:182:21)
    at async handleRequest (C:\Users\Han\Documents\SKKU 1st Grade\ANYON INTERFACE 2\anyon-chat\node_modules\next\dist\server\lib\router-server.js:359:24)
    at async requestHandlerImpl (C:\Users\Han\Documents\SKKU 1st Grade\ANYON INTERFACE 2\anyon-chat\node_modules\next\dist\server\lib\router-server.js:383:13)
    at async Server.requestListener (C:\Users\Han\Documents\SKKU 1st Grade\ANYON INTERFACE 2\anyon-chat\node_modules\next\dist\server\lib\start-server.js:141:13) {
  [cause]: HeadersTimeoutError: Headers Timeout Error
      at FastTimer.onParserTimeout [as _onTimeout] (node:internal/deps/undici/undici:6249:32)
      at Timeout.onTick [as _onTimeout] (node:internal/deps/undici/undici:2210:17)
      at listOnTimeout (node:internal/timers:588:17)
      at process.processTimers (node:internal/timers:523:7) {
    code: 'UND_ERR_HEADERS_TIMEOUT'
  }
}



END ERROR


 POST /api/threads/search 500 in 305266ms
Error in proxy
TypeError: fetch failed
    at node:internal/deps/undici/undici:13510:13
    at async handleRequest (webpack-internal:///(rsc)/./src/app/api/[..._path]/route.ts:81:21)
    at async C:\Users\Han\Documents\SKKU 1st Grade\ANYON INTERFACE 2\anyon-chat\node_modules\next\dist\compiled\next-server\app-route.runtime.dev.js:6:57228
    at async eT.execute (C:\Users\Han\Documents\SKKU 1st Grade\ANYON INTERFACE 2\anyon-chat\node_modules\next\dist\compiled\next-server\app-route.runtime.dev.js:6:46851)
    at async eT.handle (C:\Users\Han\Documents\SKKU 1st Grade\ANYON INTERFACE 2\anyon-chat\node_modules\next\dist\compiled\next-server\app-route.runtime.dev.js:6:58760)
    at async doRender (C:\Users\Han\Documents\SKKU 1st Grade\ANYON INTERFACE 2\anyon-chat\node_modules\next\dist\server\base-server.js:1366:42)
    at async cacheEntry.responseCache.get.routeKind (C:\Users\Han\Documents\SKKU 1st Grade\ANYON INTERFACE 2\anyon-chat\node_modules\next\dist\server\base-server.js:1576:40)
    at async DevServer.renderToResponseWithComponentsImpl (C:\Users\Han\Documents\SKKU 1st Grade\ANYON INTERFACE 2\anyon-chat\node_modules\next\dist\server\base-server.js:1496:28)
    at async DevServer.renderPageComponent (C:\Users\Han\Documents\SKKU 1st Grade\ANYON INTERFACE 2\anyon-chat\node_modules\next\dist\server\base-server.js:1924:24)
    at async DevServer.renderToResponseImpl (C:\Users\Han\Documents\SKKU 1st Grade\ANYON INTERFACE 2\anyon-chat\node_modules\next\dist\server\base-server.js:1962:32)
    at async DevServer.pipeImpl (C:\Users\Han\Documents\SKKU 1st Grade\ANYON INTERFACE 2\anyon-chat\node_modules\next\dist\server\base-server.js:922:25)
    at async NextNodeServer.handleCatchallRenderRequest (C:\Users\Han\Documents\SKKU 1st Grade\ANYON INTERFACE 2\anyon-chat\node_modules\next\dist\server\next-server.js:272:17)
    at async DevServer.handleRequestImpl (C:\Users\Han\Documents\SKKU 1st Grade\ANYON INTERFACE 2\anyon-chat\node_modules\next\dist\server\base-server.js:818:17)
    at async C:\Users\Han\Documents\SKKU 1st Grade\ANYON INTERFACE 2\anyon-chat\node_modules\next\dist\server\dev\next-dev-server.js:339:20
    at async Span.traceAsyncFn (C:\Users\Han\Documents\SKKU 1st Grade\ANYON INTERFACE 2\anyon-chat\node_modules\next\dist\trace\trace.js:154:20)
    at async DevServer.handleRequest (C:\Users\Han\Documents\SKKU 1st Grade\ANYON INTERFACE 2\anyon-chat\node_modules\next\dist\server\dev\next-dev-server.js:336:24)
    at async invokeRender (C:\Users\Han\Documents\SKKU 1st Grade\ANYON INTERFACE 2\anyon-chat\node_modules\next\dist\server\lib\router-server.js:182:21)
    at async handleRequest (C:\Users\Han\Documents\SKKU 1st Grade\ANYON INTERFACE 2\anyon-chat\node_modules\next\dist\server\lib\router-server.js:359:24)
    at async requestHandlerImpl (C:\Users\Han\Documents\SKKU 1st Grade\ANYON INTERFACE 2\anyon-chat\node_modules\next\dist\server\lib\router-server.js:383:13)
    at async Server.requestListener (C:\Users\Han\Documents\SKKU 1st Grade\ANYON INTERFACE 2\anyon-chat\node_modules\next\dist\server\lib\start-server.js:141:13) {
  [cause]: HeadersTimeoutError: Headers Timeout Error
      at FastTimer.onParserTimeout [as _onTimeout] (node:internal/deps/undici/undici:6249:32)
      at Timeout.onTick [as _onTimeout] (node:internal/deps/undici/undici:2210:17)
      at listOnTimeout (node:internal/timers:588:17)
      at process.processTimers (node:internal/timers:523:7) {
    code: 'UND_ERR_HEADERS_TIMEOUT'
  }
}



END ERROR


 POST /api/threads/search 500 in 305276ms
Error in proxy
TypeError: fetch failed
    at node:internal/deps/undici/undici:13510:13
    at async handleRequest (webpack-internal:///(rsc)/./src/app/api/[..._path]/route.ts:81:21)
    at async C:\Users\Han\Documents\SKKU 1st Grade\ANYON INTERFACE 2\anyon-chat\node_modules\next\dist\compiled\next-server\app-route.runtime.dev.js:6:57228
    at async eT.execute (C:\Users\Han\Documents\SKKU 1st Grade\ANYON INTERFACE 2\anyon-chat\node_modules\next\dist\compiled\next-server\app-route.runtime.dev.js:6:46851)
    at async eT.handle (C:\Users\Han\Documents\SKKU 1st Grade\ANYON INTERFACE 2\anyon-chat\node_modules\next\dist\compiled\next-server\app-route.runtime.dev.js:6:58760)
    at async doRender (C:\Users\Han\Documents\SKKU 1st Grade\ANYON INTERFACE 2\anyon-chat\node_modules\next\dist\server\base-server.js:1366:42)
    at async cacheEntry.responseCache.get.routeKind (C:\Users\Han\Documents\SKKU 1st Grade\ANYON INTERFACE 2\anyon-chat\node_modules\next\dist\server\base-server.js:1576:40)
    at async DevServer.renderToResponseWithComponentsImpl (C:\Users\Han\Documents\SKKU 1st Grade\ANYON INTERFACE 2\anyon-chat\node_modules\next\dist\server\base-server.js:1496:28)
    at async DevServer.renderPageComponent (C:\Users\Han\Documents\SKKU 1st Grade\ANYON INTERFACE 2\anyon-chat\node_modules\next\dist\server\base-server.js:1924:24)
    at async DevServer.renderToResponseImpl (C:\Users\Han\Documents\SKKU 1st Grade\ANYON INTERFACE 2\anyon-chat\node_modules\next\dist\server\base-server.js:1962:32)
    at async DevServer.pipeImpl (C:\Users\Han\Documents\SKKU 1st Grade\ANYON INTERFACE 2\anyon-chat\node_modules\next\dist\server\base-server.js:922:25)
    at async NextNodeServer.handleCatchallRenderRequest (C:\Users\Han\Documents\SKKU 1st Grade\ANYON INTERFACE 2\anyon-chat\node_modules\next\dist\server\next-server.js:272:17)
    at async DevServer.handleRequestImpl (C:\Users\Han\Documents\SKKU 1st Grade\ANYON INTERFACE 2\anyon-chat\node_modules\next\dist\server\base-server.js:818:17)
    at async C:\Users\Han\Documents\SKKU 1st Grade\ANYON INTERFACE 2\anyon-chat\node_modules\next\dist\server\dev\next-dev-server.js:339:20
    at async Span.traceAsyncFn (C:\Users\Han\Documents\SKKU 1st Grade\ANYON INTERFACE 2\anyon-chat\node_modules\next\dist\trace\trace.js:154:20)
    at async DevServer.handleRequest (C:\Users\Han\Documents\SKKU 1st Grade\ANYON INTERFACE 2\anyon-chat\node_modules\next\dist\server\dev\next-dev-server.js:336:24)
    at async invokeRender (C:\Users\Han\Documents\SKKU 1st Grade\ANYON INTERFACE 2\anyon-chat\node_modules\next\dist\server\lib\router-server.js:182:21)
    at async handleRequest (C:\Users\Han\Documents\SKKU 1st Grade\ANYON INTERFACE 2\anyon-chat\node_modules\next\dist\server\lib\router-server.js:359:24)
    at async requestHandlerImpl (C:\Users\Han\Documents\SKKU 1st Grade\ANYON INTERFACE 2\anyon-chat\node_modules\next\dist\server\lib\router-server.js:383:13)
    at async Server.requestListener (C:\Users\Han\Documents\SKKU 1st Grade\ANYON INTERFACE 2\anyon-chat\node_modules\next\dist\server\lib\start-server.js:141:13) {
  [cause]: HeadersTimeoutError: Headers Timeout Error
      at FastTimer.onParserTimeout [as _onTimeout] (node:internal/deps/undici/undici:6249:32)
      at Timeout.onTick [as _onTimeout] (node:internal/deps/undici/undici:2210:17)
      at listOnTimeout (node:internal/timers:588:17)
      at process.processTimers (node:internal/timers:523:7) {
    code: 'UND_ERR_HEADERS_TIMEOUT'
  }
}



END ERROR


 POST /api/threads/search 500 in 305282ms
Error in proxy
TypeError: fetch failed
    at node:internal/deps/undici/undici:13510:13
    at async handleRequest (webpack-internal:///(rsc)/./src/app/api/[..._path]/route.ts:81:21)
    at async C:\Users\Han\Documents\SKKU 1st Grade\ANYON INTERFACE 2\anyon-chat\node_modules\next\dist\compiled\next-server\app-route.runtime.dev.js:6:57228
    at async eT.execute (C:\Users\Han\Documents\SKKU 1st Grade\ANYON INTERFACE 2\anyon-chat\node_modules\next\dist\compiled\next-server\app-route.runtime.dev.js:6:46851)
    at async eT.handle (C:\Users\Han\Documents\SKKU 1st Grade\ANYON INTERFACE 2\anyon-chat\node_modules\next\dist\compiled\next-server\app-route.runtime.dev.js:6:58760)
    at async doRender (C:\Users\Han\Documents\SKKU 1st Grade\ANYON INTERFACE 2\anyon-chat\node_modules\next\dist\server\base-server.js:1366:42)
    at async cacheEntry.responseCache.get.routeKind (C:\Users\Han\Documents\SKKU 1st Grade\ANYON INTERFACE 2\anyon-chat\node_modules\next\dist\server\base-server.js:1576:40)
    at async DevServer.renderToResponseWithComponentsImpl (C:\Users\Han\Documents\SKKU 1st Grade\ANYON INTERFACE 2\anyon-chat\node_modules\next\dist\server\base-server.js:1496:28)
    at async DevServer.renderPageComponent (C:\Users\Han\Documents\SKKU 1st Grade\ANYON INTERFACE 2\anyon-chat\node_modules\next\dist\server\base-server.js:1924:24)
    at async DevServer.renderToResponseImpl (C:\Users\Han\Documents\SKKU 1st Grade\ANYON INTERFACE 2\anyon-chat\node_modules\next\dist\server\base-server.js:1962:32)
    at async DevServer.pipeImpl (C:\Users\Han\Documents\SKKU 1st Grade\ANYON INTERFACE 2\anyon-chat\node_modules\next\dist\server\base-server.js:922:25)
    at async NextNodeServer.handleCatchallRenderRequest (C:\Users\Han\Documents\SKKU 1st Grade\ANYON INTERFACE 2\anyon-chat\node_modules\next\dist\server\next-server.js:272:17)
    at async DevServer.handleRequestImpl (C:\Users\Han\Documents\SKKU 1st Grade\ANYON INTERFACE 2\anyon-chat\node_modules\next\dist\server\base-server.js:818:17)
    at async C:\Users\Han\Documents\SKKU 1st Grade\ANYON INTERFACE 2\anyon-chat\node_modules\next\dist\server\dev\next-dev-server.js:339:20
    at async Span.traceAsyncFn (C:\Users\Han\Documents\SKKU 1st Grade\ANYON INTERFACE 2\anyon-chat\node_modules\next\dist\trace\trace.js:154:20)
    at async DevServer.handleRequest (C:\Users\Han\Documents\SKKU 1st Grade\ANYON INTERFACE 2\anyon-chat\node_modules\next\dist\server\dev\next-dev-server.js:336:24)
    at async invokeRender (C:\Users\Han\Documents\SKKU 1st Grade\ANYON INTERFACE 2\anyon-chat\node_modules\next\dist\server\lib\router-server.js:182:21)
    at async handleRequest (C:\Users\Han\Documents\SKKU 1st Grade\ANYON INTERFACE 2\anyon-chat\node_modules\next\dist\server\lib\router-server.js:359:24)
    at async requestHandlerImpl (C:\Users\Han\Documents\SKKU 1st Grade\ANYON INTERFACE 2\anyon-chat\node_modules\next\dist\server\lib\router-server.js:383:13)
    at async Server.requestListener (C:\Users\Han\Documents\SKKU 1st Grade\ANYON INTERFACE 2\anyon-chat\node_modules\next\dist\server\lib\start-server.js:141:13) {
  [cause]: HeadersTimeoutError: Headers Timeout Error
      at FastTimer.onParserTimeout [as _onTimeout] (node:internal/deps/undici/undici:6249:32)
      at Timeout.onTick [as _onTimeout] (node:internal/deps/undici/undici:2210:17)
      at listOnTimeout (node:internal/timers:588:17)
      at process.processTimers (node:internal/timers:523:7) {
    code: 'UND_ERR_HEADERS_TIMEOUT'
  }
}



END ERROR


 POST /api/threads/search 500 in 305241ms
Error in proxy
TypeError: fetch failed
    at node:internal/deps/undici/undici:13510:13
    at async handleRequest (webpack-internal:///(rsc)/./src/app/api/[..._path]/route.ts:81:21)
    at async C:\Users\Han\Documents\SKKU 1st Grade\ANYON INTERFACE 2\anyon-chat\node_modules\next\dist\compiled\next-server\app-route.runtime.dev.js:6:57228
    at async eT.execute (C:\Users\Han\Documents\SKKU 1st Grade\ANYON INTERFACE 2\anyon-chat\node_modules\next\dist\compiled\next-server\app-route.runtime.dev.js:6:46851)
    at async eT.handle (C:\Users\Han\Documents\SKKU 1st Grade\ANYON INTERFACE 2\anyon-chat\node_modules\next\dist\compiled\next-server\app-route.runtime.dev.js:6:58760)
    at async doRender (C:\Users\Han\Documents\SKKU 1st Grade\ANYON INTERFACE 2\anyon-chat\node_modules\next\dist\server\base-server.js:1366:42)
    at async cacheEntry.responseCache.get.routeKind (C:\Users\Han\Documents\SKKU 1st Grade\ANYON INTERFACE 2\anyon-chat\node_modules\next\dist\server\base-server.js:1576:40)
    at async DevServer.renderToResponseWithComponentsImpl (C:\Users\Han\Documents\SKKU 1st Grade\ANYON INTERFACE 2\anyon-chat\node_modules\next\dist\server\base-server.js:1496:28)
    at async DevServer.renderPageComponent (C:\Users\Han\Documents\SKKU 1st Grade\ANYON INTERFACE 2\anyon-chat\node_modules\next\dist\server\base-server.js:1924:24)
    at async DevServer.renderToResponseImpl (C:\Users\Han\Documents\SKKU 1st Grade\ANYON INTERFACE 2\anyon-chat\node_modules\next\dist\server\base-server.js:1962:32)
    at async DevServer.pipeImpl (C:\Users\Han\Documents\SKKU 1st Grade\ANYON INTERFACE 2\anyon-chat\node_modules\next\dist\server\base-server.js:922:25)
    at async NextNodeServer.handleCatchallRenderRequest (C:\Users\Han\Documents\SKKU 1st Grade\ANYON INTERFACE 2\anyon-chat\node_modules\next\dist\server\next-server.js:272:17)
    at async DevServer.handleRequestImpl (C:\Users\Han\Documents\SKKU 1st Grade\ANYON INTERFACE 2\anyon-chat\node_modules\next\dist\server\base-server.js:818:17)
    at async C:\Users\Han\Documents\SKKU 1st Grade\ANYON INTERFACE 2\anyon-chat\node_modules\next\dist\server\dev\next-dev-server.js:339:20
    at async Span.traceAsyncFn (C:\Users\Han\Documents\SKKU 1st Grade\ANYON INTERFACE 2\anyon-chat\node_modules\next\dist\trace\trace.js:154:20)
    at async DevServer.handleRequest (C:\Users\Han\Documents\SKKU 1st Grade\ANYON INTERFACE 2\anyon-chat\node_modules\next\dist\server\dev\next-dev-server.js:336:24)
    at async invokeRender (C:\Users\Han\Documents\SKKU 1st Grade\ANYON INTERFACE 2\anyon-chat\node_modules\next\dist\server\lib\router-server.js:182:21)
    at async handleRequest (C:\Users\Han\Documents\SKKU 1st Grade\ANYON INTERFACE 2\anyon-chat\node_modules\next\dist\server\lib\router-server.js:359:24)
    at async requestHandlerImpl (C:\Users\Han\Documents\SKKU 1st Grade\ANYON INTERFACE 2\anyon-chat\node_modules\next\dist\server\lib\router-server.js:383:13)
    at async Server.requestListener (C:\Users\Han\Documents\SKKU 1st Grade\ANYON INTERFACE 2\anyon-chat\node_modules\next\dist\server\lib\start-server.js:141:13) {
  [cause]: HeadersTimeoutError: Headers Timeout Error
      at FastTimer.onParserTimeout [as _onTimeout] (node:internal/deps/undici/undici:6249:32)
      at Timeout.onTick [as _onTimeout] (node:internal/deps/undici/undici:2210:17)
      at listOnTimeout (node:internal/timers:588:17)
      at process.processTimers (node:internal/timers:523:7) {
    code: 'UND_ERR_HEADERS_TIMEOUT'
  }
}



END ERROR


 POST /api/threads/search 500 in 305658ms
Error in proxy
TypeError: fetch failed
    at node:internal/deps/undici/undici:13510:13
    at async handleRequest (webpack-internal:///(rsc)/./src/app/api/[..._path]/route.ts:81:21)
    at async C:\Users\Han\Documents\SKKU 1st Grade\ANYON INTERFACE 2\anyon-chat\node_modules\next\dist\compiled\next-server\app-route.runtime.dev.js:6:57228
    at async eT.execute (C:\Users\Han\Documents\SKKU 1st Grade\ANYON INTERFACE 2\anyon-chat\node_modules\next\dist\compiled\next-server\app-route.runtime.dev.js:6:46851)
    at async eT.handle (C:\Users\Han\Documents\SKKU 1st Grade\ANYON INTERFACE 2\anyon-chat\node_modules\next\dist\compiled\next-server\app-route.runtime.dev.js:6:58760)
    at async doRender (C:\Users\Han\Documents\SKKU 1st Grade\ANYON INTERFACE 2\anyon-chat\node_modules\next\dist\server\base-server.js:1366:42)
    at async cacheEntry.responseCache.get.routeKind (C:\Users\Han\Documents\SKKU 1st Grade\ANYON INTERFACE 2\anyon-chat\node_modules\next\dist\server\base-server.js:1576:40)
    at async DevServer.renderToResponseWithComponentsImpl (C:\Users\Han\Documents\SKKU 1st Grade\ANYON INTERFACE 2\anyon-chat\node_modules\next\dist\server\base-server.js:1496:28)
    at async DevServer.renderPageComponent (C:\Users\Han\Documents\SKKU 1st Grade\ANYON INTERFACE 2\anyon-chat\node_modules\next\dist\server\base-server.js:1924:24)
    at async DevServer.renderToResponseImpl (C:\Users\Han\Documents\SKKU 1st Grade\ANYON INTERFACE 2\anyon-chat\node_modules\next\dist\server\base-server.js:1962:32)
    at async DevServer.pipeImpl (C:\Users\Han\Documents\SKKU 1st Grade\ANYON INTERFACE 2\anyon-chat\node_modules\next\dist\server\base-server.js:922:25)
    at async NextNodeServer.handleCatchallRenderRequest (C:\Users\Han\Documents\SKKU 1st Grade\ANYON INTERFACE 2\anyon-chat\node_modules\next\dist\server\next-server.js:272:17)
    at async DevServer.handleRequestImpl (C:\Users\Han\Documents\SKKU 1st Grade\ANYON INTERFACE 2\anyon-chat\node_modules\next\dist\server\base-server.js:818:17)
    at async C:\Users\Han\Documents\SKKU 1st Grade\ANYON INTERFACE 2\anyon-chat\node_modules\next\dist\server\dev\next-dev-server.js:339:20
    at async Span.traceAsyncFn (C:\Users\Han\Documents\SKKU 1st Grade\ANYON INTERFACE 2\anyon-chat\node_modules\next\dist\trace\trace.js:154:20)
    at async DevServer.handleRequest (C:\Users\Han\Documents\SKKU 1st Grade\ANYON INTERFACE 2\anyon-chat\node_modules\next\dist\server\dev\next-dev-server.js:336:24)
    at async invokeRender (C:\Users\Han\Documents\SKKU 1st Grade\ANYON INTERFACE 2\anyon-chat\node_modules\next\dist\server\lib\router-server.js:182:21)
    at async handleRequest (C:\Users\Han\Documents\SKKU 1st Grade\ANYON INTERFACE 2\anyon-chat\node_modules\next\dist\server\lib\router-server.js:359:24)
    at async requestHandlerImpl (C:\Users\Han\Documents\SKKU 1st Grade\ANYON INTERFACE 2\anyon-chat\node_modules\next\dist\server\lib\router-server.js:383:13)
    at async Server.requestListener (C:\Users\Han\Documents\SKKU 1st Grade\ANYON INTERFACE 2\anyon-chat\node_modules\next\dist\server\lib\start-server.js:141:13) {
  [cause]: HeadersTimeoutError: Headers Timeout Error
      at FastTimer.onParserTimeout [as _onTimeout] (node:internal/deps/undici/undici:6249:32)
      at Timeout.onTick [as _onTimeout] (node:internal/deps/undici/undici:2210:17)
      at listOnTimeout (node:internal/timers:588:17)
      at process.processTimers (node:internal/timers:523:7) {
    code: 'UND_ERR_HEADERS_TIMEOUT'
  }
}



END ERROR


 POST /api/threads/search 500 in 305514ms
Using the user object as returned from supabase.auth.getSession() or from some supabase.auth.onAuthStateChange() events could be insecure! This value comes directly from the storage medium (usually cookies on the server) and may not be authentic. Use supabase.auth.getUser() instead which authenticates the data by contacting the Supabase Auth server.
Using the user object as returned from supabase.auth.getSession() or from some supabase.auth.onAuthStateChange() events could be insecure! This value comes directly from the storage medium (usually cookies on the server) and may not be authentic. Use supabase.auth.getUser() instead which authenticates the data by contacting the Supabase Auth server.
Using the user object as returned from supabase.auth.getSession() or from some supabase.auth.onAuthStateChange() events could be insecure! This value comes directly from the storage medium (usually cookies on the server) and may not be authentic. Use supabase.auth.getUser() instead which authenticates the data by contacting the Supabase Auth server.
Using the user object as returned from supabase.auth.getSession() or from some supabase.auth.onAuthStateChange() events could be insecure! This value comes directly from the storage medium (usually cookies on the server) and may not be authentic. Use supabase.auth.getUser() instead which authenticates the data by contacting the Supabase Auth server.
Using the user object as returned from supabase.auth.getSession() or from some supabase.auth.onAuthStateChange() events could be insecure! This value comes directly from the storage medium (usually cookies on the server) and may not be authentic. Use supabase.auth.getUser() instead which authenticates the data by contacting the Supabase Auth server.
Using the user object as returned from supabase.auth.getSession() or from some supabase.auth.onAuthStateChange() events could be insecure! This value comes directly from the storage medium (usually cookies on the server) and may not be authentic. Use supabase.auth.getUser() instead which authenticates the data by contacting the Supabase Auth server.
 ✓ Compiled in 2.8s (7980 modules)
 ✓ Compiled in 5.4s (12981 modules)
 ✓ Compiled in 2.9s (12983 modules)
Error in proxy
TypeError: fetch failed
    at node:internal/deps/undici/undici:13510:13
    at async handleRequest (webpack-internal:///(rsc)/./src/app/api/[..._path]/route.ts:81:21)
    at async C:\Users\Han\Documents\SKKU 1st Grade\ANYON INTERFACE 2\anyon-chat\node_modules\next\dist\compiled\next-server\app-route.runtime.dev.js:6:57228
    at async eT.execute (C:\Users\Han\Documents\SKKU 1st Grade\ANYON INTERFACE 2\anyon-chat\node_modules\next\dist\compiled\next-server\app-route.runtime.dev.js:6:46851)
    at async eT.handle (C:\Users\Han\Documents\SKKU 1st Grade\ANYON INTERFACE 2\anyon-chat\node_modules\next\dist\compiled\next-server\app-route.runtime.dev.js:6:58760)
    at async doRender (C:\Users\Han\Documents\SKKU 1st Grade\ANYON INTERFACE 2\anyon-chat\node_modules\next\dist\server\base-server.js:1366:42)
    at async cacheEntry.responseCache.get.routeKind (C:\Users\Han\Documents\SKKU 1st Grade\ANYON INTERFACE 2\anyon-chat\node_modules\next\dist\server\base-server.js:1576:40)
    at async DevServer.renderToResponseWithComponentsImpl (C:\Users\Han\Documents\SKKU 1st Grade\ANYON INTERFACE 2\anyon-chat\node_modules\next\dist\server\base-server.js:1496:28)
    at async DevServer.renderPageComponent (C:\Users\Han\Documents\SKKU 1st Grade\ANYON INTERFACE 2\anyon-chat\node_modules\next\dist\server\base-server.js:1924:24)
    at async DevServer.renderToResponseImpl (C:\Users\Han\Documents\SKKU 1st Grade\ANYON INTERFACE 2\anyon-chat\node_modules\next\dist\server\base-server.js:1962:32)
    at async DevServer.pipeImpl (C:\Users\Han\Documents\SKKU 1st Grade\ANYON INTERFACE 2\anyon-chat\node_modules\next\dist\server\base-server.js:922:25)
    at async NextNodeServer.handleCatchallRenderRequest (C:\Users\Han\Documents\SKKU 1st Grade\ANYON INTERFACE 2\anyon-chat\node_modules\next\dist\server\next-server.js:272:17)
    at async DevServer.handleRequestImpl (C:\Users\Han\Documents\SKKU 1st Grade\ANYON INTERFACE 2\anyon-chat\node_modules\next\dist\server\base-server.js:818:17)
    at async C:\Users\Han\Documents\SKKU 1st Grade\ANYON INTERFACE 2\anyon-chat\node_modules\next\dist\server\dev\next-dev-server.js:339:20
    at async Span.traceAsyncFn (C:\Users\Han\Documents\SKKU 1st Grade\ANYON INTERFACE 2\anyon-chat\node_modules\next\dist\trace\trace.js:154:20)
    at async DevServer.handleRequest (C:\Users\Han\Documents\SKKU 1st Grade\ANYON INTERFACE 2\anyon-chat\node_modules\next\dist\server\dev\next-dev-server.js:336:24)
    at async invokeRender (C:\Users\Han\Documents\SKKU 1st Grade\ANYON INTERFACE 2\anyon-chat\node_modules\next\dist\server\lib\router-server.js:182:21)
    at async handleRequest (C:\Users\Han\Documents\SKKU 1st Grade\ANYON INTERFACE 2\anyon-chat\node_modules\next\dist\server\lib\router-server.js:359:24)
    at async requestHandlerImpl (C:\Users\Han\Documents\SKKU 1st Grade\ANYON INTERFACE 2\anyon-chat\node_modules\next\dist\server\lib\router-server.js:383:13)
    at async Server.requestListener (C:\Users\Han\Documents\SKKU 1st Grade\ANYON INTERFACE 2\anyon-chat\node_modules\next\dist\server\lib\start-server.js:141:13) {
  [cause]: HeadersTimeoutError: Headers Timeout Error
      at FastTimer.onParserTimeout [as _onTimeout] (node:internal/deps/undici/undici:6249:32)
      at Timeout.onTick [as _onTimeout] (node:internal/deps/undici/undici:2210:17)
      at listOnTimeout (node:internal/timers:588:17)
      at process.processTimers (node:internal/timers:523:7) {
    code: 'UND_ERR_HEADERS_TIMEOUT'
  }
}



END ERROR


 POST /api/threads/search 500 in 322676ms
Error in proxy
TypeError: fetch failed
    at node:internal/deps/undici/undici:13510:13
    at async handleRequest (webpack-internal:///(rsc)/./src/app/api/[..._path]/route.ts:81:21)
    at async C:\Users\Han\Documents\SKKU 1st Grade\ANYON INTERFACE 2\anyon-chat\node_modules\next\dist\compiled\next-server\app-route.runtime.dev.js:6:57228
    at async eT.execute (C:\Users\Han\Documents\SKKU 1st Grade\ANYON INTERFACE 2\anyon-chat\node_modules\next\dist\compiled\next-server\app-route.runtime.dev.js:6:46851)
    at async eT.handle (C:\Users\Han\Documents\SKKU 1st Grade\ANYON INTERFACE 2\anyon-chat\node_modules\next\dist\compiled\next-server\app-route.runtime.dev.js:6:58760)
    at async doRender (C:\Users\Han\Documents\SKKU 1st Grade\ANYON INTERFACE 2\anyon-chat\node_modules\next\dist\server\base-server.js:1366:42)
    at async cacheEntry.responseCache.get.routeKind (C:\Users\Han\Documents\SKKU 1st Grade\ANYON INTERFACE 2\anyon-chat\node_modules\next\dist\server\base-server.js:1576:40)
    at async DevServer.renderToResponseWithComponentsImpl (C:\Users\Han\Documents\SKKU 1st Grade\ANYON INTERFACE 2\anyon-chat\node_modules\next\dist\server\base-server.js:1496:28)
    at async DevServer.renderPageComponent (C:\Users\Han\Documents\SKKU 1st Grade\ANYON INTERFACE 2\anyon-chat\node_modules\next\dist\server\base-server.js:1924:24)
    at async DevServer.renderToResponseImpl (C:\Users\Han\Documents\SKKU 1st Grade\ANYON INTERFACE 2\anyon-chat\node_modules\next\dist\server\base-server.js:1962:32)
    at async DevServer.pipeImpl (C:\Users\Han\Documents\SKKU 1st Grade\ANYON INTERFACE 2\anyon-chat\node_modules\next\dist\server\base-server.js:922:25)
    at async NextNodeServer.handleCatchallRenderRequest (C:\Users\Han\Documents\SKKU 1st Grade\ANYON INTERFACE 2\anyon-chat\node_modules\next\dist\server\next-server.js:272:17)
    at async DevServer.handleRequestImpl (C:\Users\Han\Documents\SKKU 1st Grade\ANYON INTERFACE 2\anyon-chat\node_modules\next\dist\server\base-server.js:818:17)
    at async C:\Users\Han\Documents\SKKU 1st Grade\ANYON INTERFACE 2\anyon-chat\node_modules\next\dist\server\dev\next-dev-server.js:339:20
    at async Span.traceAsyncFn (C:\Users\Han\Documents\SKKU 1st Grade\ANYON INTERFACE 2\anyon-chat\node_modules\next\dist\trace\trace.js:154:20)
    at async DevServer.handleRequest (C:\Users\Han\Documents\SKKU 1st Grade\ANYON INTERFACE 2\anyon-chat\node_modules\next\dist\server\dev\next-dev-server.js:336:24)
    at async invokeRender (C:\Users\Han\Documents\SKKU 1st Grade\ANYON INTERFACE 2\anyon-chat\node_modules\next\dist\server\lib\router-server.js:182:21)
    at async handleRequest (C:\Users\Han\Documents\SKKU 1st Grade\ANYON INTERFACE 2\anyon-chat\node_modules\next\dist\server\lib\router-server.js:359:24)
    at async requestHandlerImpl (C:\Users\Han\Documents\SKKU 1st Grade\ANYON INTERFACE 2\anyon-chat\node_modules\next\dist\server\lib\router-server.js:383:13)
    at async Server.requestListener (C:\Users\Han\Documents\SKKU 1st Grade\ANYON INTERFACE 2\anyon-chat\node_modules\next\dist\server\lib\start-server.js:141:13) {
  [cause]: HeadersTimeoutError: Headers Timeout Error
      at FastTimer.onParserTimeout [as _onTimeout] (node:internal/deps/undici/undici:6249:32)
      at Timeout.onTick [as _onTimeout] (node:internal/deps/undici/undici:2210:17)
      at listOnTimeout (node:internal/timers:588:17)
      at process.processTimers (node:internal/timers:523:7) {
    code: 'UND_ERR_HEADERS_TIMEOUT'
  }
}



END ERROR


 POST /api/assistants/search 500 in 322400ms
Error in proxy
TypeError: fetch failed
    at node:internal/deps/undici/undici:13510:13
    at async handleRequest (webpack-internal:///(rsc)/./src/app/api/[..._path]/route.ts:81:21)
    at async C:\Users\Han\Documents\SKKU 1st Grade\ANYON INTERFACE 2\anyon-chat\node_modules\next\dist\compiled\next-server\app-route.runtime.dev.js:6:57228
    at async eT.execute (C:\Users\Han\Documents\SKKU 1st Grade\ANYON INTERFACE 2\anyon-chat\node_modules\next\dist\compiled\next-server\app-route.runtime.dev.js:6:46851)
    at async eT.handle (C:\Users\Han\Documents\SKKU 1st Grade\ANYON INTERFACE 2\anyon-chat\node_modules\next\dist\compiled\next-server\app-route.runtime.dev.js:6:58760)
    at async doRender (C:\Users\Han\Documents\SKKU 1st Grade\ANYON INTERFACE 2\anyon-chat\node_modules\next\dist\server\base-server.js:1366:42)
    at async cacheEntry.responseCache.get.routeKind (C:\Users\Han\Documents\SKKU 1st Grade\ANYON INTERFACE 2\anyon-chat\node_modules\next\dist\server\base-server.js:1576:40)
    at async DevServer.renderToResponseWithComponentsImpl (C:\Users\Han\Documents\SKKU 1st Grade\ANYON INTERFACE 2\anyon-chat\node_modules\next\dist\server\base-server.js:1496:28)
    at async DevServer.renderPageComponent (C:\Users\Han\Documents\SKKU 1st Grade\ANYON INTERFACE 2\anyon-chat\node_modules\next\dist\server\base-server.js:1924:24)
    at async DevServer.renderToResponseImpl (C:\Users\Han\Documents\SKKU 1st Grade\ANYON INTERFACE 2\anyon-chat\node_modules\next\dist\server\base-server.js:1962:32)
    at async DevServer.pipeImpl (C:\Users\Han\Documents\SKKU 1st Grade\ANYON INTERFACE 2\anyon-chat\node_modules\next\dist\server\base-server.js:922:25)
    at async NextNodeServer.handleCatchallRenderRequest (C:\Users\Han\Documents\SKKU 1st Grade\ANYON INTERFACE 2\anyon-chat\node_modules\next\dist\server\next-server.js:272:17)
    at async DevServer.handleRequestImpl (C:\Users\Han\Documents\SKKU 1st Grade\ANYON INTERFACE 2\anyon-chat\node_modules\next\dist\server\base-server.js:818:17)
    at async C:\Users\Han\Documents\SKKU 1st Grade\ANYON INTERFACE 2\anyon-chat\node_modules\next\dist\server\dev\next-dev-server.js:339:20
    at async Span.traceAsyncFn (C:\Users\Han\Documents\SKKU 1st Grade\ANYON INTERFACE 2\anyon-chat\node_modules\next\dist\trace\trace.js:154:20)
    at async DevServer.handleRequest (C:\Users\Han\Documents\SKKU 1st Grade\ANYON INTERFACE 2\anyon-chat\node_modules\next\dist\server\dev\next-dev-server.js:336:24)
    at async invokeRender (C:\Users\Han\Documents\SKKU 1st Grade\ANYON INTERFACE 2\anyon-chat\node_modules\next\dist\server\lib\router-server.js:182:21)
    at async handleRequest (C:\Users\Han\Documents\SKKU 1st Grade\ANYON INTERFACE 2\anyon-chat\node_modules\next\dist\server\lib\router-server.js:359:24)
    at async requestHandlerImpl (C:\Users\Han\Documents\SKKU 1st Grade\ANYON INTERFACE 2\anyon-chat\node_modules\next\dist\server\lib\router-server.js:383:13)
    at async Server.requestListener (C:\Users\Han\Documents\SKKU 1st Grade\ANYON INTERFACE 2\anyon-chat\node_modules\next\dist\server\lib\start-server.js:141:13) {
  [cause]: HeadersTimeoutError: Headers Timeout Error
      at FastTimer.onParserTimeout [as _onTimeout] (node:internal/deps/undici/undici:6249:32)
      at Timeout.onTick [as _onTimeout] (node:internal/deps/undici/undici:2210:17)
      at listOnTimeout (node:internal/timers:588:17)
      at process.processTimers (node:internal/timers:523:7) {
    code: 'UND_ERR_HEADERS_TIMEOUT'
  }
}



END ERROR


 POST /api/assistants/search 500 in 322679ms
Error in proxy
TypeError: fetch failed
    at node:internal/deps/undici/undici:13510:13
    at async handleRequest (webpack-internal:///(rsc)/./src/app/api/[..._path]/route.ts:81:21)
    at async C:\Users\Han\Documents\SKKU 1st Grade\ANYON INTERFACE 2\anyon-chat\node_modules\next\dist\compiled\next-server\app-route.runtime.dev.js:6:57228
    at async eT.execute (C:\Users\Han\Documents\SKKU 1st Grade\ANYON INTERFACE 2\anyon-chat\node_modules\next\dist\compiled\next-server\app-route.runtime.dev.js:6:46851)
    at async eT.handle (C:\Users\Han\Documents\SKKU 1st Grade\ANYON INTERFACE 2\anyon-chat\node_modules\next\dist\compiled\next-server\app-route.runtime.dev.js:6:58760)
    at async doRender (C:\Users\Han\Documents\SKKU 1st Grade\ANYON INTERFACE 2\anyon-chat\node_modules\next\dist\server\base-server.js:1366:42)
    at async cacheEntry.responseCache.get.routeKind (C:\Users\Han\Documents\SKKU 1st Grade\ANYON INTERFACE 2\anyon-chat\node_modules\next\dist\server\base-server.js:1576:40)
    at async DevServer.renderToResponseWithComponentsImpl (C:\Users\Han\Documents\SKKU 1st Grade\ANYON INTERFACE 2\anyon-chat\node_modules\next\dist\server\base-server.js:1496:28)
    at async DevServer.renderPageComponent (C:\Users\Han\Documents\SKKU 1st Grade\ANYON INTERFACE 2\anyon-chat\node_modules\next\dist\server\base-server.js:1924:24)
    at async DevServer.renderToResponseImpl (C:\Users\Han\Documents\SKKU 1st Grade\ANYON INTERFACE 2\anyon-chat\node_modules\next\dist\server\base-server.js:1962:32)
    at async DevServer.pipeImpl (C:\Users\Han\Documents\SKKU 1st Grade\ANYON INTERFACE 2\anyon-chat\node_modules\next\dist\server\base-server.js:922:25)
    at async NextNodeServer.handleCatchallRenderRequest (C:\Users\Han\Documents\SKKU 1st Grade\ANYON INTERFACE 2\anyon-chat\node_modules\next\dist\server\next-server.js:272:17)
    at async DevServer.handleRequestImpl (C:\Users\Han\Documents\SKKU 1st Grade\ANYON INTERFACE 2\anyon-chat\node_modules\next\dist\server\base-server.js:818:17)
    at async C:\Users\Han\Documents\SKKU 1st Grade\ANYON INTERFACE 2\anyon-chat\node_modules\next\dist\server\dev\next-dev-server.js:339:20
    at async Span.traceAsyncFn (C:\Users\Han\Documents\SKKU 1st Grade\ANYON INTERFACE 2\anyon-chat\node_modules\next\dist\trace\trace.js:154:20)
    at async DevServer.handleRequest (C:\Users\Han\Documents\SKKU 1st Grade\ANYON INTERFACE 2\anyon-chat\node_modules\next\dist\server\dev\next-dev-server.js:336:24)
    at async invokeRender (C:\Users\Han\Documents\SKKU 1st Grade\ANYON INTERFACE 2\anyon-chat\node_modules\next\dist\server\lib\router-server.js:182:21)
    at async handleRequest (C:\Users\Han\Documents\SKKU 1st Grade\ANYON INTERFACE 2\anyon-chat\node_modules\next\dist\server\lib\router-server.js:359:24)
    at async requestHandlerImpl (C:\Users\Han\Documents\SKKU 1st Grade\ANYON INTERFACE 2\anyon-chat\node_modules\next\dist\server\lib\router-server.js:383:13)
    at async Server.requestListener (C:\Users\Han\Documents\SKKU 1st Grade\ANYON INTERFACE 2\anyon-chat\node_modules\next\dist\server\lib\start-server.js:141:13) {
  [cause]: HeadersTimeoutError: Headers Timeout Error
      at FastTimer.onParserTimeout [as _onTimeout] (node:internal/deps/undici/undici:6249:32)
      at Timeout.onTick [as _onTimeout] (node:internal/deps/undici/undici:2210:17)
      at listOnTimeout (node:internal/timers:588:17)
      at process.processTimers (node:internal/timers:523:7) {
    code: 'UND_ERR_HEADERS_TIMEOUT'
  }
}



END ERROR


 POST /api/threads/search 500 in 322195ms
 ○ Compiling /_not-found ...
Error in proxy
TypeError: fetch failed
    at node:internal/deps/undici/undici:13510:13
    at async handleRequest (webpack-internal:///(rsc)/./src/app/api/[..._path]/route.ts:81:21)
    at async C:\Users\Han\Documents\SKKU 1st Grade\ANYON INTERFACE 2\anyon-chat\node_modules\next\dist\compiled\next-server\app-route.runtime.dev.js:6:57228
    at async eT.execute (C:\Users\Han\Documents\SKKU 1st Grade\ANYON INTERFACE 2\anyon-chat\node_modules\next\dist\compiled\next-server\app-route.runtime.dev.js:6:46851)
    at async eT.handle (C:\Users\Han\Documents\SKKU 1st Grade\ANYON INTERFACE 2\anyon-chat\node_modules\next\dist\compiled\next-server\app-route.runtime.dev.js:6:58760)
    at async doRender (C:\Users\Han\Documents\SKKU 1st Grade\ANYON INTERFACE 2\anyon-chat\node_modules\next\dist\server\base-server.js:1366:42)
    at async cacheEntry.responseCache.get.routeKind (C:\Users\Han\Documents\SKKU 1st Grade\ANYON INTERFACE 2\anyon-chat\node_modules\next\dist\server\base-server.js:1576:40)
    at async DevServer.renderToResponseWithComponentsImpl (C:\Users\Han\Documents\SKKU 1st Grade\ANYON INTERFACE 2\anyon-chat\node_modules\next\dist\server\base-server.js:1496:28)
    at async DevServer.renderPageComponent (C:\Users\Han\Documents\SKKU 1st Grade\ANYON INTERFACE 2\anyon-chat\node_modules\next\dist\server\base-server.js:1924:24)
    at async DevServer.renderToResponseImpl (C:\Users\Han\Documents\SKKU 1st Grade\ANYON INTERFACE 2\anyon-chat\node_modules\next\dist\server\base-server.js:1962:32)
    at async DevServer.pipeImpl (C:\Users\Han\Documents\SKKU 1st Grade\ANYON INTERFACE 2\anyon-chat\node_modules\next\dist\server\base-server.js:922:25)
    at async NextNodeServer.handleCatchallRenderRequest (C:\Users\Han\Documents\SKKU 1st Grade\ANYON INTERFACE 2\anyon-chat\node_modules\next\dist\server\next-server.js:272:17)
    at async DevServer.handleRequestImpl (C:\Users\Han\Documents\SKKU 1st Grade\ANYON INTERFACE 2\anyon-chat\node_modules\next\dist\server\base-server.js:818:17)
    at async C:\Users\Han\Documents\SKKU 1st Grade\ANYON INTERFACE 2\anyon-chat\node_modules\next\dist\server\dev\next-dev-server.js:339:20
    at async Span.traceAsyncFn (C:\Users\Han\Documents\SKKU 1st Grade\ANYON INTERFACE 2\anyon-chat\node_modules\next\dist\trace\trace.js:154:20)
    at async DevServer.handleRequest (C:\Users\Han\Documents\SKKU 1st Grade\ANYON INTERFACE 2\anyon-chat\node_modules\next\dist\server\dev\next-dev-server.js:336:24)
    at async invokeRender (C:\Users\Han\Documents\SKKU 1st Grade\ANYON INTERFACE 2\anyon-chat\node_modules\next\dist\server\lib\router-server.js:182:21)
    at async handleRequest (C:\Users\Han\Documents\SKKU 1st Grade\ANYON INTERFACE 2\anyon-chat\node_modules\next\dist\server\lib\router-server.js:359:24)
    at async requestHandlerImpl (C:\Users\Han\Documents\SKKU 1st Grade\ANYON INTERFACE 2\anyon-chat\node_modules\next\dist\server\lib\router-server.js:383:13)
    at async Server.requestListener (C:\Users\Han\Documents\SKKU 1st Grade\ANYON INTERFACE 2\anyon-chat\node_modules\next\dist\server\lib\start-server.js:141:13) {
  [cause]: HeadersTimeoutError: Headers Timeout Error
      at FastTimer.onParserTimeout [as _onTimeout] (node:internal/deps/undici/undici:6249:32)
      at Timeout.onTick [as _onTimeout] (node:internal/deps/undici/undici:2210:17)
      at listOnTimeout (node:internal/timers:588:17)
      at process.processTimers (node:internal/timers:523:7) {
    code: 'UND_ERR_HEADERS_TIMEOUT'
  }
}



END ERROR


 POST /api/threads/search 500 in 323049ms
Error in proxy
TypeError: fetch failed
    at node:internal/deps/undici/undici:13510:13
    at async handleRequest (webpack-internal:///(rsc)/./src/app/api/[..._path]/route.ts:81:21)
    at async C:\Users\Han\Documents\SKKU 1st Grade\ANYON INTERFACE 2\anyon-chat\node_modules\next\dist\compiled\next-server\app-route.runtime.dev.js:6:57228
    at async eT.execute (C:\Users\Han\Documents\SKKU 1st Grade\ANYON INTERFACE 2\anyon-chat\node_modules\next\dist\compiled\next-server\app-route.runtime.dev.js:6:46851)
    at async eT.handle (C:\Users\Han\Documents\SKKU 1st Grade\ANYON INTERFACE 2\anyon-chat\node_modules\next\dist\compiled\next-server\app-route.runtime.dev.js:6:58760)
    at async doRender (C:\Users\Han\Documents\SKKU 1st Grade\ANYON INTERFACE 2\anyon-chat\node_modules\next\dist\server\base-server.js:1366:42)
    at async cacheEntry.responseCache.get.routeKind (C:\Users\Han\Documents\SKKU 1st Grade\ANYON INTERFACE 2\anyon-chat\node_modules\next\dist\server\base-server.js:1576:40)
    at async DevServer.renderToResponseWithComponentsImpl (C:\Users\Han\Documents\SKKU 1st Grade\ANYON INTERFACE 2\anyon-chat\node_modules\next\dist\server\base-server.js:1496:28)
    at async DevServer.renderPageComponent (C:\Users\Han\Documents\SKKU 1st Grade\ANYON INTERFACE 2\anyon-chat\node_modules\next\dist\server\base-server.js:1924:24)
    at async DevServer.renderToResponseImpl (C:\Users\Han\Documents\SKKU 1st Grade\ANYON INTERFACE 2\anyon-chat\node_modules\next\dist\server\base-server.js:1962:32)
    at async DevServer.pipeImpl (C:\Users\Han\Documents\SKKU 1st Grade\ANYON INTERFACE 2\anyon-chat\node_modules\next\dist\server\base-server.js:922:25)
    at async NextNodeServer.handleCatchallRenderRequest (C:\Users\Han\Documents\SKKU 1st Grade\ANYON INTERFACE 2\anyon-chat\node_modules\next\dist\server\next-server.js:272:17)
    at async DevServer.handleRequestImpl (C:\Users\Han\Documents\SKKU 1st Grade\ANYON INTERFACE 2\anyon-chat\node_modules\next\dist\server\base-server.js:818:17)
    at async C:\Users\Han\Documents\SKKU 1st Grade\ANYON INTERFACE 2\anyon-chat\node_modules\next\dist\server\dev\next-dev-server.js:339:20
    at async Span.traceAsyncFn (C:\Users\Han\Documents\SKKU 1st Grade\ANYON INTERFACE 2\anyon-chat\node_modules\next\dist\trace\trace.js:154:20)
    at async DevServer.handleRequest (C:\Users\Han\Documents\SKKU 1st Grade\ANYON INTERFACE 2\anyon-chat\node_modules\next\dist\server\dev\next-dev-server.js:336:24)
    at async invokeRender (C:\Users\Han\Documents\SKKU 1st Grade\ANYON INTERFACE 2\anyon-chat\node_modules\next\dist\server\lib\router-server.js:182:21)
    at async handleRequest (C:\Users\Han\Documents\SKKU 1st Grade\ANYON INTERFACE 2\anyon-chat\node_modules\next\dist\server\lib\router-server.js:359:24)
    at async requestHandlerImpl (C:\Users\Han\Documents\SKKU 1st Grade\ANYON INTERFACE 2\anyon-chat\node_modules\next\dist\server\lib\router-server.js:383:13)
    at async Server.requestListener (C:\Users\Han\Documents\SKKU 1st Grade\ANYON INTERFACE 2\anyon-chat\node_modules\next\dist\server\lib\start-server.js:141:13) {
  [cause]: HeadersTimeoutError: Headers Timeout Error
      at FastTimer.onParserTimeout [as _onTimeout] (node:internal/deps/undici/undici:6249:32)
      at Timeout.onTick [as _onTimeout] (node:internal/deps/undici/undici:2210:17)
      at listOnTimeout (node:internal/timers:588:17)
      at process.processTimers (node:internal/timers:523:7) {
    code: 'UND_ERR_HEADERS_TIMEOUT'
  }
}



END ERROR


 POST /api/threads/search 500 in 323053ms
 ✓ Compiled /api/[..._path] in 4.7s (13098 modules)
 ⨯ Error: Cannot find module './4522.js'
Require stack:
- C:\Users\Han\Documents\SKKU 1st Grade\ANYON INTERFACE 2\anyon-chat\apps\web\.next\server\webpack-runtime.js
- C:\Users\Han\Documents\SKKU 1st Grade\ANYON INTERFACE 2\anyon-chat\apps\web\.next\server\app\_not-found\page.js
- C:\Users\Han\Documents\SKKU 1st Grade\ANYON INTERFACE 2\anyon-chat\node_modules\next\dist\server\require.js
- C:\Users\Han\Documents\SKKU 1st Grade\ANYON INTERFACE 2\anyon-chat\node_modules\next\dist\server\load-components.js
- C:\Users\Han\Documents\SKKU 1st Grade\ANYON INTERFACE 2\anyon-chat\node_modules\next\dist\build\utils.js
- C:\Users\Han\Documents\SKKU 1st Grade\ANYON INTERFACE 2\anyon-chat\node_modules\next\dist\server\dev\hot-middleware.js
- C:\Users\Han\Documents\SKKU 1st Grade\ANYON INTERFACE 2\anyon-chat\node_modules\next\dist\server\dev\hot-reloader-webpack.js
- C:\Users\Han\Documents\SKKU 1st Grade\ANYON INTERFACE 2\anyon-chat\node_modules\next\dist\server\lib\router-utils\setup-dev-bundler.js
- C:\Users\Han\Documents\SKKU 1st Grade\ANYON INTERFACE 2\anyon-chat\node_modules\next\dist\server\lib\router-server.js
- C:\Users\Han\Documents\SKKU 1st Grade\ANYON INTERFACE 2\anyon-chat\node_modules\next\dist\server\lib\start-server.js
    at Function.<anonymous> (node:internal/modules/cjs/loader:1383:15)
    at C:\Users\Han\Documents\SKKU 1st Grade\ANYON INTERFACE 2\anyon-chat\node_modules\next\dist\server\require-hook.js:55:36
    at defaultResolveImpl (node:internal/modules/cjs/loader:1025:19)
    at resolveForCJSWithHooks (node:internal/modules/cjs/loader:1030:22)
    at Function._load (node:internal/modules/cjs/loader:1192:37)
    at TracingChannel.traceSync (node:diagnostics_channel:322:14)
    at wrapModuleLoad (node:internal/modules/cjs/loader:237:24)
    at Module.<anonymous> (node:internal/modules/cjs/loader:1463:12)
    at mod.require (C:\Users\Han\Documents\SKKU 1st Grade\ANYON INTERFACE 2\anyon-chat\node_modules\next\dist\server\require-hook.js:65:28)
    at require (node:internal/modules/helpers:147:16)
    at __webpack_require__.f.require (C:\Users\Han\Documents\SKKU 1st Grade\ANYON INTERFACE 2\anyon-chat\apps\web\.next\server\webpack-runtime.js:213:28)
    at C:\Users\Han\Documents\SKKU 1st Grade\ANYON INTERFACE 2\anyon-chat\apps\web\.next\server\webpack-runtime.js:116:40
    at Array.reduce (<anonymous>)
    at __webpack_require__.e (C:\Users\Han\Documents\SKKU 1st Grade\ANYON INTERFACE 2\anyon-chat\apps\web\.next\server\webpack-runtime.js:115:67)
    at Array.map (<anonymous>)
    at __webpack_require__.X (C:\Users\Han\Documents\SKKU 1st Grade\ANYON INTERFACE 2\anyon-chat\apps\web\.next\server\webpack-runtime.js:167:22)
    at C:\Users\Han\Documents\SKKU 1st Grade\ANYON INTERFACE 2\anyon-chat\apps\web\.next\server\app\_not-found\page.js:1:3767
    at Object.<anonymous> (C:\Users\Han\Documents\SKKU 1st Grade\ANYON INTERFACE 2\anyon-chat\apps\web\.next\server\app\_not-found\page.js:1:3814)
    at Module._compile (node:internal/modules/cjs/loader:1706:14)
    at Object..js (node:internal/modules/cjs/loader:1839:10)
    at Module.load (node:internal/modules/cjs/loader:1441:32)
    at Function._load (node:internal/modules/cjs/loader:1263:12)
    at TracingChannel.traceSync (node:diagnostics_channel:322:14)
    at wrapModuleLoad (node:internal/modules/cjs/loader:237:24)
    at Module.<anonymous> (node:internal/modules/cjs/loader:1463:12)
    at mod.require (C:\Users\Han\Documents\SKKU 1st Grade\ANYON INTERFACE 2\anyon-chat\node_modules\next\dist\server\require-hook.js:65:28)
    at require (node:internal/modules/helpers:147:16)
    at requirePage (C:\Users\Han\Documents\SKKU 1st Grade\ANYON INTERFACE 2\anyon-chat\node_modules\next\dist\server\require.js:109:84)
    at C:\Users\Han\Documents\SKKU 1st Grade\ANYON INTERFACE 2\anyon-chat\node_modules\next\dist\server\load-components.js:103:84
    at async loadComponentsImpl (C:\Users\Han\Documents\SKKU 1st Grade\ANYON INTERFACE 2\anyon-chat\node_modules\next\dist\server\load-components.js:103:26)
    at async DevServer.findPageComponentsImpl (C:\Users\Han\Documents\SKKU 1st Grade\ANYON INTERFACE 2\anyon-chat\node_modules\next\dist\server\next-server.js:714:36)
    at async DevServer.findPageComponents (C:\Users\Han\Documents\SKKU 1st Grade\ANYON INTERFACE 2\anyon-chat\node_modules\next\dist\server\dev\next-dev-server.js:577:20)
    at async DevServer.renderErrorToResponseImpl (C:\Users\Han\Documents\SKKU 1st Grade\ANYON INTERFACE 2\anyon-chat\node_modules\next\dist\server\base-server.js:2090:30)
    at async DevServer.pipeImpl (C:\Users\Han\Documents\SKKU 1st Grade\ANYON INTERFACE 2\anyon-chat\node_modules\next\dist\server\base-server.js:922:25)
    at async NextNodeServer.handleCatchallRenderRequest (C:\Users\Han\Documents\SKKU 1st Grade\ANYON INTERFACE 2\anyon-chat\node_modules\next\dist\server\next-server.js:272:17)
    at async DevServer.handleRequestImpl (C:\Users\Han\Documents\SKKU 1st Grade\ANYON INTERFACE 2\anyon-chat\node_modules\next\dist\server\base-server.js:818:17)
    at async C:\Users\Han\Documents\SKKU 1st Grade\ANYON INTERFACE 2\anyon-chat\node_modules\next\dist\server\dev\next-dev-server.js:339:20
    at async Span.traceAsyncFn (C:\Users\Han\Documents\SKKU 1st Grade\ANYON INTERFACE 2\anyon-chat\node_modules\next\dist\trace\trace.js:154:20)
    at async DevServer.handleRequest (C:\Users\Han\Documents\SKKU 1st Grade\ANYON INTERFACE 2\anyon-chat\node_modules\next\dist\server\dev\next-dev-server.js:336:24)
    at async invokeRender (C:\Users\Han\Documents\SKKU 1st Grade\ANYON INTERFACE 2\anyon-chat\node_modules\next\dist\server\lib\router-server.js:182:21)
    at async handleRequest (C:\Users\Han\Documents\SKKU 1st Grade\ANYON INTERFACE 2\anyon-chat\node_modules\next\dist\server\lib\router-server.js:359:24)
    at async requestHandlerImpl (C:\Users\Han\Documents\SKKU 1st Grade\ANYON INTERFACE 2\anyon-chat\node_modules\next\dist\server\lib\router-server.js:383:13)
    at async Server.requestListener (C:\Users\Han\Documents\SKKU 1st Grade\ANYON INTERFACE 2\anyon-chat\node_modules\next\dist\server\lib\start-server.js:141:13) {
  code: 'MODULE_NOT_FOUND',
  requireStack: [
    'C:\\Users\\Han\\Documents\\SKKU 1st Grade\\ANYON INTERFACE 2\\anyon-chat\\apps\\web\\.next\\server\\webpack-runtime.js',
    'C:\\Users\\Han\\Documents\\SKKU 1st Grade\\ANYON INTERFACE 2\\anyon-chat\\apps\\web\\.next\\server\\app\\_not-found\\page.js',
    'C:\\Users\\Han\\Documents\\SKKU 1st Grade\\ANYON INTERFACE 2\\anyon-chat\\node_modules\\next\\dist\\server\\require.js',
    'C:\\Users\\Han\\Documents\\SKKU 1st Grade\\ANYON INTERFACE 2\\anyon-chat\\node_modules\\next\\dist\\server\\load-components.js',
    'C:\\Users\\Han\\Documents\\SKKU 1st Grade\\ANYON INTERFACE 2\\anyon-chat\\node_modules\\next\\dist\\build\\utils.js',
    'C:\\Users\\Han\\Documents\\SKKU 1st Grade\\ANYON INTERFACE 2\\anyon-chat\\node_modules\\next\\dist\\server\\dev\\hot-middleware.js',
    'C:\\Users\\Han\\Documents\\SKKU 1st Grade\\ANYON INTERFACE 2\\anyon-chat\\node_modules\\next\\dist\\server\\dev\\hot-reloader-webpack.js',
    'C:\\Users\\Han\\Documents\\SKKU 1st Grade\\ANYON INTERFACE 2\\anyon-chat\\node_modules\\next\\dist\\server\\lib\\router-utils\\setup-dev-bundler.js',
    'C:\\Users\\Han\\Documents\\SKKU 1st Grade\\ANYON INTERFACE 2\\anyon-chat\\node_modules\\next\\dist\\server\\lib\\router-server.js',
    'C:\\Users\\Han\\Documents\\SKKU 1st Grade\\ANYON INTERFACE 2\\anyon-chat\\node_modules\\next\\dist\\server\\lib\\start-server.js'
  ]
}
 ⨯ Error: Cannot find module './4522.js'
Require stack:
- C:\Users\Han\Documents\SKKU 1st Grade\ANYON INTERFACE 2\anyon-chat\apps\web\.next\server\webpack-runtime.js
- C:\Users\Han\Documents\SKKU 1st Grade\ANYON INTERFACE 2\anyon-chat\apps\web\.next\server\app\_not-found\page.js
- C:\Users\Han\Documents\SKKU 1st Grade\ANYON INTERFACE 2\anyon-chat\node_modules\next\dist\server\require.js
- C:\Users\Han\Documents\SKKU 1st Grade\ANYON INTERFACE 2\anyon-chat\node_modules\next\dist\server\load-components.js
- C:\Users\Han\Documents\SKKU 1st Grade\ANYON INTERFACE 2\anyon-chat\node_modules\next\dist\build\utils.js
- C:\Users\Han\Documents\SKKU 1st Grade\ANYON INTERFACE 2\anyon-chat\node_modules\next\dist\server\dev\hot-middleware.js
- C:\Users\Han\Documents\SKKU 1st Grade\ANYON INTERFACE 2\anyon-chat\node_modules\next\dist\server\dev\hot-reloader-webpack.js
- C:\Users\Han\Documents\SKKU 1st Grade\ANYON INTERFACE 2\anyon-chat\node_modules\next\dist\server\lib\router-utils\setup-dev-bundler.js
- C:\Users\Han\Documents\SKKU 1st Grade\ANYON INTERFACE 2\anyon-chat\node_modules\next\dist\server\lib\router-server.js
- C:\Users\Han\Documents\SKKU 1st Grade\ANYON INTERFACE 2\anyon-chat\node_modules\next\dist\server\lib\start-server.js
    at Function.<anonymous> (node:internal/modules/cjs/loader:1383:15)
    at C:\Users\Han\Documents\SKKU 1st Grade\ANYON INTERFACE 2\anyon-chat\node_modules\next\dist\server\require-hook.js:55:36
    at defaultResolveImpl (node:internal/modules/cjs/loader:1025:19)
    at resolveForCJSWithHooks (node:internal/modules/cjs/loader:1030:22)
    at Function._load (node:internal/modules/cjs/loader:1192:37)
    at TracingChannel.traceSync (node:diagnostics_channel:322:14)
    at wrapModuleLoad (node:internal/modules/cjs/loader:237:24)
    at Module.<anonymous> (node:internal/modules/cjs/loader:1463:12)
    at mod.require (C:\Users\Han\Documents\SKKU 1st Grade\ANYON INTERFACE 2\anyon-chat\node_modules\next\dist\server\require-hook.js:65:28)
    at require (node:internal/modules/helpers:147:16)
    at __webpack_require__.f.require (C:\Users\Han\Documents\SKKU 1st Grade\ANYON INTERFACE 2\anyon-chat\apps\web\.next\server\webpack-runtime.js:213:28)
    at C:\Users\Han\Documents\SKKU 1st Grade\ANYON INTERFACE 2\anyon-chat\apps\web\.next\server\webpack-runtime.js:116:40
    at Array.reduce (<anonymous>)
    at __webpack_require__.e (C:\Users\Han\Documents\SKKU 1st Grade\ANYON INTERFACE 2\anyon-chat\apps\web\.next\server\webpack-runtime.js:115:67)
    at Array.map (<anonymous>)
    at __webpack_require__.X (C:\Users\Han\Documents\SKKU 1st Grade\ANYON INTERFACE 2\anyon-chat\apps\web\.next\server\webpack-runtime.js:167:22)
    at C:\Users\Han\Documents\SKKU 1st Grade\ANYON INTERFACE 2\anyon-chat\apps\web\.next\server\app\_not-found\page.js:1:3767
    at Object.<anonymous> (C:\Users\Han\Documents\SKKU 1st Grade\ANYON INTERFACE 2\anyon-chat\apps\web\.next\server\app\_not-found\page.js:1:3814)
    at Module._compile (node:internal/modules/cjs/loader:1706:14)
    at Object..js (node:internal/modules/cjs/loader:1839:10)
    at Module.load (node:internal/modules/cjs/loader:1441:32)
    at Function._load (node:internal/modules/cjs/loader:1263:12)
    at TracingChannel.traceSync (node:diagnostics_channel:322:14)
    at wrapModuleLoad (node:internal/modules/cjs/loader:237:24)
    at Module.<anonymous> (node:internal/modules/cjs/loader:1463:12)
    at mod.require (C:\Users\Han\Documents\SKKU 1st Grade\ANYON INTERFACE 2\anyon-chat\node_modules\next\dist\server\require-hook.js:65:28)
    at require (node:internal/modules/helpers:147:16)
    at requirePage (C:\Users\Han\Documents\SKKU 1st Grade\ANYON INTERFACE 2\anyon-chat\node_modules\next\dist\server\require.js:109:84)
    at C:\Users\Han\Documents\SKKU 1st Grade\ANYON INTERFACE 2\anyon-chat\node_modules\next\dist\server\load-components.js:103:84
    at async loadComponentsImpl (C:\Users\Han\Documents\SKKU 1st Grade\ANYON INTERFACE 2\anyon-chat\node_modules\next\dist\server\load-components.js:103:26)
    at async DevServer.findPageComponentsImpl (C:\Users\Han\Documents\SKKU 1st Grade\ANYON INTERFACE 2\anyon-chat\node_modules\next\dist\server\next-server.js:714:36)
    at async DevServer.findPageComponents (C:\Users\Han\Documents\SKKU 1st Grade\ANYON INTERFACE 2\anyon-chat\node_modules\next\dist\server\dev\next-dev-server.js:577:20)
    at async DevServer.renderErrorToResponseImpl (C:\Users\Han\Documents\SKKU 1st Grade\ANYON INTERFACE 2\anyon-chat\node_modules\next\dist\server\base-server.js:2090:30)
    at async pipe.req.req (C:\Users\Han\Documents\SKKU 1st Grade\ANYON INTERFACE 2\anyon-chat\node_modules\next\dist\server\base-server.js:2056:30)
    at async DevServer.pipeImpl (C:\Users\Han\Documents\SKKU 1st Grade\ANYON INTERFACE 2\anyon-chat\node_modules\next\dist\server\base-server.js:922:25)
    at async C:\Users\Han\Documents\SKKU 1st Grade\ANYON INTERFACE 2\anyon-chat\node_modules\next\dist\server\dev\next-dev-server.js:339:20
    at async Span.traceAsyncFn (C:\Users\Han\Documents\SKKU 1st Grade\ANYON INTERFACE 2\anyon-chat\node_modules\next\dist\trace\trace.js:154:20)
    at async DevServer.handleRequest (C:\Users\Han\Documents\SKKU 1st Grade\ANYON INTERFACE 2\anyon-chat\node_modules\next\dist\server\dev\next-dev-server.js:336:24)
    at async invokeRender (C:\Users\Han\Documents\SKKU 1st Grade\ANYON INTERFACE 2\anyon-chat\node_modules\next\dist\server\lib\router-server.js:182:21)
    at async handleRequest (C:\Users\Han\Documents\SKKU 1st Grade\ANYON INTERFACE 2\anyon-chat\node_modules\next\dist\server\lib\router-server.js:374:24)
    at async requestHandlerImpl (C:\Users\Han\Documents\SKKU 1st Grade\ANYON INTERFACE 2\anyon-chat\node_modules\next\dist\server\lib\router-server.js:383:13)
    at async Server.requestListener (C:\Users\Han\Documents\SKKU 1st Grade\ANYON INTERFACE 2\anyon-chat\node_modules\next\dist\server\lib\start-server.js:141:13) {
  code: 'MODULE_NOT_FOUND',
  requireStack: [
    'C:\\Users\\Han\\Documents\\SKKU 1st Grade\\ANYON INTERFACE 2\\anyon-chat\\apps\\web\\.next\\server\\webpack-runtime.js',
    'C:\\Users\\Han\\Documents\\SKKU 1st Grade\\ANYON INTERFACE 2\\anyon-chat\\apps\\web\\.next\\server\\app\\_not-found\\page.js',
    'C:\\Users\\Han\\Documents\\SKKU 1st Grade\\ANYON INTERFACE 2\\anyon-chat\\node_modules\\next\\dist\\server\\require.js',
    'C:\\Users\\Han\\Documents\\SKKU 1st Grade\\ANYON INTERFACE 2\\anyon-chat\\node_modules\\next\\dist\\server\\load-components.js',
    'C:\\Users\\Han\\Documents\\SKKU 1st Grade\\ANYON INTERFACE 2\\anyon-chat\\node_modules\\next\\dist\\build\\utils.js',
    'C:\\Users\\Han\\Documents\\SKKU 1st Grade\\ANYON INTERFACE 2\\anyon-chat\\node_modules\\next\\dist\\server\\dev\\hot-middleware.js',
    'C:\\Users\\Han\\Documents\\SKKU 1st Grade\\ANYON INTERFACE 2\\anyon-chat\\node_modules\\next\\dist\\server\\dev\\hot-reloader-webpack.js',
    'C:\\Users\\Han\\Documents\\SKKU 1st Grade\\ANYON INTERFACE 2\\anyon-chat\\node_modules\\next\\dist\\server\\lib\\router-utils\\setup-dev-bundler.js',
    'C:\\Users\\Han\\Documents\\SKKU 1st Grade\\ANYON INTERFACE 2\\anyon-chat\\node_modules\\next\\dist\\server\\lib\\router-server.js',
    'C:\\Users\\Han\\Documents\\SKKU 1st Grade\\ANYON INTERFACE 2\\anyon-chat\\node_modules\\next\\dist\\server\\lib\\start-server.js'
  ]
}
 ⨯ Error: Cannot find module './4522.js'
Require stack:
- C:\Users\Han\Documents\SKKU 1st Grade\ANYON INTERFACE 2\anyon-chat\apps\web\.next\server\webpack-runtime.js
- C:\Users\Han\Documents\SKKU 1st Grade\ANYON INTERFACE 2\anyon-chat\apps\web\.next\server\app\_not-found\page.js
- C:\Users\Han\Documents\SKKU 1st Grade\ANYON INTERFACE 2\anyon-chat\node_modules\next\dist\server\require.js
- C:\Users\Han\Documents\SKKU 1st Grade\ANYON INTERFACE 2\anyon-chat\node_modules\next\dist\server\load-components.js
- C:\Users\Han\Documents\SKKU 1st Grade\ANYON INTERFACE 2\anyon-chat\node_modules\next\dist\build\utils.js
- C:\Users\Han\Documents\SKKU 1st Grade\ANYON INTERFACE 2\anyon-chat\node_modules\next\dist\server\dev\hot-middleware.js
- C:\Users\Han\Documents\SKKU 1st Grade\ANYON INTERFACE 2\anyon-chat\node_modules\next\dist\server\dev\hot-reloader-webpack.js
- C:\Users\Han\Documents\SKKU 1st Grade\ANYON INTERFACE 2\anyon-chat\node_modules\next\dist\server\lib\router-utils\setup-dev-bundler.js
- C:\Users\Han\Documents\SKKU 1st Grade\ANYON INTERFACE 2\anyon-chat\node_modules\next\dist\server\lib\router-server.js
- C:\Users\Han\Documents\SKKU 1st Grade\ANYON INTERFACE 2\anyon-chat\node_modules\next\dist\server\lib\start-server.js
    at Function.<anonymous> (node:internal/modules/cjs/loader:1383:15)
    at C:\Users\Han\Documents\SKKU 1st Grade\ANYON INTERFACE 2\anyon-chat\node_modules\next\dist\server\require-hook.js:55:36
    at defaultResolveImpl (node:internal/modules/cjs/loader:1025:19)
    at resolveForCJSWithHooks (node:internal/modules/cjs/loader:1030:22)
    at Function._load (node:internal/modules/cjs/loader:1192:37)
    at TracingChannel.traceSync (node:diagnostics_channel:322:14)
    at wrapModuleLoad (node:internal/modules/cjs/loader:237:24)
    at Module.<anonymous> (node:internal/modules/cjs/loader:1463:12)
    at mod.require (C:\Users\Han\Documents\SKKU 1st Grade\ANYON INTERFACE 2\anyon-chat\node_modules\next\dist\server\require-hook.js:65:28)
    at require (node:internal/modules/helpers:147:16)
    at __webpack_require__.f.require (C:\Users\Han\Documents\SKKU 1st Grade\ANYON INTERFACE 2\anyon-chat\apps\web\.next\server\webpack-runtime.js:213:28)
    at C:\Users\Han\Documents\SKKU 1st Grade\ANYON INTERFACE 2\anyon-chat\apps\web\.next\server\webpack-runtime.js:116:40
    at Array.reduce (<anonymous>)
    at __webpack_require__.e (C:\Users\Han\Documents\SKKU 1st Grade\ANYON INTERFACE 2\anyon-chat\apps\web\.next\server\webpack-runtime.js:115:67)
    at Array.map (<anonymous>)
    at __webpack_require__.X (C:\Users\Han\Documents\SKKU 1st Grade\ANYON INTERFACE 2\anyon-chat\apps\web\.next\server\webpack-runtime.js:167:22)
    at C:\Users\Han\Documents\SKKU 1st Grade\ANYON INTERFACE 2\anyon-chat\apps\web\.next\server\app\api\[..._path]\route.js:1:4402
    at Object.<anonymous> (C:\Users\Han\Documents\SKKU 1st Grade\ANYON INTERFACE 2\anyon-chat\apps\web\.next\server\app\api\[..._path]\route.js:1:4460)
    at Module._compile (node:internal/modules/cjs/loader:1706:14)
    at Object..js (node:internal/modules/cjs/loader:1839:10)
    at Module.load (node:internal/modules/cjs/loader:1441:32)
    at Function._load (node:internal/modules/cjs/loader:1263:12)
    at TracingChannel.traceSync (node:diagnostics_channel:322:14)
    at wrapModuleLoad (node:internal/modules/cjs/loader:237:24)
    at Module.<anonymous> (node:internal/modules/cjs/loader:1463:12)
    at mod.require (C:\Users\Han\Documents\SKKU 1st Grade\ANYON INTERFACE 2\anyon-chat\node_modules\next\dist\server\require-hook.js:65:28)
    at require (node:internal/modules/helpers:147:16)
    at requirePage (C:\Users\Han\Documents\SKKU 1st Grade\ANYON INTERFACE 2\anyon-chat\node_modules\next\dist\server\require.js:109:84)
    at C:\Users\Han\Documents\SKKU 1st Grade\ANYON INTERFACE 2\anyon-chat\node_modules\next\dist\server\load-components.js:103:84
    at async loadComponentsImpl (C:\Users\Han\Documents\SKKU 1st Grade\ANYON INTERFACE 2\anyon-chat\node_modules\next\dist\server\load-components.js:103:26)
    at async DevServer.findPageComponentsImpl (C:\Users\Han\Documents\SKKU 1st Grade\ANYON INTERFACE 2\anyon-chat\node_modules\next\dist\server\next-server.js:714:36)
    at async DevServer.findPageComponents (C:\Users\Han\Documents\SKKU 1st Grade\ANYON INTERFACE 2\anyon-chat\node_modules\next\dist\server\dev\next-dev-server.js:577:20)
    at async DevServer.renderPageComponent (C:\Users\Han\Documents\SKKU 1st Grade\ANYON INTERFACE 2\anyon-chat\node_modules\next\dist\server\base-server.js:1910:24)
    at async DevServer.renderToResponseImpl (C:\Users\Han\Documents\SKKU 1st Grade\ANYON INTERFACE 2\anyon-chat\node_modules\next\dist\server\base-server.js:1962:32)
    at async DevServer.pipeImpl (C:\Users\Han\Documents\SKKU 1st Grade\ANYON INTERFACE 2\anyon-chat\node_modules\next\dist\server\base-server.js:922:25)
    at async NextNodeServer.handleCatchallRenderRequest (C:\Users\Han\Documents\SKKU 1st Grade\ANYON INTERFACE 2\anyon-chat\node_modules\next\dist\server\next-server.js:272:17)
    at async DevServer.handleRequestImpl (C:\Users\Han\Documents\SKKU 1st Grade\ANYON INTERFACE 2\anyon-chat\node_modules\next\dist\server\base-server.js:818:17)
    at async C:\Users\Han\Documents\SKKU 1st Grade\ANYON INTERFACE 2\anyon-chat\node_modules\next\dist\server\dev\next-dev-server.js:339:20
    at async Span.traceAsyncFn (C:\Users\Han\Documents\SKKU 1st Grade\ANYON INTERFACE 2\anyon-chat\node_modules\next\dist\trace\trace.js:154:20)
    at async DevServer.handleRequest (C:\Users\Han\Documents\SKKU 1st Grade\ANYON INTERFACE 2\anyon-chat\node_modules\next\dist\server\dev\next-dev-server.js:336:24)
    at async invokeRender (C:\Users\Han\Documents\SKKU 1st Grade\ANYON INTERFACE 2\anyon-chat\node_modules\next\dist\server\lib\router-server.js:182:21)
    at async handleRequest (C:\Users\Han\Documents\SKKU 1st Grade\ANYON INTERFACE 2\anyon-chat\node_modules\next\dist\server\lib\router-server.js:359:24)
    at async requestHandlerImpl (C:\Users\Han\Documents\SKKU 1st Grade\ANYON INTERFACE 2\anyon-chat\node_modules\next\dist\server\lib\router-server.js:383:13)
    at async Server.requestListener (C:\Users\Han\Documents\SKKU 1st Grade\ANYON INTERFACE 2\anyon-chat\node_modules\next\dist\server\lib\start-server.js:141:13) {
  code: 'MODULE_NOT_FOUND',
  requireStack: [
    'C:\\Users\\Han\\Documents\\SKKU 1st Grade\\ANYON INTERFACE 2\\anyon-chat\\apps\\web\\.next\\server\\webpack-runtime.js',
    'C:\\Users\\Han\\Documents\\SKKU 1st Grade\\ANYON INTERFACE 2\\anyon-chat\\apps\\web\\.next\\server\\app\\_not-found\\page.js',
    'C:\\Users\\Han\\Documents\\SKKU 1st Grade\\ANYON INTERFACE 2\\anyon-chat\\node_modules\\next\\dist\\server\\require.js',
    'C:\\Users\\Han\\Documents\\SKKU 1st Grade\\ANYON INTERFACE 2\\anyon-chat\\node_modules\\next\\dist\\server\\load-components.js',
    'C:\\Users\\Han\\Documents\\SKKU 1st Grade\\ANYON INTERFACE 2\\anyon-chat\\node_modules\\next\\dist\\build\\utils.js',
    'C:\\Users\\Han\\Documents\\SKKU 1st Grade\\ANYON INTERFACE 2\\anyon-chat\\node_modules\\next\\dist\\server\\dev\\hot-middleware.js',
    'C:\\Users\\Han\\Documents\\SKKU 1st Grade\\ANYON INTERFACE 2\\anyon-chat\\node_modules\\next\\dist\\server\\dev\\hot-reloader-webpack.js',
    'C:\\Users\\Han\\Documents\\SKKU 1st Grade\\ANYON INTERFACE 2\\anyon-chat\\node_modules\\next\\dist\\server\\lib\\router-utils\\setup-dev-bundler.js',
    'C:\\Users\\Han\\Documents\\SKKU 1st Grade\\ANYON INTERFACE 2\\anyon-chat\\node_modules\\next\\dist\\server\\lib\\router-server.js',
    'C:\\Users\\Han\\Documents\\SKKU 1st Grade\\ANYON INTERFACE 2\\anyon-chat\\node_modules\\next\\dist\\server\\lib\\start-server.js'
  ],
  page: '/api/threads/search'
}
 ⨯ Error: Cannot find module './4522.js'
Require stack:
- C:\Users\Han\Documents\SKKU 1st Grade\ANYON INTERFACE 2\anyon-chat\apps\web\.next\server\webpack-runtime.js
- C:\Users\Han\Documents\SKKU 1st Grade\ANYON INTERFACE 2\anyon-chat\apps\web\.next\server\app\_not-found\page.js
- C:\Users\Han\Documents\SKKU 1st Grade\ANYON INTERFACE 2\anyon-chat\node_modules\next\dist\server\require.js
- C:\Users\Han\Documents\SKKU 1st Grade\ANYON INTERFACE 2\anyon-chat\node_modules\next\dist\server\load-components.js
- C:\Users\Han\Documents\SKKU 1st Grade\ANYON INTERFACE 2\anyon-chat\node_modules\next\dist\build\utils.js
- C:\Users\Han\Documents\SKKU 1st Grade\ANYON INTERFACE 2\anyon-chat\node_modules\next\dist\server\dev\hot-middleware.js
- C:\Users\Han\Documents\SKKU 1st Grade\ANYON INTERFACE 2\anyon-chat\node_modules\next\dist\server\dev\hot-reloader-webpack.js
- C:\Users\Han\Documents\SKKU 1st Grade\ANYON INTERFACE 2\anyon-chat\node_modules\next\dist\server\lib\router-utils\setup-dev-bundler.js
- C:\Users\Han\Documents\SKKU 1st Grade\ANYON INTERFACE 2\anyon-chat\node_modules\next\dist\server\lib\router-server.js
- C:\Users\Han\Documents\SKKU 1st Grade\ANYON INTERFACE 2\anyon-chat\node_modules\next\dist\server\lib\start-server.js
    at Function.<anonymous> (node:internal/modules/cjs/loader:1383:15)
    at C:\Users\Han\Documents\SKKU 1st Grade\ANYON INTERFACE 2\anyon-chat\node_modules\next\dist\server\require-hook.js:55:36
    at defaultResolveImpl (node:internal/modules/cjs/loader:1025:19)
    at resolveForCJSWithHooks (node:internal/modules/cjs/loader:1030:22)
    at Function._load (node:internal/modules/cjs/loader:1192:37)
    at TracingChannel.traceSync (node:diagnostics_channel:322:14)
    at wrapModuleLoad (node:internal/modules/cjs/loader:237:24)
    at Module.<anonymous> (node:internal/modules/cjs/loader:1463:12)
    at mod.require (C:\Users\Han\Documents\SKKU 1st Grade\ANYON INTERFACE 2\anyon-chat\node_modules\next\dist\server\require-hook.js:65:28)
    at require (node:internal/modules/helpers:147:16)
    at __webpack_require__.f.require (C:\Users\Han\Documents\SKKU 1st Grade\ANYON INTERFACE 2\anyon-chat\apps\web\.next\server\webpack-runtime.js:213:28)
    at C:\Users\Han\Documents\SKKU 1st Grade\ANYON INTERFACE 2\anyon-chat\apps\web\.next\server\webpack-runtime.js:116:40
    at Array.reduce (<anonymous>)
    at __webpack_require__.e (C:\Users\Han\Documents\SKKU 1st Grade\ANYON INTERFACE 2\anyon-chat\apps\web\.next\server\webpack-runtime.js:115:67)
    at Array.map (<anonymous>)
    at __webpack_require__.X (C:\Users\Han\Documents\SKKU 1st Grade\ANYON INTERFACE 2\anyon-chat\apps\web\.next\server\webpack-runtime.js:167:22)
    at C:\Users\Han\Documents\SKKU 1st Grade\ANYON INTERFACE 2\anyon-chat\apps\web\.next\server\app\api\[..._path]\route.js:1:4402
    at Object.<anonymous> (C:\Users\Han\Documents\SKKU 1st Grade\ANYON INTERFACE 2\anyon-chat\apps\web\.next\server\app\api\[..._path]\route.js:1:4460)
    at Module._compile (node:internal/modules/cjs/loader:1706:14)
    at Object..js (node:internal/modules/cjs/loader:1839:10)
    at Module.load (node:internal/modules/cjs/loader:1441:32)
    at Function._load (node:internal/modules/cjs/loader:1263:12)
    at TracingChannel.traceSync (node:diagnostics_channel:322:14)
    at wrapModuleLoad (node:internal/modules/cjs/loader:237:24)
    at Module.<anonymous> (node:internal/modules/cjs/loader:1463:12)
    at mod.require (C:\Users\Han\Documents\SKKU 1st Grade\ANYON INTERFACE 2\anyon-chat\node_modules\next\dist\server\require-hook.js:65:28)
    at require (node:internal/modules/helpers:147:16)
    at requirePage (C:\Users\Han\Documents\SKKU 1st Grade\ANYON INTERFACE 2\anyon-chat\node_modules\next\dist\server\require.js:109:84)
    at C:\Users\Han\Documents\SKKU 1st Grade\ANYON INTERFACE 2\anyon-chat\node_modules\next\dist\server\load-components.js:103:84
    at async loadComponentsImpl (C:\Users\Han\Documents\SKKU 1st Grade\ANYON INTERFACE 2\anyon-chat\node_modules\next\dist\server\load-components.js:103:26)
    at async DevServer.findPageComponentsImpl (C:\Users\Han\Documents\SKKU 1st Grade\ANYON INTERFACE 2\anyon-chat\node_modules\next\dist\server\next-server.js:714:36)
    at async DevServer.findPageComponents (C:\Users\Han\Documents\SKKU 1st Grade\ANYON INTERFACE 2\anyon-chat\node_modules\next\dist\server\dev\next-dev-server.js:577:20)
    at async DevServer.renderPageComponent (C:\Users\Han\Documents\SKKU 1st Grade\ANYON INTERFACE 2\anyon-chat\node_modules\next\dist\server\base-server.js:1910:24)
    at async DevServer.renderToResponseImpl (C:\Users\Han\Documents\SKKU 1st Grade\ANYON INTERFACE 2\anyon-chat\node_modules\next\dist\server\base-server.js:1962:32)
    at async DevServer.pipeImpl (C:\Users\Han\Documents\SKKU 1st Grade\ANYON INTERFACE 2\anyon-chat\node_modules\next\dist\server\base-server.js:922:25)
    at async NextNodeServer.handleCatchallRenderRequest (C:\Users\Han\Documents\SKKU 1st Grade\ANYON INTERFACE 2\anyon-chat\node_modules\next\dist\server\next-server.js:272:17)
    at async DevServer.handleRequestImpl (C:\Users\Han\Documents\SKKU 1st Grade\ANYON INTERFACE 2\anyon-chat\node_modules\next\dist\server\base-server.js:818:17)
    at async C:\Users\Han\Documents\SKKU 1st Grade\ANYON INTERFACE 2\anyon-chat\node_modules\next\dist\server\dev\next-dev-server.js:339:20
    at async Span.traceAsyncFn (C:\Users\Han\Documents\SKKU 1st Grade\ANYON INTERFACE 2\anyon-chat\node_modules\next\dist\trace\trace.js:154:20)
    at async DevServer.handleRequest (C:\Users\Han\Documents\SKKU 1st Grade\ANYON INTERFACE 2\anyon-chat\node_modules\next\dist\server\dev\next-dev-server.js:336:24)
    at async invokeRender (C:\Users\Han\Documents\SKKU 1st Grade\ANYON INTERFACE 2\anyon-chat\node_modules\next\dist\server\lib\router-server.js:182:21)
    at async handleRequest (C:\Users\Han\Documents\SKKU 1st Grade\ANYON INTERFACE 2\anyon-chat\node_modules\next\dist\server\lib\router-server.js:359:24)
    at async requestHandlerImpl (C:\Users\Han\Documents\SKKU 1st Grade\ANYON INTERFACE 2\anyon-chat\node_modules\next\dist\server\lib\router-server.js:383:13)
    at async Server.requestListener (C:\Users\Han\Documents\SKKU 1st Grade\ANYON INTERFACE 2\anyon-chat\node_modules\next\dist\server\lib\start-server.js:141:13) {
  code: 'MODULE_NOT_FOUND',
  requireStack: [
    'C:\\Users\\Han\\Documents\\SKKU 1st Grade\\ANYON INTERFACE 2\\anyon-chat\\apps\\web\\.next\\server\\webpack-runtime.js',
    'C:\\Users\\Han\\Documents\\SKKU 1st Grade\\ANYON INTERFACE 2\\anyon-chat\\apps\\web\\.next\\server\\app\\_not-found\\page.js',
    'C:\\Users\\Han\\Documents\\SKKU 1st Grade\\ANYON INTERFACE 2\\anyon-chat\\node_modules\\next\\dist\\server\\require.js',
    'C:\\Users\\Han\\Documents\\SKKU 1st Grade\\ANYON INTERFACE 2\\anyon-chat\\node_modules\\next\\dist\\server\\load-components.js',
    'C:\\Users\\Han\\Documents\\SKKU 1st Grade\\ANYON INTERFACE 2\\anyon-chat\\node_modules\\next\\dist\\build\\utils.js',
    'C:\\Users\\Han\\Documents\\SKKU 1st Grade\\ANYON INTERFACE 2\\anyon-chat\\node_modules\\next\\dist\\server\\dev\\hot-middleware.js',
    'C:\\Users\\Han\\Documents\\SKKU 1st Grade\\ANYON INTERFACE 2\\anyon-chat\\node_modules\\next\\dist\\server\\dev\\hot-reloader-webpack.js',
    'C:\\Users\\Han\\Documents\\SKKU 1st Grade\\ANYON INTERFACE 2\\anyon-chat\\node_modules\\next\\dist\\server\\lib\\router-utils\\setup-dev-bundler.js',
    'C:\\Users\\Han\\Documents\\SKKU 1st Grade\\ANYON INTERFACE 2\\anyon-chat\\node_modules\\next\\dist\\server\\lib\\router-server.js',
    'C:\\Users\\Han\\Documents\\SKKU 1st Grade\\ANYON INTERFACE 2\\anyon-chat\\node_modules\\next\\dist\\server\\lib\\start-server.js'
  ],
  page: '/api/threads/search'
}
 ⨯ Error: Cannot find module './4522.js'
Require stack:
- C:\Users\Han\Documents\SKKU 1st Grade\ANYON INTERFACE 2\anyon-chat\apps\web\.next\server\webpack-runtime.js
- C:\Users\Han\Documents\SKKU 1st Grade\ANYON INTERFACE 2\anyon-chat\apps\web\.next\server\app\_not-found\page.js
- C:\Users\Han\Documents\SKKU 1st Grade\ANYON INTERFACE 2\anyon-chat\node_modules\next\dist\server\require.js
- C:\Users\Han\Documents\SKKU 1st Grade\ANYON INTERFACE 2\anyon-chat\node_modules\next\dist\server\load-components.js
- C:\Users\Han\Documents\SKKU 1st Grade\ANYON INTERFACE 2\anyon-chat\node_modules\next\dist\build\utils.js
- C:\Users\Han\Documents\SKKU 1st Grade\ANYON INTERFACE 2\anyon-chat\node_modules\next\dist\server\dev\hot-middleware.js
- C:\Users\Han\Documents\SKKU 1st Grade\ANYON INTERFACE 2\anyon-chat\node_modules\next\dist\server\dev\hot-reloader-webpack.js
- C:\Users\Han\Documents\SKKU 1st Grade\ANYON INTERFACE 2\anyon-chat\node_modules\next\dist\server\lib\router-utils\setup-dev-bundler.js
- C:\Users\Han\Documents\SKKU 1st Grade\ANYON INTERFACE 2\anyon-chat\node_modules\next\dist\server\lib\router-server.js
- C:\Users\Han\Documents\SKKU 1st Grade\ANYON INTERFACE 2\anyon-chat\node_modules\next\dist\server\lib\start-server.js
    at Function.<anonymous> (node:internal/modules/cjs/loader:1383:15)
    at C:\Users\Han\Documents\SKKU 1st Grade\ANYON INTERFACE 2\anyon-chat\node_modules\next\dist\server\require-hook.js:55:36
    at defaultResolveImpl (node:internal/modules/cjs/loader:1025:19)
    at resolveForCJSWithHooks (node:internal/modules/cjs/loader:1030:22)
    at Function._load (node:internal/modules/cjs/loader:1192:37)
    at TracingChannel.traceSync (node:diagnostics_channel:322:14)
    at wrapModuleLoad (node:internal/modules/cjs/loader:237:24)
    at Module.<anonymous> (node:internal/modules/cjs/loader:1463:12)
    at mod.require (C:\Users\Han\Documents\SKKU 1st Grade\ANYON INTERFACE 2\anyon-chat\node_modules\next\dist\server\require-hook.js:65:28)
    at require (node:internal/modules/helpers:147:16)
    at __webpack_require__.f.require (C:\Users\Han\Documents\SKKU 1st Grade\ANYON INTERFACE 2\anyon-chat\apps\web\.next\server\webpack-runtime.js:213:28)
    at C:\Users\Han\Documents\SKKU 1st Grade\ANYON INTERFACE 2\anyon-chat\apps\web\.next\server\webpack-runtime.js:116:40
    at Array.reduce (<anonymous>)
    at __webpack_require__.e (C:\Users\Han\Documents\SKKU 1st Grade\ANYON INTERFACE 2\anyon-chat\apps\web\.next\server\webpack-runtime.js:115:67)
    at Array.map (<anonymous>)
    at __webpack_require__.X (C:\Users\Han\Documents\SKKU 1st Grade\ANYON INTERFACE 2\anyon-chat\apps\web\.next\server\webpack-runtime.js:167:22)
    at C:\Users\Han\Documents\SKKU 1st Grade\ANYON INTERFACE 2\anyon-chat\apps\web\.next\server\app\api\[..._path]\route.js:1:4402
    at Object.<anonymous> (C:\Users\Han\Documents\SKKU 1st Grade\ANYON INTERFACE 2\anyon-chat\apps\web\.next\server\app\api\[..._path]\route.js:1:4460)
    at Module._compile (node:internal/modules/cjs/loader:1706:14)
    at Object..js (node:internal/modules/cjs/loader:1839:10)
    at Module.load (node:internal/modules/cjs/loader:1441:32)
    at Function._load (node:internal/modules/cjs/loader:1263:12)
    at TracingChannel.traceSync (node:diagnostics_channel:322:14)
    at wrapModuleLoad (node:internal/modules/cjs/loader:237:24)
    at Module.<anonymous> (node:internal/modules/cjs/loader:1463:12)
    at mod.require (C:\Users\Han\Documents\SKKU 1st Grade\ANYON INTERFACE 2\anyon-chat\node_modules\next\dist\server\require-hook.js:65:28)
    at require (node:internal/modules/helpers:147:16)
    at requirePage (C:\Users\Han\Documents\SKKU 1st Grade\ANYON INTERFACE 2\anyon-chat\node_modules\next\dist\server\require.js:109:84)
    at C:\Users\Han\Documents\SKKU 1st Grade\ANYON INTERFACE 2\anyon-chat\node_modules\next\dist\server\load-components.js:103:84
    at async loadComponentsImpl (C:\Users\Han\Documents\SKKU 1st Grade\ANYON INTERFACE 2\anyon-chat\node_modules\next\dist\server\load-components.js:103:26)
    at async DevServer.findPageComponentsImpl (C:\Users\Han\Documents\SKKU 1st Grade\ANYON INTERFACE 2\anyon-chat\node_modules\next\dist\server\next-server.js:714:36)
    at async DevServer.findPageComponents (C:\Users\Han\Documents\SKKU 1st Grade\ANYON INTERFACE 2\anyon-chat\node_modules\next\dist\server\dev\next-dev-server.js:577:20)
    at async DevServer.renderPageComponent (C:\Users\Han\Documents\SKKU 1st Grade\ANYON INTERFACE 2\anyon-chat\node_modules\next\dist\server\base-server.js:1910:24)
    at async DevServer.renderToResponseImpl (C:\Users\Han\Documents\SKKU 1st Grade\ANYON INTERFACE 2\anyon-chat\node_modules\next\dist\server\base-server.js:1962:32)
    at async DevServer.pipeImpl (C:\Users\Han\Documents\SKKU 1st Grade\ANYON INTERFACE 2\anyon-chat\node_modules\next\dist\server\base-server.js:922:25)
    at async NextNodeServer.handleCatchallRenderRequest (C:\Users\Han\Documents\SKKU 1st Grade\ANYON INTERFACE 2\anyon-chat\node_modules\next\dist\server\next-server.js:272:17)
    at async DevServer.handleRequestImpl (C:\Users\Han\Documents\SKKU 1st Grade\ANYON INTERFACE 2\anyon-chat\node_modules\next\dist\server\base-server.js:818:17)
    at async C:\Users\Han\Documents\SKKU 1st Grade\ANYON INTERFACE 2\anyon-chat\node_modules\next\dist\server\dev\next-dev-server.js:339:20
    at async Span.traceAsyncFn (C:\Users\Han\Documents\SKKU 1st Grade\ANYON INTERFACE 2\anyon-chat\node_modules\next\dist\trace\trace.js:154:20)
    at async DevServer.handleRequest (C:\Users\Han\Documents\SKKU 1st Grade\ANYON INTERFACE 2\anyon-chat\node_modules\next\dist\server\dev\next-dev-server.js:336:24)
    at async invokeRender (C:\Users\Han\Documents\SKKU 1st Grade\ANYON INTERFACE 2\anyon-chat\node_modules\next\dist\server\lib\router-server.js:182:21)
    at async handleRequest (C:\Users\Han\Documents\SKKU 1st Grade\ANYON INTERFACE 2\anyon-chat\node_modules\next\dist\server\lib\router-server.js:359:24)
    at async requestHandlerImpl (C:\Users\Han\Documents\SKKU 1st Grade\ANYON INTERFACE 2\anyon-chat\node_modules\next\dist\server\lib\router-server.js:383:13)
    at async Server.requestListener (C:\Users\Han\Documents\SKKU 1st Grade\ANYON INTERFACE 2\anyon-chat\node_modules\next\dist\server\lib\start-server.js:141:13) {
  code: 'MODULE_NOT_FOUND',
  requireStack: [
    'C:\\Users\\Han\\Documents\\SKKU 1st Grade\\ANYON INTERFACE 2\\anyon-chat\\apps\\web\\.next\\server\\webpack-runtime.js',
    'C:\\Users\\Han\\Documents\\SKKU 1st Grade\\ANYON INTERFACE 2\\anyon-chat\\apps\\web\\.next\\server\\app\\_not-found\\page.js',
    'C:\\Users\\Han\\Documents\\SKKU 1st Grade\\ANYON INTERFACE 2\\anyon-chat\\node_modules\\next\\dist\\server\\require.js',
    'C:\\Users\\Han\\Documents\\SKKU 1st Grade\\ANYON INTERFACE 2\\anyon-chat\\node_modules\\next\\dist\\server\\load-components.js',
    'C:\\Users\\Han\\Documents\\SKKU 1st Grade\\ANYON INTERFACE 2\\anyon-chat\\node_modules\\next\\dist\\build\\utils.js',
    'C:\\Users\\Han\\Documents\\SKKU 1st Grade\\ANYON INTERFACE 2\\anyon-chat\\node_modules\\next\\dist\\server\\dev\\hot-middleware.js',
    'C:\\Users\\Han\\Documents\\SKKU 1st Grade\\ANYON INTERFACE 2\\anyon-chat\\node_modules\\next\\dist\\server\\dev\\hot-reloader-webpack.js',
    'C:\\Users\\Han\\Documents\\SKKU 1st Grade\\ANYON INTERFACE 2\\anyon-chat\\node_modules\\next\\dist\\server\\lib\\router-utils\\setup-dev-bundler.js',
    'C:\\Users\\Han\\Documents\\SKKU 1st Grade\\ANYON INTERFACE 2\\anyon-chat\\node_modules\\next\\dist\\server\\lib\\router-server.js',
    'C:\\Users\\Han\\Documents\\SKKU 1st Grade\\ANYON INTERFACE 2\\anyon-chat\\node_modules\\next\\dist\\server\\lib\\start-server.js'
  ],
  page: '/api/threads/search'
}
 ○ Compiling /_error ...
 ✓ Compiled /_error in 10s (13323 modules)
 GET / 500 in 20876ms
 GET /_next/static/webpack/bdd034b2a151ee6c.webpack.hot-update.json 500 in 19061ms
 POST /api/threads/search 500 in 19715ms
 POST /api/threads/search 500 in 19693ms
 POST /api/threads/search 500 in 18925ms
 ⚠ Fast Refresh had to perform a full reload. Read more: https://nextjs.org/docs/messages/fast-refresh-reload
 GET /_next/static/webpack/bdd034b2a151ee6c.webpack.hot-update.json 404 in 8944ms
<w> [webpack.cache.PackFileCacheStrategy] Caching failed for pack: Error: ENOENT: no such file or directory, lstat 'C:\Users\Han\Documents\SKKU 1st Grade\ANYON INTERFACE 2\anyon-chat\apps\web\.next\server\vendor-chunks\clsx.js'
<w> [webpack.cache.PackFileCacheStrategy/webpack.FileSystemInfo] Resolving './vendor-chunks/clsx' in C:\Users\Han\Documents\SKKU 1st Grade\ANYON INTERFACE 2\anyon-chat\apps\web\.next\server for build dependencies doesn't lead to expected result 'C:\Users\Han\Documents\SKKU 1st Grade\ANYON INTERFACE 2\anyon-chat\apps\web\.next\server\vendor-chunks\clsx.js', but to 'Error: Can't resolve './vendor-chunks/clsx' in 'C:\Users\Han\Documents\SKKU 1st Grade\ANYON INTERFACE 2\anyon-chat\apps\web\.next\server'' instead. Resolving dependencies are ignored for this path.
<w>  at resolve commonjs file ./vendor-chunks/clsx (expected C:\Users\Han\Documents\SKKU 1st Grade\ANYON INTERFACE 2\anyon-chat\apps\web\.next\server\vendor-chunks\clsx.js)
<w>  at file dependencies C:\Users\Han\Documents\SKKU 1st Grade\ANYON INTERFACE 2\anyon-chat\apps\web\.next\server\webpack-runtime.js
<w>  at file C:\Users\Han\Documents\SKKU 1st Grade\ANYON INTERFACE 2\anyon-chat\apps\web\.next\server\webpack-runtime.js
<w>  at file dependencies C:\Users\Han\Documents\SKKU 1st Grade\ANYON INTERFACE 2\anyon-chat\apps\web\.next\server\pages\_error.js
<w>  at file C:\Users\Han\Documents\SKKU 1st Grade\ANYON INTERFACE 2\anyon-chat\apps\web\.next\server\pages\_error.js
<w>  at file dependencies C:\Users\Han\Documents\SKKU 1st Grade\ANYON INTERFACE 2\anyon-chat\node_modules\next\dist\server\require.js
<w>  at file C:\Users\Han\Documents\SKKU 1st Grade\ANYON INTERFACE 2\anyon-chat\node_modules\next\dist\server\require.js
<w>  at file dependencies C:\Users\Han\Documents\SKKU 1st Grade\ANYON INTERFACE 2\anyon-chat\node_modules\next\dist\server\load-components.js
<w>  at file C:\Users\Han\Documents\SKKU 1st Grade\ANYON INTERFACE 2\anyon-chat\node_modules\next\dist\server\load-components.js
<w>  at file dependencies C:\Users\Han\Documents\SKKU 1st Grade\ANYON INTERFACE 2\anyon-chat\node_modules\next\dist\build\utils.js
<w>  at file C:\Users\Han\Documents\SKKU 1st Grade\ANYON INTERFACE 2\anyon-chat\node_modules\next\dist\build\utils.js
<w>  at file dependencies C:\Users\Han\Documents\SKKU 1st Grade\ANYON INTERFACE 2\anyon-chat\node_modules\next\dist\build\webpack\loaders\next-route-loader\index.js
<w>  at file C:\Users\Han\Documents\SKKU 1st Grade\ANYON INTERFACE 2\anyon-chat\node_modules\next\dist\build\webpack\loaders\next-route-loader\index.js
<w>  at file dependencies C:\Users\Han\Documents\SKKU 1st Grade\ANYON INTERFACE 2\anyon-chat\node_modules\next\dist\compiled\loader-runner\LoaderRunner.js
<w>  at file C:\Users\Han\Documents\SKKU 1st Grade\ANYON INTERFACE 2\anyon-chat\node_modules\next\dist\compiled\loader-runner\LoaderRunner.js
<w>  at file dependencies C:\Users\Han\Documents\SKKU 1st Grade\ANYON INTERFACE 2\anyon-chat\node_modules\next\dist\compiled\webpack\bundle5.js
<w>  at file C:\Users\Han\Documents\SKKU 1st Grade\ANYON INTERFACE 2\anyon-chat\node_modules\next\dist\compiled\webpack\bundle5.js
<w>  at file dependencies C:\Users\Han\Documents\SKKU 1st Grade\ANYON INTERFACE 2\anyon-chat\node_modules\next\dist\compiled\webpack\webpack.js
<w>  at file C:\Users\Han\Documents\SKKU 1st Grade\ANYON INTERFACE 2\anyon-chat\node_modules\next\dist\compiled\webpack\webpack.js
<w>  at file dependencies C:\Users\Han\Documents\SKKU 1st Grade\ANYON INTERFACE 2\anyon-chat\node_modules\next\dist\build\webpack\plugins\define-env-plugin.js
<w>  at file C:\Users\Han\Documents\SKKU 1st Grade\ANYON INTERFACE 2\anyon-chat\node_modules\next\dist\build\webpack\plugins\define-env-plugin.js
<w>  at file dependencies C:\Users\Han\Documents\SKKU 1st Grade\ANYON INTERFACE 2\anyon-chat\node_modules\next\dist\build\swc\index.js
<w>  at file C:\Users\Han\Documents\SKKU 1st Grade\ANYON INTERFACE 2\anyon-chat\node_modules\next\dist\build\swc\index.js
<w>  at file dependencies C:\Users\Han\Documents\SKKU 1st Grade\ANYON INTERFACE 2\anyon-chat\node_modules\next\dist\build\webpack\loaders\next-swc-loader.js
<w>  at file C:\Users\Han\Documents\SKKU 1st Grade\ANYON INTERFACE 2\anyon-chat\node_modules\next\dist\build\webpack\loaders\next-swc-loader.js
<w>  at resolve commonjs C:\Users\Han\Documents\SKKU 1st Grade\ANYON INTERFACE 2\anyon-chat\node_modules\next\dist\build\webpack\loaders\next-swc-loader.js
<w> [webpack.cache.PackFileCacheStrategy/webpack.FileSystemInfo] Resolving './vendor-chunks/nuqs' in C:\Users\Han\Documents\SKKU 1st Grade\ANYON INTERFACE 2\anyon-chat\apps\web\.next\server for build dependencies doesn't lead to expected result 'C:\Users\Han\Documents\SKKU 1st Grade\ANYON INTERFACE 2\anyon-chat\apps\web\.next\server\vendor-chunks\nuqs.js', but to 'Error: Can't resolve './vendor-chunks/nuqs' in 'C:\Users\Han\Documents\SKKU 1st Grade\ANYON INTERFACE 2\anyon-chat\apps\web\.next\server'' instead. Resolving dependencies are ignored for this path.
<w>  at resolve commonjs file ./vendor-chunks/nuqs (expected C:\Users\Han\Documents\SKKU 1st Grade\ANYON INTERFACE 2\anyon-chat\apps\web\.next\server\vendor-chunks\nuqs.js)
<w>  at file dependencies C:\Users\Han\Documents\SKKU 1st Grade\ANYON INTERFACE 2\anyon-chat\apps\web\.next\server\webpack-runtime.js
<w>  at file C:\Users\Han\Documents\SKKU 1st Grade\ANYON INTERFACE 2\anyon-chat\apps\web\.next\server\webpack-runtime.js
<w>  at file dependencies C:\Users\Han\Documents\SKKU 1st Grade\ANYON INTERFACE 2\anyon-chat\apps\web\.next\server\pages\_error.js
<w>  at file C:\Users\Han\Documents\SKKU 1st Grade\ANYON INTERFACE 2\anyon-chat\apps\web\.next\server\pages\_error.js
<w>  at file dependencies C:\Users\Han\Documents\SKKU 1st Grade\ANYON INTERFACE 2\anyon-chat\node_modules\next\dist\server\require.js
<w>  at file C:\Users\Han\Documents\SKKU 1st Grade\ANYON INTERFACE 2\anyon-chat\node_modules\next\dist\server\require.js
<w>  at file dependencies C:\Users\Han\Documents\SKKU 1st Grade\ANYON INTERFACE 2\anyon-chat\node_modules\next\dist\server\load-components.js
<w>  at file C:\Users\Han\Documents\SKKU 1st Grade\ANYON INTERFACE 2\anyon-chat\node_modules\next\dist\server\load-components.js
<w>  at file dependencies C:\Users\Han\Documents\SKKU 1st Grade\ANYON INTERFACE 2\anyon-chat\node_modules\next\dist\build\utils.js
<w>  at file C:\Users\Han\Documents\SKKU 1st Grade\ANYON INTERFACE 2\anyon-chat\node_modules\next\dist\build\utils.js
<w>  at file dependencies C:\Users\Han\Documents\SKKU 1st Grade\ANYON INTERFACE 2\anyon-chat\node_modules\next\dist\build\webpack\loaders\next-route-loader\index.js
<w>  at file C:\Users\Han\Documents\SKKU 1st Grade\ANYON INTERFACE 2\anyon-chat\node_modules\next\dist\build\webpack\loaders\next-route-loader\index.js
<w>  at file dependencies C:\Users\Han\Documents\SKKU 1st Grade\ANYON INTERFACE 2\anyon-chat\node_modules\next\dist\compiled\loader-runner\LoaderRunner.js
<w>  at file C:\Users\Han\Documents\SKKU 1st Grade\ANYON INTERFACE 2\anyon-chat\node_modules\next\dist\compiled\loader-runner\LoaderRunner.js
<w>  at file dependencies C:\Users\Han\Documents\SKKU 1st Grade\ANYON INTERFACE 2\anyon-chat\node_modules\next\dist\compiled\webpack\bundle5.js
<w>  at file C:\Users\Han\Documents\SKKU 1st Grade\ANYON INTERFACE 2\anyon-chat\node_modules\next\dist\compiled\webpack\bundle5.js
<w>  at file dependencies C:\Users\Han\Documents\SKKU 1st Grade\ANYON INTERFACE 2\anyon-chat\node_modules\next\dist\compiled\webpack\webpack.js
<w>  at file C:\Users\Han\Documents\SKKU 1st Grade\ANYON INTERFACE 2\anyon-chat\node_modules\next\dist\compiled\webpack\webpack.js
<w>  at file dependencies C:\Users\Han\Documents\SKKU 1st Grade\ANYON INTERFACE 2\anyon-chat\node_modules\next\dist\build\webpack\plugins\define-env-plugin.js
<w>  at file C:\Users\Han\Documents\SKKU 1st Grade\ANYON INTERFACE 2\anyon-chat\node_modules\next\dist\build\webpack\plugins\define-env-plugin.js
<w>  at file dependencies C:\Users\Han\Documents\SKKU 1st Grade\ANYON INTERFACE 2\anyon-chat\node_modules\next\dist\build\swc\index.js
<w>  at file C:\Users\Han\Documents\SKKU 1st Grade\ANYON INTERFACE 2\anyon-chat\node_modules\next\dist\build\swc\index.js
<w>  at file dependencies C:\Users\Han\Documents\SKKU 1st Grade\ANYON INTERFACE 2\anyon-chat\node_modules\next\dist\build\webpack\loaders\next-swc-loader.js
<w>  at file C:\Users\Han\Documents\SKKU 1st Grade\ANYON INTERFACE 2\anyon-chat\node_modules\next\dist\build\webpack\loaders\next-swc-loader.js
<w>  at resolve commonjs C:\Users\Han\Documents\SKKU 1st Grade\ANYON INTERFACE 2\anyon-chat\node_modules\next\dist\build\webpack\loaders\next-swc-loader.js
<w> [webpack.cache.PackFileCacheStrategy/webpack.FileSystemInfo] Resolving './vendor-chunks/tailwind-merge' in C:\Users\Han\Documents\SKKU 1st Grade\ANYON INTERFACE 2\anyon-chat\apps\web\.next\server for build dependencies doesn't lead to expected result 'C:\Users\Han\Documents\SKKU 1st Grade\ANYON INTERFACE 2\anyon-chat\apps\web\.next\server\vendor-chunks\tailwind-merge.js', but to 'Error: Can't resolve './vendor-chunks/tailwind-merge' in 'C:\Users\Han\Documents\SKKU 1st Grade\ANYON INTERFACE 2\anyon-chat\apps\web\.next\server'' instead. Resolving dependencies are ignored for this path.
<w>  at resolve commonjs file ./vendor-chunks/tailwind-merge (expected C:\Users\Han\Documents\SKKU 1st Grade\ANYON INTERFACE 2\anyon-chat\apps\web\.next\server\vendor-chunks\tailwind-merge.js)
<w>  at file dependencies C:\Users\Han\Documents\SKKU 1st Grade\ANYON INTERFACE 2\anyon-chat\apps\web\.next\server\webpack-runtime.js
<w>  at file C:\Users\Han\Documents\SKKU 1st Grade\ANYON INTERFACE 2\anyon-chat\apps\web\.next\server\webpack-runtime.js
<w>  at file dependencies C:\Users\Han\Documents\SKKU 1st Grade\ANYON INTERFACE 2\anyon-chat\apps\web\.next\server\pages\_error.js
<w>  at file C:\Users\Han\Documents\SKKU 1st Grade\ANYON INTERFACE 2\anyon-chat\apps\web\.next\server\pages\_error.js
<w>  at file dependencies C:\Users\Han\Documents\SKKU 1st Grade\ANYON INTERFACE 2\anyon-chat\node_modules\next\dist\server\require.js
<w>  at file C:\Users\Han\Documents\SKKU 1st Grade\ANYON INTERFACE 2\anyon-chat\node_modules\next\dist\server\require.js
<w>  at file dependencies C:\Users\Han\Documents\SKKU 1st Grade\ANYON INTERFACE 2\anyon-chat\node_modules\next\dist\server\load-components.js
<w>  at file C:\Users\Han\Documents\SKKU 1st Grade\ANYON INTERFACE 2\anyon-chat\node_modules\next\dist\server\load-components.js
<w>  at file dependencies C:\Users\Han\Documents\SKKU 1st Grade\ANYON INTERFACE 2\anyon-chat\node_modules\next\dist\build\utils.js
<w>  at file C:\Users\Han\Documents\SKKU 1st Grade\ANYON INTERFACE 2\anyon-chat\node_modules\next\dist\build\utils.js
<w>  at file dependencies C:\Users\Han\Documents\SKKU 1st Grade\ANYON INTERFACE 2\anyon-chat\node_modules\next\dist\build\webpack\loaders\next-route-loader\index.js
<w>  at file C:\Users\Han\Documents\SKKU 1st Grade\ANYON INTERFACE 2\anyon-chat\node_modules\next\dist\build\webpack\loaders\next-route-loader\index.js
<w>  at file dependencies C:\Users\Han\Documents\SKKU 1st Grade\ANYON INTERFACE 2\anyon-chat\node_modules\next\dist\compiled\loader-runner\LoaderRunner.js
<w>  at file C:\Users\Han\Documents\SKKU 1st Grade\ANYON INTERFACE 2\anyon-chat\node_modules\next\dist\compiled\loader-runner\LoaderRunner.js
<w>  at file dependencies C:\Users\Han\Documents\SKKU 1st Grade\ANYON INTERFACE 2\anyon-chat\node_modules\next\dist\compiled\webpack\bundle5.js
<w>  at file C:\Users\Han\Documents\SKKU 1st Grade\ANYON INTERFACE 2\anyon-chat\node_modules\next\dist\compiled\webpack\bundle5.js
<w>  at file dependencies C:\Users\Han\Documents\SKKU 1st Grade\ANYON INTERFACE 2\anyon-chat\node_modules\next\dist\compiled\webpack\webpack.js
<w>  at file C:\Users\Han\Documents\SKKU 1st Grade\ANYON INTERFACE 2\anyon-chat\node_modules\next\dist\compiled\webpack\webpack.js
<w>  at file dependencies C:\Users\Han\Documents\SKKU 1st Grade\ANYON INTERFACE 2\anyon-chat\node_modules\next\dist\build\webpack\plugins\define-env-plugin.js
<w>  at file C:\Users\Han\Documents\SKKU 1st Grade\ANYON INTERFACE 2\anyon-chat\node_modules\next\dist\build\webpack\plugins\define-env-plugin.js
<w>  at file dependencies C:\Users\Han\Documents\SKKU 1st Grade\ANYON INTERFACE 2\anyon-chat\node_modules\next\dist\build\swc\index.js
<w>  at file C:\Users\Han\Documents\SKKU 1st Grade\ANYON INTERFACE 2\anyon-chat\node_modules\next\dist\build\swc\index.js
<w>  at file dependencies C:\Users\Han\Documents\SKKU 1st Grade\ANYON INTERFACE 2\anyon-chat\node_modules\next\dist\build\webpack\loaders\next-swc-loader.js
<w>  at file C:\Users\Han\Documents\SKKU 1st Grade\ANYON INTERFACE 2\anyon-chat\node_modules\next\dist\build\webpack\loaders\next-swc-loader.js
<w>  at resolve commonjs C:\Users\Han\Documents\SKKU 1st Grade\ANYON INTERFACE 2\anyon-chat\node_modules\next\dist\build\webpack\loaders\next-swc-loader.js
<w> [webpack.cache.PackFileCacheStrategy] Caching failed for pack: Error: ENOENT: no such file or directory, lstat 'C:\Users\Han\Documents\SKKU 1st Grade\ANYON INTERFACE 2\anyon-chat\apps\web\.next\server\vendor-chunks\clsx.js'
<w> [webpack.cache.PackFileCacheStrategy/webpack.FileSystemInfo] Resolving './vendor-chunks/clsx' in C:\Users\Han\Documents\SKKU 1st Grade\ANYON INTERFACE 2\anyon-chat\apps\web\.next\server for build dependencies doesn't lead to expected result 'C:\Users\Han\Documents\SKKU 1st Grade\ANYON INTERFACE 2\anyon-chat\apps\web\.next\server\vendor-chunks\clsx.js', but to 'Error: Can't resolve './vendor-chunks/clsx' in 'C:\Users\Han\Documents\SKKU 1st Grade\ANYON INTERFACE 2\anyon-chat\apps\web\.next\server'' instead. Resolving dependencies are ignored for this path.
<w>  at resolve commonjs file ./vendor-chunks/clsx (expected C:\Users\Han\Documents\SKKU 1st Grade\ANYON INTERFACE 2\anyon-chat\apps\web\.next\server\vendor-chunks\clsx.js)
<w>  at file dependencies C:\Users\Han\Documents\SKKU 1st Grade\ANYON INTERFACE 2\anyon-chat\apps\web\.next\server\webpack-runtime.js
<w>  at file C:\Users\Han\Documents\SKKU 1st Grade\ANYON INTERFACE 2\anyon-chat\apps\web\.next\server\webpack-runtime.js
<w>  at file dependencies C:\Users\Han\Documents\SKKU 1st Grade\ANYON INTERFACE 2\anyon-chat\apps\web\.next\server\pages\_app.js
<w>  at file C:\Users\Han\Documents\SKKU 1st Grade\ANYON INTERFACE 2\anyon-chat\apps\web\.next\server\pages\_app.js
<w>  at file dependencies C:\Users\Han\Documents\SKKU 1st Grade\ANYON INTERFACE 2\anyon-chat\node_modules\next\dist\server\require.js
<w>  at file C:\Users\Han\Documents\SKKU 1st Grade\ANYON INTERFACE 2\anyon-chat\node_modules\next\dist\server\require.js
<w>  at file dependencies C:\Users\Han\Documents\SKKU 1st Grade\ANYON INTERFACE 2\anyon-chat\node_modules\next\dist\server\load-components.js
<w>  at file C:\Users\Han\Documents\SKKU 1st Grade\ANYON INTERFACE 2\anyon-chat\node_modules\next\dist\server\load-components.js
<w>  at file dependencies C:\Users\Han\Documents\SKKU 1st Grade\ANYON INTERFACE 2\anyon-chat\node_modules\next\dist\build\utils.js
<w>  at file C:\Users\Han\Documents\SKKU 1st Grade\ANYON INTERFACE 2\anyon-chat\node_modules\next\dist\build\utils.js
<w>  at file dependencies C:\Users\Han\Documents\SKKU 1st Grade\ANYON INTERFACE 2\anyon-chat\node_modules\next\dist\build\webpack\loaders\next-route-loader\index.js
<w>  at file C:\Users\Han\Documents\SKKU 1st Grade\ANYON INTERFACE 2\anyon-chat\node_modules\next\dist\build\webpack\loaders\next-route-loader\index.js
<w>  at file dependencies C:\Users\Han\Documents\SKKU 1st Grade\ANYON INTERFACE 2\anyon-chat\node_modules\next\dist\compiled\loader-runner\LoaderRunner.js
<w>  at file C:\Users\Han\Documents\SKKU 1st Grade\ANYON INTERFACE 2\anyon-chat\node_modules\next\dist\compiled\loader-runner\LoaderRunner.js
<w>  at file dependencies C:\Users\Han\Documents\SKKU 1st Grade\ANYON INTERFACE 2\anyon-chat\node_modules\next\dist\compiled\webpack\bundle5.js
<w>  at file C:\Users\Han\Documents\SKKU 1st Grade\ANYON INTERFACE 2\anyon-chat\node_modules\next\dist\compiled\webpack\bundle5.js
<w>  at file dependencies C:\Users\Han\Documents\SKKU 1st Grade\ANYON INTERFACE 2\anyon-chat\node_modules\next\dist\compiled\webpack\webpack.js
<w>  at file C:\Users\Han\Documents\SKKU 1st Grade\ANYON INTERFACE 2\anyon-chat\node_modules\next\dist\compiled\webpack\webpack.js
<w>  at file dependencies C:\Users\Han\Documents\SKKU 1st Grade\ANYON INTERFACE 2\anyon-chat\node_modules\next\dist\build\webpack\plugins\define-env-plugin.js
<w>  at file C:\Users\Han\Documents\SKKU 1st Grade\ANYON INTERFACE 2\anyon-chat\node_modules\next\dist\build\webpack\plugins\define-env-plugin.js
<w>  at file dependencies C:\Users\Han\Documents\SKKU 1st Grade\ANYON INTERFACE 2\anyon-chat\node_modules\next\dist\build\swc\index.js
<w>  at file C:\Users\Han\Documents\SKKU 1st Grade\ANYON INTERFACE 2\anyon-chat\node_modules\next\dist\build\swc\index.js
<w>  at file dependencies C:\Users\Han\Documents\SKKU 1st Grade\ANYON INTERFACE 2\anyon-chat\node_modules\next\dist\build\webpack\loaders\next-swc-loader.js
<w>  at file C:\Users\Han\Documents\SKKU 1st Grade\ANYON INTERFACE 2\anyon-chat\node_modules\next\dist\build\webpack\loaders\next-swc-loader.js
<w>  at resolve commonjs C:\Users\Han\Documents\SKKU 1st Grade\ANYON INTERFACE 2\anyon-chat\node_modules\next\dist\build\webpack\loaders\next-swc-loader.js
<w> [webpack.cache.PackFileCacheStrategy/webpack.FileSystemInfo] Resolving './vendor-chunks/nuqs' in C:\Users\Han\Documents\SKKU 1st Grade\ANYON INTERFACE 2\anyon-chat\apps\web\.next\server for build dependencies doesn't lead to expected result 'C:\Users\Han\Documents\SKKU 1st Grade\ANYON INTERFACE 2\anyon-chat\apps\web\.next\server\vendor-chunks\nuqs.js', but to 'Error: Can't resolve './vendor-chunks/nuqs' in 'C:\Users\Han\Documents\SKKU 1st Grade\ANYON INTERFACE 2\anyon-chat\apps\web\.next\server'' instead. Resolving dependencies are ignored for this path.
<w>  at resolve commonjs file ./vendor-chunks/nuqs (expected C:\Users\Han\Documents\SKKU 1st Grade\ANYON INTERFACE 2\anyon-chat\apps\web\.next\server\vendor-chunks\nuqs.js)
<w>  at file dependencies C:\Users\Han\Documents\SKKU 1st Grade\ANYON INTERFACE 2\anyon-chat\apps\web\.next\server\webpack-runtime.js
<w>  at file C:\Users\Han\Documents\SKKU 1st Grade\ANYON INTERFACE 2\anyon-chat\apps\web\.next\server\webpack-runtime.js
<w>  at file dependencies C:\Users\Han\Documents\SKKU 1st Grade\ANYON INTERFACE 2\anyon-chat\apps\web\.next\server\pages\_app.js
<w>  at file C:\Users\Han\Documents\SKKU 1st Grade\ANYON INTERFACE 2\anyon-chat\apps\web\.next\server\pages\_app.js
<w>  at file dependencies C:\Users\Han\Documents\SKKU 1st Grade\ANYON INTERFACE 2\anyon-chat\node_modules\next\dist\server\require.js
<w>  at file C:\Users\Han\Documents\SKKU 1st Grade\ANYON INTERFACE 2\anyon-chat\node_modules\next\dist\server\require.js
<w>  at file dependencies C:\Users\Han\Documents\SKKU 1st Grade\ANYON INTERFACE 2\anyon-chat\node_modules\next\dist\server\load-components.js
<w>  at file C:\Users\Han\Documents\SKKU 1st Grade\ANYON INTERFACE 2\anyon-chat\node_modules\next\dist\server\load-components.js
<w>  at file dependencies C:\Users\Han\Documents\SKKU 1st Grade\ANYON INTERFACE 2\anyon-chat\node_modules\next\dist\build\utils.js
<w>  at file C:\Users\Han\Documents\SKKU 1st Grade\ANYON INTERFACE 2\anyon-chat\node_modules\next\dist\build\utils.js
<w>  at file dependencies C:\Users\Han\Documents\SKKU 1st Grade\ANYON INTERFACE 2\anyon-chat\node_modules\next\dist\build\webpack\loaders\next-route-loader\index.js
<w>  at file C:\Users\Han\Documents\SKKU 1st Grade\ANYON INTERFACE 2\anyon-chat\node_modules\next\dist\build\webpack\loaders\next-route-loader\index.js
<w>  at file dependencies C:\Users\Han\Documents\SKKU 1st Grade\ANYON INTERFACE 2\anyon-chat\node_modules\next\dist\compiled\loader-runner\LoaderRunner.js
<w>  at file C:\Users\Han\Documents\SKKU 1st Grade\ANYON INTERFACE 2\anyon-chat\node_modules\next\dist\compiled\loader-runner\LoaderRunner.js
<w>  at file dependencies C:\Users\Han\Documents\SKKU 1st Grade\ANYON INTERFACE 2\anyon-chat\node_modules\next\dist\compiled\webpack\bundle5.js
<w>  at file C:\Users\Han\Documents\SKKU 1st Grade\ANYON INTERFACE 2\anyon-chat\node_modules\next\dist\compiled\webpack\bundle5.js
<w>  at file dependencies C:\Users\Han\Documents\SKKU 1st Grade\ANYON INTERFACE 2\anyon-chat\node_modules\next\dist\compiled\webpack\webpack.js
<w>  at file C:\Users\Han\Documents\SKKU 1st Grade\ANYON INTERFACE 2\anyon-chat\node_modules\next\dist\compiled\webpack\webpack.js
<w>  at file dependencies C:\Users\Han\Documents\SKKU 1st Grade\ANYON INTERFACE 2\anyon-chat\node_modules\next\dist\build\webpack\plugins\define-env-plugin.js
<w>  at file C:\Users\Han\Documents\SKKU 1st Grade\ANYON INTERFACE 2\anyon-chat\node_modules\next\dist\build\webpack\plugins\define-env-plugin.js
<w>  at file dependencies C:\Users\Han\Documents\SKKU 1st Grade\ANYON INTERFACE 2\anyon-chat\node_modules\next\dist\build\swc\index.js
<w>  at file C:\Users\Han\Documents\SKKU 1st Grade\ANYON INTERFACE 2\anyon-chat\node_modules\next\dist\build\swc\index.js
<w>  at file dependencies C:\Users\Han\Documents\SKKU 1st Grade\ANYON INTERFACE 2\anyon-chat\node_modules\next\dist\build\webpack\loaders\next-swc-loader.js
<w>  at file C:\Users\Han\Documents\SKKU 1st Grade\ANYON INTERFACE 2\anyon-chat\node_modules\next\dist\build\webpack\loaders\next-swc-loader.js
<w>  at resolve commonjs C:\Users\Han\Documents\SKKU 1st Grade\ANYON INTERFACE 2\anyon-chat\node_modules\next\dist\build\webpack\loaders\next-swc-loader.js
<w> [webpack.cache.PackFileCacheStrategy/webpack.FileSystemInfo] Resolving './vendor-chunks/tailwind-merge' in C:\Users\Han\Documents\SKKU 1st Grade\ANYON INTERFACE 2\anyon-chat\apps\web\.next\server for build dependencies doesn't lead to expected result 'C:\Users\Han\Documents\SKKU 1st Grade\ANYON INTERFACE 2\anyon-chat\apps\web\.next\server\vendor-chunks\tailwind-merge.js', but to 'Error: Can't resolve './vendor-chunks/tailwind-merge' in 'C:\Users\Han\Documents\SKKU 1st Grade\ANYON INTERFACE 2\anyon-chat\apps\web\.next\server'' instead. Resolving dependencies are ignored for this path.
<w>  at resolve commonjs file ./vendor-chunks/tailwind-merge (expected C:\Users\Han\Documents\SKKU 1st Grade\ANYON INTERFACE 2\anyon-chat\apps\web\.next\server\vendor-chunks\tailwind-merge.js)
<w>  at file dependencies C:\Users\Han\Documents\SKKU 1st Grade\ANYON INTERFACE 2\anyon-chat\apps\web\.next\server\webpack-runtime.js
<w>  at file C:\Users\Han\Documents\SKKU 1st Grade\ANYON INTERFACE 2\anyon-chat\apps\web\.next\server\webpack-runtime.js
<w>  at file dependencies C:\Users\Han\Documents\SKKU 1st Grade\ANYON INTERFACE 2\anyon-chat\apps\web\.next\server\pages\_app.js
<w>  at file C:\Users\Han\Documents\SKKU 1st Grade\ANYON INTERFACE 2\anyon-chat\apps\web\.next\server\pages\_app.js
<w>  at file dependencies C:\Users\Han\Documents\SKKU 1st Grade\ANYON INTERFACE 2\anyon-chat\node_modules\next\dist\server\require.js
<w>  at file C:\Users\Han\Documents\SKKU 1st Grade\ANYON INTERFACE 2\anyon-chat\node_modules\next\dist\server\require.js
<w>  at file dependencies C:\Users\Han\Documents\SKKU 1st Grade\ANYON INTERFACE 2\anyon-chat\node_modules\next\dist\server\load-components.js
<w>  at file C:\Users\Han\Documents\SKKU 1st Grade\ANYON INTERFACE 2\anyon-chat\node_modules\next\dist\server\load-components.js
<w>  at file dependencies C:\Users\Han\Documents\SKKU 1st Grade\ANYON INTERFACE 2\anyon-chat\node_modules\next\dist\build\utils.js
<w>  at file C:\Users\Han\Documents\SKKU 1st Grade\ANYON INTERFACE 2\anyon-chat\node_modules\next\dist\build\utils.js
<w>  at file dependencies C:\Users\Han\Documents\SKKU 1st Grade\ANYON INTERFACE 2\anyon-chat\node_modules\next\dist\build\webpack\loaders\next-route-loader\index.js
<w>  at file C:\Users\Han\Documents\SKKU 1st Grade\ANYON INTERFACE 2\anyon-chat\node_modules\next\dist\build\webpack\loaders\next-route-loader\index.js
<w>  at file dependencies C:\Users\Han\Documents\SKKU 1st Grade\ANYON INTERFACE 2\anyon-chat\node_modules\next\dist\compiled\loader-runner\LoaderRunner.js
<w>  at file C:\Users\Han\Documents\SKKU 1st Grade\ANYON INTERFACE 2\anyon-chat\node_modules\next\dist\compiled\loader-runner\LoaderRunner.js
<w>  at file dependencies C:\Users\Han\Documents\SKKU 1st Grade\ANYON INTERFACE 2\anyon-chat\node_modules\next\dist\compiled\webpack\bundle5.js
<w>  at file C:\Users\Han\Documents\SKKU 1st Grade\ANYON INTERFACE 2\anyon-chat\node_modules\next\dist\compiled\webpack\bundle5.js
<w>  at file dependencies C:\Users\Han\Documents\SKKU 1st Grade\ANYON INTERFACE 2\anyon-chat\node_modules\next\dist\compiled\webpack\webpack.js
<w>  at file C:\Users\Han\Documents\SKKU 1st Grade\ANYON INTERFACE 2\anyon-chat\node_modules\next\dist\compiled\webpack\webpack.js
<w>  at file dependencies C:\Users\Han\Documents\SKKU 1st Grade\ANYON INTERFACE 2\anyon-chat\node_modules\next\dist\build\webpack\plugins\define-env-plugin.js
<w>  at file C:\Users\Han\Documents\SKKU 1st Grade\ANYON INTERFACE 2\anyon-chat\node_modules\next\dist\build\webpack\plugins\define-env-plugin.js
<w>  at file dependencies C:\Users\Han\Documents\SKKU 1st Grade\ANYON INTERFACE 2\anyon-chat\node_modules\next\dist\build\swc\index.js
<w>  at file C:\Users\Han\Documents\SKKU 1st Grade\ANYON INTERFACE 2\anyon-chat\node_modules\next\dist\build\swc\index.js
<w>  at file dependencies C:\Users\Han\Documents\SKKU 1st Grade\ANYON INTERFACE 2\anyon-chat\node_modules\next\dist\build\webpack\loaders\next-swc-loader.js
<w>  at file C:\Users\Han\Documents\SKKU 1st Grade\ANYON INTERFACE 2\anyon-chat\node_modules\next\dist\build\webpack\loaders\next-swc-loader.js
<w>  at resolve commonjs C:\Users\Han\Documents\SKKU 1st Grade\ANYON INTERFACE 2\anyon-chat\node_modules\next\dist\build\webpack\loaders\next-swc-loader.js
Yjs was already imported. This breaks constructor checks and will lead to issues! - https://github.com/yjs/yjs/issues/438
 ⨯ ReferenceError: document is not defined
    at TextRendererComponent (./src/components/artifacts/TextRenderer.tsx:92:89)
digest: "2141998177"
 ⨯ Error: Cannot find module './4522.js'
Require stack:
- C:\Users\Han\Documents\SKKU 1st Grade\ANYON INTERFACE 2\anyon-chat\apps\web\.next\server\webpack-runtime.js
- C:\Users\Han\Documents\SKKU 1st Grade\ANYON INTERFACE 2\anyon-chat\apps\web\.next\server\pages\_document.js
- C:\Users\Han\Documents\SKKU 1st Grade\ANYON INTERFACE 2\anyon-chat\node_modules\next\dist\server\require.js
- C:\Users\Han\Documents\SKKU 1st Grade\ANYON INTERFACE 2\anyon-chat\node_modules\next\dist\server\load-components.js
- C:\Users\Han\Documents\SKKU 1st Grade\ANYON INTERFACE 2\anyon-chat\node_modules\next\dist\build\utils.js
- C:\Users\Han\Documents\SKKU 1st Grade\ANYON INTERFACE 2\anyon-chat\node_modules\next\dist\server\dev\hot-middleware.js
- C:\Users\Han\Documents\SKKU 1st Grade\ANYON INTERFACE 2\anyon-chat\node_modules\next\dist\server\dev\hot-reloader-webpack.js
- C:\Users\Han\Documents\SKKU 1st Grade\ANYON INTERFACE 2\anyon-chat\node_modules\next\dist\server\lib\router-utils\setup-dev-bundler.js
- C:\Users\Han\Documents\SKKU 1st Grade\ANYON INTERFACE 2\anyon-chat\node_modules\next\dist\server\lib\router-server.js
- C:\Users\Han\Documents\SKKU 1st Grade\ANYON INTERFACE 2\anyon-chat\node_modules\next\dist\server\lib\start-server.js
    at Function.<anonymous> (node:internal/modules/cjs/loader:1383:15)
    at C:\Users\Han\Documents\SKKU 1st Grade\ANYON INTERFACE 2\anyon-chat\node_modules\next\dist\server\require-hook.js:55:36
    at defaultResolveImpl (node:internal/modules/cjs/loader:1025:19)
    at resolveForCJSWithHooks (node:internal/modules/cjs/loader:1030:22)
    at Function._load (node:internal/modules/cjs/loader:1192:37)
    at TracingChannel.traceSync (node:diagnostics_channel:322:14)
    at wrapModuleLoad (node:internal/modules/cjs/loader:237:24)
    at Module.<anonymous> (node:internal/modules/cjs/loader:1463:12)
    at mod.require (C:\Users\Han\Documents\SKKU 1st Grade\ANYON INTERFACE 2\anyon-chat\node_modules\next\dist\server\require-hook.js:65:28)
    at require (node:internal/modules/helpers:147:16)
    at __webpack_require__.f.require (C:\Users\Han\Documents\SKKU 1st Grade\ANYON INTERFACE 2\anyon-chat\apps\web\.next\server\webpack-runtime.js:213:28)
    at C:\Users\Han\Documents\SKKU 1st Grade\ANYON INTERFACE 2\anyon-chat\apps\web\.next\server\webpack-runtime.js:116:40
    at Array.reduce (<anonymous>)
    at __webpack_require__.e (C:\Users\Han\Documents\SKKU 1st Grade\ANYON INTERFACE 2\anyon-chat\apps\web\.next\server\webpack-runtime.js:115:67)
    at Array.map (<anonymous>)
    at __webpack_require__.X (C:\Users\Han\Documents\SKKU 1st Grade\ANYON INTERFACE 2\anyon-chat\apps\web\.next\server\webpack-runtime.js:167:22)
    at C:\Users\Han\Documents\SKKU 1st Grade\ANYON INTERFACE 2\anyon-chat\apps\web\.next\server\app\api\[..._path]\route.js:1:4402
    at Object.<anonymous> (C:\Users\Han\Documents\SKKU 1st Grade\ANYON INTERFACE 2\anyon-chat\apps\web\.next\server\app\api\[..._path]\route.js:1:4460)
    at Module._compile (node:internal/modules/cjs/loader:1706:14)
    at Object..js (node:internal/modules/cjs/loader:1839:10)
    at Module.load (node:internal/modules/cjs/loader:1441:32)
    at Function._load (node:internal/modules/cjs/loader:1263:12)
    at TracingChannel.traceSync (node:diagnostics_channel:322:14)
    at wrapModuleLoad (node:internal/modules/cjs/loader:237:24)
    at Module.<anonymous> (node:internal/modules/cjs/loader:1463:12)
    at mod.require (C:\Users\Han\Documents\SKKU 1st Grade\ANYON INTERFACE 2\anyon-chat\node_modules\next\dist\server\require-hook.js:65:28)
    at require (node:internal/modules/helpers:147:16)
    at requirePage (C:\Users\Han\Documents\SKKU 1st Grade\ANYON INTERFACE 2\anyon-chat\node_modules\next\dist\server\require.js:109:84)
    at C:\Users\Han\Documents\SKKU 1st Grade\ANYON INTERFACE 2\anyon-chat\node_modules\next\dist\server\load-components.js:103:84
    at async loadComponentsImpl (C:\Users\Han\Documents\SKKU 1st Grade\ANYON INTERFACE 2\anyon-chat\node_modules\next\dist\server\load-components.js:103:26)
    at async DevServer.findPageComponentsImpl (C:\Users\Han\Documents\SKKU 1st Grade\ANYON INTERFACE 2\anyon-chat\node_modules\next\dist\server\next-server.js:714:36)
    at async DevServer.findPageComponents (C:\Users\Han\Documents\SKKU 1st Grade\ANYON INTERFACE 2\anyon-chat\node_modules\next\dist\server\dev\next-dev-server.js:577:20)
    at async DevServer.renderPageComponent (C:\Users\Han\Documents\SKKU 1st Grade\ANYON INTERFACE 2\anyon-chat\node_modules\next\dist\server\base-server.js:1910:24)
    at async DevServer.renderToResponseImpl (C:\Users\Han\Documents\SKKU 1st Grade\ANYON INTERFACE 2\anyon-chat\node_modules\next\dist\server\base-server.js:1962:32)
    at async DevServer.pipeImpl (C:\Users\Han\Documents\SKKU 1st Grade\ANYON INTERFACE 2\anyon-chat\node_modules\next\dist\server\base-server.js:922:25)
    at async NextNodeServer.handleCatchallRenderRequest (C:\Users\Han\Documents\SKKU 1st Grade\ANYON INTERFACE 2\anyon-chat\node_modules\next\dist\server\next-server.js:272:17)
    at async DevServer.handleRequestImpl (C:\Users\Han\Documents\SKKU 1st Grade\ANYON INTERFACE 2\anyon-chat\node_modules\next\dist\server\base-server.js:818:17)
    at async C:\Users\Han\Documents\SKKU 1st Grade\ANYON INTERFACE 2\anyon-chat\node_modules\next\dist\server\dev\next-dev-server.js:339:20
    at async Span.traceAsyncFn (C:\Users\Han\Documents\SKKU 1st Grade\ANYON INTERFACE 2\anyon-chat\node_modules\next\dist\trace\trace.js:154:20)
    at async DevServer.handleRequest (C:\Users\Han\Documents\SKKU 1st Grade\ANYON INTERFACE 2\anyon-chat\node_modules\next\dist\server\dev\next-dev-server.js:336:24)
    at async invokeRender (C:\Users\Han\Documents\SKKU 1st Grade\ANYON INTERFACE 2\anyon-chat\node_modules\next\dist\server\lib\router-server.js:182:21)
    at async handleRequest (C:\Users\Han\Documents\SKKU 1st Grade\ANYON INTERFACE 2\anyon-chat\node_modules\next\dist\server\lib\router-server.js:359:24)
    at async requestHandlerImpl (C:\Users\Han\Documents\SKKU 1st Grade\ANYON INTERFACE 2\anyon-chat\node_modules\next\dist\server\lib\router-server.js:383:13)
    at async Server.requestListener (C:\Users\Han\Documents\SKKU 1st Grade\ANYON INTERFACE 2\anyon-chat\node_modules\next\dist\server\lib\start-server.js:141:13) {
  code: 'MODULE_NOT_FOUND',
  requireStack: [
    'C:\\Users\\Han\\Documents\\SKKU 1st Grade\\ANYON INTERFACE 2\\anyon-chat\\apps\\web\\.next\\server\\webpack-runtime.js',
    'C:\\Users\\Han\\Documents\\SKKU 1st Grade\\ANYON INTERFACE 2\\anyon-chat\\apps\\web\\.next\\server\\pages\\_document.js',
    'C:\\Users\\Han\\Documents\\SKKU 1st Grade\\ANYON INTERFACE 2\\anyon-chat\\node_modules\\next\\dist\\server\\require.js',
    'C:\\Users\\Han\\Documents\\SKKU 1st Grade\\ANYON INTERFACE 2\\anyon-chat\\node_modules\\next\\dist\\server\\load-components.js',
    'C:\\Users\\Han\\Documents\\SKKU 1st Grade\\ANYON INTERFACE 2\\anyon-chat\\node_modules\\next\\dist\\build\\utils.js',
    'C:\\Users\\Han\\Documents\\SKKU 1st Grade\\ANYON INTERFACE 2\\anyon-chat\\node_modules\\next\\dist\\server\\dev\\hot-middleware.js',
    'C:\\Users\\Han\\Documents\\SKKU 1st Grade\\ANYON INTERFACE 2\\anyon-chat\\node_modules\\next\\dist\\server\\dev\\hot-reloader-webpack.js',
    'C:\\Users\\Han\\Documents\\SKKU 1st Grade\\ANYON INTERFACE 2\\anyon-chat\\node_modules\\next\\dist\\server\\lib\\router-utils\\setup-dev-bundler.js',
    'C:\\Users\\Han\\Documents\\SKKU 1st Grade\\ANYON INTERFACE 2\\anyon-chat\\node_modules\\next\\dist\\server\\lib\\router-server.js',
    'C:\\Users\\Han\\Documents\\SKKU 1st Grade\\ANYON INTERFACE 2\\anyon-chat\\node_modules\\next\\dist\\server\\lib\\start-server.js'
  ],
  page: '/api/threads/search'
}
 ⨯ Error: Cannot find module './4522.js'
Require stack:
- C:\Users\Han\Documents\SKKU 1st Grade\ANYON INTERFACE 2\anyon-chat\apps\web\.next\server\webpack-runtime.js
- C:\Users\Han\Documents\SKKU 1st Grade\ANYON INTERFACE 2\anyon-chat\apps\web\.next\server\pages\_document.js
- C:\Users\Han\Documents\SKKU 1st Grade\ANYON INTERFACE 2\anyon-chat\node_modules\next\dist\server\require.js
- C:\Users\Han\Documents\SKKU 1st Grade\ANYON INTERFACE 2\anyon-chat\node_modules\next\dist\server\load-components.js
- C:\Users\Han\Documents\SKKU 1st Grade\ANYON INTERFACE 2\anyon-chat\node_modules\next\dist\build\utils.js
- C:\Users\Han\Documents\SKKU 1st Grade\ANYON INTERFACE 2\anyon-chat\node_modules\next\dist\server\dev\hot-middleware.js
- C:\Users\Han\Documents\SKKU 1st Grade\ANYON INTERFACE 2\anyon-chat\node_modules\next\dist\server\dev\hot-reloader-webpack.js
- C:\Users\Han\Documents\SKKU 1st Grade\ANYON INTERFACE 2\anyon-chat\node_modules\next\dist\server\lib\router-utils\setup-dev-bundler.js
- C:\Users\Han\Documents\SKKU 1st Grade\ANYON INTERFACE 2\anyon-chat\node_modules\next\dist\server\lib\router-server.js
- C:\Users\Han\Documents\SKKU 1st Grade\ANYON INTERFACE 2\anyon-chat\node_modules\next\dist\server\lib\start-server.js
    at Function.<anonymous> (node:internal/modules/cjs/loader:1383:15)
    at C:\Users\Han\Documents\SKKU 1st Grade\ANYON INTERFACE 2\anyon-chat\node_modules\next\dist\server\require-hook.js:55:36
    at defaultResolveImpl (node:internal/modules/cjs/loader:1025:19)
    at resolveForCJSWithHooks (node:internal/modules/cjs/loader:1030:22)
    at Function._load (node:internal/modules/cjs/loader:1192:37)
    at TracingChannel.traceSync (node:diagnostics_channel:322:14)
    at wrapModuleLoad (node:internal/modules/cjs/loader:237:24)
    at Module.<anonymous> (node:internal/modules/cjs/loader:1463:12)
    at mod.require (C:\Users\Han\Documents\SKKU 1st Grade\ANYON INTERFACE 2\anyon-chat\node_modules\next\dist\server\require-hook.js:65:28)
    at require (node:internal/modules/helpers:147:16)
    at __webpack_require__.f.require (C:\Users\Han\Documents\SKKU 1st Grade\ANYON INTERFACE 2\anyon-chat\apps\web\.next\server\webpack-runtime.js:213:28)
    at C:\Users\Han\Documents\SKKU 1st Grade\ANYON INTERFACE 2\anyon-chat\apps\web\.next\server\webpack-runtime.js:116:40
    at Array.reduce (<anonymous>)
    at __webpack_require__.e (C:\Users\Han\Documents\SKKU 1st Grade\ANYON INTERFACE 2\anyon-chat\apps\web\.next\server\webpack-runtime.js:115:67)
    at Array.map (<anonymous>)
    at __webpack_require__.X (C:\Users\Han\Documents\SKKU 1st Grade\ANYON INTERFACE 2\anyon-chat\apps\web\.next\server\webpack-runtime.js:167:22)
    at C:\Users\Han\Documents\SKKU 1st Grade\ANYON INTERFACE 2\anyon-chat\apps\web\.next\server\app\api\[..._path]\route.js:1:4402
    at Object.<anonymous> (C:\Users\Han\Documents\SKKU 1st Grade\ANYON INTERFACE 2\anyon-chat\apps\web\.next\server\app\api\[..._path]\route.js:1:4460)
    at Module._compile (node:internal/modules/cjs/loader:1706:14)
    at Object..js (node:internal/modules/cjs/loader:1839:10)
    at Module.load (node:internal/modules/cjs/loader:1441:32)
    at Function._load (node:internal/modules/cjs/loader:1263:12)
    at TracingChannel.traceSync (node:diagnostics_channel:322:14)
    at wrapModuleLoad (node:internal/modules/cjs/loader:237:24)
    at Module.<anonymous> (node:internal/modules/cjs/loader:1463:12)
    at mod.require (C:\Users\Han\Documents\SKKU 1st Grade\ANYON INTERFACE 2\anyon-chat\node_modules\next\dist\server\require-hook.js:65:28)
    at require (node:internal/modules/helpers:147:16)
    at requirePage (C:\Users\Han\Documents\SKKU 1st Grade\ANYON INTERFACE 2\anyon-chat\node_modules\next\dist\server\require.js:109:84)
    at C:\Users\Han\Documents\SKKU 1st Grade\ANYON INTERFACE 2\anyon-chat\node_modules\next\dist\server\load-components.js:103:84
    at async loadComponentsImpl (C:\Users\Han\Documents\SKKU 1st Grade\ANYON INTERFACE 2\anyon-chat\node_modules\next\dist\server\load-components.js:103:26)
    at async DevServer.findPageComponentsImpl (C:\Users\Han\Documents\SKKU 1st Grade\ANYON INTERFACE 2\anyon-chat\node_modules\next\dist\server\next-server.js:714:36)
    at async DevServer.findPageComponents (C:\Users\Han\Documents\SKKU 1st Grade\ANYON INTERFACE 2\anyon-chat\node_modules\next\dist\server\dev\next-dev-server.js:577:20)
    at async DevServer.renderPageComponent (C:\Users\Han\Documents\SKKU 1st Grade\ANYON INTERFACE 2\anyon-chat\node_modules\next\dist\server\base-server.js:1910:24)
    at async DevServer.renderToResponseImpl (C:\Users\Han\Documents\SKKU 1st Grade\ANYON INTERFACE 2\anyon-chat\node_modules\next\dist\server\base-server.js:1962:32)
    at async DevServer.pipeImpl (C:\Users\Han\Documents\SKKU 1st Grade\ANYON INTERFACE 2\anyon-chat\node_modules\next\dist\server\base-server.js:922:25)
    at async NextNodeServer.handleCatchallRenderRequest (C:\Users\Han\Documents\SKKU 1st Grade\ANYON INTERFACE 2\anyon-chat\node_modules\next\dist\server\next-server.js:272:17)
    at async DevServer.handleRequestImpl (C:\Users\Han\Documents\SKKU 1st Grade\ANYON INTERFACE 2\anyon-chat\node_modules\next\dist\server\base-server.js:818:17)
    at async C:\Users\Han\Documents\SKKU 1st Grade\ANYON INTERFACE 2\anyon-chat\node_modules\next\dist\server\dev\next-dev-server.js:339:20
    at async Span.traceAsyncFn (C:\Users\Han\Documents\SKKU 1st Grade\ANYON INTERFACE 2\anyon-chat\node_modules\next\dist\trace\trace.js:154:20)
    at async DevServer.handleRequest (C:\Users\Han\Documents\SKKU 1st Grade\ANYON INTERFACE 2\anyon-chat\node_modules\next\dist\server\dev\next-dev-server.js:336:24)
    at async invokeRender (C:\Users\Han\Documents\SKKU 1st Grade\ANYON INTERFACE 2\anyon-chat\node_modules\next\dist\server\lib\router-server.js:182:21)
    at async handleRequest (C:\Users\Han\Documents\SKKU 1st Grade\ANYON INTERFACE 2\anyon-chat\node_modules\next\dist\server\lib\router-server.js:359:24)
    at async requestHandlerImpl (C:\Users\Han\Documents\SKKU 1st Grade\ANYON INTERFACE 2\anyon-chat\node_modules\next\dist\server\lib\router-server.js:383:13)
    at async Server.requestListener (C:\Users\Han\Documents\SKKU 1st Grade\ANYON INTERFACE 2\anyon-chat\node_modules\next\dist\server\lib\start-server.js:141:13) {
  code: 'MODULE_NOT_FOUND',
  requireStack: [
    'C:\\Users\\Han\\Documents\\SKKU 1st Grade\\ANYON INTERFACE 2\\anyon-chat\\apps\\web\\.next\\server\\webpack-runtime.js',
    'C:\\Users\\Han\\Documents\\SKKU 1st Grade\\ANYON INTERFACE 2\\anyon-chat\\apps\\web\\.next\\server\\pages\\_document.js',
    'C:\\Users\\Han\\Documents\\SKKU 1st Grade\\ANYON INTERFACE 2\\anyon-chat\\node_modules\\next\\dist\\server\\require.js',
    'C:\\Users\\Han\\Documents\\SKKU 1st Grade\\ANYON INTERFACE 2\\anyon-chat\\node_modules\\next\\dist\\server\\load-components.js',
    'C:\\Users\\Han\\Documents\\SKKU 1st Grade\\ANYON INTERFACE 2\\anyon-chat\\node_modules\\next\\dist\\build\\utils.js',
    'C:\\Users\\Han\\Documents\\SKKU 1st Grade\\ANYON INTERFACE 2\\anyon-chat\\node_modules\\next\\dist\\server\\dev\\hot-middleware.js',
    'C:\\Users\\Han\\Documents\\SKKU 1st Grade\\ANYON INTERFACE 2\\anyon-chat\\node_modules\\next\\dist\\server\\dev\\hot-reloader-webpack.js',
    'C:\\Users\\Han\\Documents\\SKKU 1st Grade\\ANYON INTERFACE 2\\anyon-chat\\node_modules\\next\\dist\\server\\lib\\router-utils\\setup-dev-bundler.js',
    'C:\\Users\\Han\\Documents\\SKKU 1st Grade\\ANYON INTERFACE 2\\anyon-chat\\node_modules\\next\\dist\\server\\lib\\router-server.js',
    'C:\\Users\\Han\\Documents\\SKKU 1st Grade\\ANYON INTERFACE 2\\anyon-chat\\node_modules\\next\\dist\\server\\lib\\start-server.js'
  ],
  page: '/api/assistants/search'
}
 POST /api/threads/search 500 in 3898ms
 POST /api/assistants/search 500 in 3910ms
Error: aborted
    at abortIncoming (node:_http_server:825:17)
    at socketOnClose (node:_http_server:819:3)
    at Socket.emit (node:events:531:35)
    at TCP.<anonymous> (node:net:346:12)
    at TCP.callbackTrampoline (node:internal/async_hooks:130:17) {
  code: 'ECONNRESET'
}
 ⨯ uncaughtException: Error: aborted
    at abortIncoming (node:_http_server:825:17)
    at socketOnClose (node:_http_server:819:3)
    at Socket.emit (node:events:531:35)
    at TCP.<anonymous> (node:net:346:12)
    at TCP.callbackTrampoline (node:internal/async_hooks:130:17) {
  code: 'ECONNRESET'
}
 ⨯ uncaughtException: Error: aborted
    at abortIncoming (node:_http_server:825:17)
    at socketOnClose (node:_http_server:819:3)
    at Socket.emit (node:events:531:35)
    at TCP.<anonymous> (node:net:346:12)
    at TCP.callbackTrampoline (node:internal/async_hooks:130:17) {
  code: 'ECONNRESET'
}
 GET / 200 in 3955ms
 GET /_next/static/css/app/page.css?v=1763608648444 404 in 66ms
 GET /_next/static/css/app/layout.css?v=1763608648444 404 in 67ms
 ⨯ Error: Cannot find module './4522.js'
Require stack:
- C:\Users\Han\Documents\SKKU 1st Grade\ANYON INTERFACE 2\anyon-chat\apps\web\.next\server\webpack-runtime.js
- C:\Users\Han\Documents\SKKU 1st Grade\ANYON INTERFACE 2\anyon-chat\apps\web\.next\server\pages\_document.js
- C:\Users\Han\Documents\SKKU 1st Grade\ANYON INTERFACE 2\anyon-chat\node_modules\next\dist\server\require.js
- C:\Users\Han\Documents\SKKU 1st Grade\ANYON INTERFACE 2\anyon-chat\node_modules\next\dist\server\load-components.js
- C:\Users\Han\Documents\SKKU 1st Grade\ANYON INTERFACE 2\anyon-chat\node_modules\next\dist\build\utils.js
- C:\Users\Han\Documents\SKKU 1st Grade\ANYON INTERFACE 2\anyon-chat\node_modules\next\dist\server\dev\hot-middleware.js
- C:\Users\Han\Documents\SKKU 1st Grade\ANYON INTERFACE 2\anyon-chat\node_modules\next\dist\server\dev\hot-reloader-webpack.js
- C:\Users\Han\Documents\SKKU 1st Grade\ANYON INTERFACE 2\anyon-chat\node_modules\next\dist\server\lib\router-utils\setup-dev-bundler.js
- C:\Users\Han\Documents\SKKU 1st Grade\ANYON INTERFACE 2\anyon-chat\node_modules\next\dist\server\lib\router-server.js
- C:\Users\Han\Documents\SKKU 1st Grade\ANYON INTERFACE 2\anyon-chat\node_modules\next\dist\server\lib\start-server.js
    at Function.<anonymous> (node:internal/modules/cjs/loader:1383:15)
    at C:\Users\Han\Documents\SKKU 1st Grade\ANYON INTERFACE 2\anyon-chat\node_modules\next\dist\server\require-hook.js:55:36
    at defaultResolveImpl (node:internal/modules/cjs/loader:1025:19)
    at resolveForCJSWithHooks (node:internal/modules/cjs/loader:1030:22)
    at Function._load (node:internal/modules/cjs/loader:1192:37)
    at TracingChannel.traceSync (node:diagnostics_channel:322:14)
    at wrapModuleLoad (node:internal/modules/cjs/loader:237:24)
    at Module.<anonymous> (node:internal/modules/cjs/loader:1463:12)
    at mod.require (C:\Users\Han\Documents\SKKU 1st Grade\ANYON INTERFACE 2\anyon-chat\node_modules\next\dist\server\require-hook.js:65:28)
    at require (node:internal/modules/helpers:147:16)
    at __webpack_require__.f.require (C:\Users\Han\Documents\SKKU 1st Grade\ANYON INTERFACE 2\anyon-chat\apps\web\.next\server\webpack-runtime.js:213:28)
    at C:\Users\Han\Documents\SKKU 1st Grade\ANYON INTERFACE 2\anyon-chat\apps\web\.next\server\webpack-runtime.js:116:40
    at Array.reduce (<anonymous>)
    at __webpack_require__.e (C:\Users\Han\Documents\SKKU 1st Grade\ANYON INTERFACE 2\anyon-chat\apps\web\.next\server\webpack-runtime.js:115:67)
    at Array.map (<anonymous>)
    at __webpack_require__.X (C:\Users\Han\Documents\SKKU 1st Grade\ANYON INTERFACE 2\anyon-chat\apps\web\.next\server\webpack-runtime.js:167:22)
    at C:\Users\Han\Documents\SKKU 1st Grade\ANYON INTERFACE 2\anyon-chat\apps\web\.next\server\app\api\[..._path]\route.js:1:4402
    at Object.<anonymous> (C:\Users\Han\Documents\SKKU 1st Grade\ANYON INTERFACE 2\anyon-chat\apps\web\.next\server\app\api\[..._path]\route.js:1:4460)
    at Module._compile (node:internal/modules/cjs/loader:1706:14)
    at Object..js (node:internal/modules/cjs/loader:1839:10)
    at Module.load (node:internal/modules/cjs/loader:1441:32)
    at Function._load (node:internal/modules/cjs/loader:1263:12)
    at TracingChannel.traceSync (node:diagnostics_channel:322:14)
    at wrapModuleLoad (node:internal/modules/cjs/loader:237:24)
    at Module.<anonymous> (node:internal/modules/cjs/loader:1463:12)
    at mod.require (C:\Users\Han\Documents\SKKU 1st Grade\ANYON INTERFACE 2\anyon-chat\node_modules\next\dist\server\require-hook.js:65:28)
    at require (node:internal/modules/helpers:147:16)
    at requirePage (C:\Users\Han\Documents\SKKU 1st Grade\ANYON INTERFACE 2\anyon-chat\node_modules\next\dist\server\require.js:109:84)
    at C:\Users\Han\Documents\SKKU 1st Grade\ANYON INTERFACE 2\anyon-chat\node_modules\next\dist\server\load-components.js:103:84
    at async loadComponentsImpl (C:\Users\Han\Documents\SKKU 1st Grade\ANYON INTERFACE 2\anyon-chat\node_modules\next\dist\server\load-components.js:103:26)
    at async DevServer.findPageComponentsImpl (C:\Users\Han\Documents\SKKU 1st Grade\ANYON INTERFACE 2\anyon-chat\node_modules\next\dist\server\next-server.js:714:36)
    at async DevServer.findPageComponents (C:\Users\Han\Documents\SKKU 1st Grade\ANYON INTERFACE 2\anyon-chat\node_modules\next\dist\server\dev\next-dev-server.js:577:20)
    at async DevServer.renderPageComponent (C:\Users\Han\Documents\SKKU 1st Grade\ANYON INTERFACE 2\anyon-chat\node_modules\next\dist\server\base-server.js:1910:24)
    at async DevServer.renderToResponseImpl (C:\Users\Han\Documents\SKKU 1st Grade\ANYON INTERFACE 2\anyon-chat\node_modules\next\dist\server\base-server.js:1962:32)
    at async DevServer.pipeImpl (C:\Users\Han\Documents\SKKU 1st Grade\ANYON INTERFACE 2\anyon-chat\node_modules\next\dist\server\base-server.js:922:25)
    at async NextNodeServer.handleCatchallRenderRequest (C:\Users\Han\Documents\SKKU 1st Grade\ANYON INTERFACE 2\anyon-chat\node_modules\next\dist\server\next-server.js:272:17)
    at async DevServer.handleRequestImpl (C:\Users\Han\Documents\SKKU 1st Grade\ANYON INTERFACE 2\anyon-chat\node_modules\next\dist\server\base-server.js:818:17)
    at async C:\Users\Han\Documents\SKKU 1st Grade\ANYON INTERFACE 2\anyon-chat\node_modules\next\dist\server\dev\next-dev-server.js:339:20
    at async Span.traceAsyncFn (C:\Users\Han\Documents\SKKU 1st Grade\ANYON INTERFACE 2\anyon-chat\node_modules\next\dist\trace\trace.js:154:20)
    at async DevServer.handleRequest (C:\Users\Han\Documents\SKKU 1st Grade\ANYON INTERFACE 2\anyon-chat\node_modules\next\dist\server\dev\next-dev-server.js:336:24)
    at async invokeRender (C:\Users\Han\Documents\SKKU 1st Grade\ANYON INTERFACE 2\anyon-chat\node_modules\next\dist\server\lib\router-server.js:182:21)
    at async handleRequest (C:\Users\Han\Documents\SKKU 1st Grade\ANYON INTERFACE 2\anyon-chat\node_modules\next\dist\server\lib\router-server.js:359:24)
    at async requestHandlerImpl (C:\Users\Han\Documents\SKKU 1st Grade\ANYON INTERFACE 2\anyon-chat\node_modules\next\dist\server\lib\router-server.js:383:13)
    at async Server.requestListener (C:\Users\Han\Documents\SKKU 1st Grade\ANYON INTERFACE 2\anyon-chat\node_modules\next\dist\server\lib\start-server.js:141:13) {
  code: 'MODULE_NOT_FOUND',
  requireStack: [
    'C:\\Users\\Han\\Documents\\SKKU 1st Grade\\ANYON INTERFACE 2\\anyon-chat\\apps\\web\\.next\\server\\webpack-runtime.js',
    'C:\\Users\\Han\\Documents\\SKKU 1st Grade\\ANYON INTERFACE 2\\anyon-chat\\apps\\web\\.next\\server\\pages\\_document.js',
    'C:\\Users\\Han\\Documents\\SKKU 1st Grade\\ANYON INTERFACE 2\\anyon-chat\\node_modules\\next\\dist\\server\\require.js',
    'C:\\Users\\Han\\Documents\\SKKU 1st Grade\\ANYON INTERFACE 2\\anyon-chat\\node_modules\\next\\dist\\server\\load-components.js',
    'C:\\Users\\Han\\Documents\\SKKU 1st Grade\\ANYON INTERFACE 2\\anyon-chat\\node_modules\\next\\dist\\build\\utils.js',
    'C:\\Users\\Han\\Documents\\SKKU 1st Grade\\ANYON INTERFACE 2\\anyon-chat\\node_modules\\next\\dist\\server\\dev\\hot-middleware.js',
    'C:\\Users\\Han\\Documents\\SKKU 1st Grade\\ANYON INTERFACE 2\\anyon-chat\\node_modules\\next\\dist\\server\\dev\\hot-reloader-webpack.js',
    'C:\\Users\\Han\\Documents\\SKKU 1st Grade\\ANYON INTERFACE 2\\anyon-chat\\node_modules\\next\\dist\\server\\lib\\router-utils\\setup-dev-bundler.js',
    'C:\\Users\\Han\\Documents\\SKKU 1st Grade\\ANYON INTERFACE 2\\anyon-chat\\node_modules\\next\\dist\\server\\lib\\router-server.js',
    'C:\\Users\\Han\\Documents\\SKKU 1st Grade\\ANYON INTERFACE 2\\anyon-chat\\node_modules\\next\\dist\\server\\lib\\start-server.js'
  ],
  page: '/api/threads/search'
}
 GET /_next/static/chunks/main-app.js?v=1763608648444 404 in 92ms
 GET /_next/static/chunks/app-pages-internals.js 404 in 91ms
 GET /_next/static/chunks/app/page.js 404 in 61ms
 GET /_next/static/chunks/app/layout.js 404 in 47ms
 ⨯ ReferenceError: document is not defined
    at TextRendererComponent (./src/components/artifacts/TextRenderer.tsx:92:89)
digest: "2141998177"
 GET / 200 in 115ms
 GET /_next/static/css/app/layout.css?v=1763608700651 404 in 114ms
 GET /_next/static/css/app/page.css?v=1763608700651 404 in 116ms
 GET /_next/static/chunks/main-app.js?v=1763608700651 404 in 130ms
 GET /_next/static/chunks/app/page.js 404 in 126ms
 GET /_next/static/chunks/app-pages-internals.js 404 in 129ms
 GET /_next/static/chunks/app/layout.js 404 in 107ms
<w> [webpack.cache.PackFileCacheStrategy] Caching failed for pack: Error: ENOENT: no such file or directory, lstat 'C:\Users\Han\Documents\SKKU 1st Grade\ANYON INTERFACE 2\anyon-chat\apps\web\.next\server\vendor-chunks\aria-hidden.js'
<w> [webpack.cache.PackFileCacheStrategy/webpack.FileSystemInfo] Resolving './vendor-chunks/aria-hidden' in C:\Users\Han\Documents\SKKU 1st Grade\ANYON INTERFACE 2\anyon-chat\apps\web\.next\server for build dependencies doesn't lead to expected result 'C:\Users\Han\Documents\SKKU 1st Grade\ANYON INTERFACE 2\anyon-chat\apps\web\.next\server\vendor-chunks\aria-hidden.js', but to 'Error: Can't resolve './vendor-chunks/aria-hidden' in 'C:\Users\Han\Documents\SKKU 1st Grade\ANYON INTERFACE 2\anyon-chat\apps\web\.next\server'' instead. Resolving dependencies are ignored for this path.
<w>  at resolve commonjs file ./vendor-chunks/aria-hidden (expected C:\Users\Han\Documents\SKKU 1st Grade\ANYON INTERFACE 2\anyon-chat\apps\web\.next\server\vendor-chunks\aria-hidden.js)
<w>  at file dependencies C:\Users\Han\Documents\SKKU 1st Grade\ANYON INTERFACE 2\anyon-chat\apps\web\.next\server\webpack-runtime.js
<w>  at file C:\Users\Han\Documents\SKKU 1st Grade\ANYON INTERFACE 2\anyon-chat\apps\web\.next\server\webpack-runtime.js
<w>  at file dependencies C:\Users\Han\Documents\SKKU 1st Grade\ANYON INTERFACE 2\anyon-chat\apps\web\.next\server\app\page.js
<w>  at file C:\Users\Han\Documents\SKKU 1st Grade\ANYON INTERFACE 2\anyon-chat\apps\web\.next\server\app\page.js
<w>  at file dependencies C:\Users\Han\Documents\SKKU 1st Grade\ANYON INTERFACE 2\anyon-chat\node_modules\next\dist\server\require.js
<w>  at file C:\Users\Han\Documents\SKKU 1st Grade\ANYON INTERFACE 2\anyon-chat\node_modules\next\dist\server\require.js
<w>  at file dependencies C:\Users\Han\Documents\SKKU 1st Grade\ANYON INTERFACE 2\anyon-chat\node_modules\next\dist\server\load-components.js
<w>  at file C:\Users\Han\Documents\SKKU 1st Grade\ANYON INTERFACE 2\anyon-chat\node_modules\next\dist\server\load-components.js
<w>  at file dependencies C:\Users\Han\Documents\SKKU 1st Grade\ANYON INTERFACE 2\anyon-chat\node_modules\next\dist\build\utils.js
<w>  at file C:\Users\Han\Documents\SKKU 1st Grade\ANYON INTERFACE 2\anyon-chat\node_modules\next\dist\build\utils.js
<w>  at file dependencies C:\Users\Han\Documents\SKKU 1st Grade\ANYON INTERFACE 2\anyon-chat\node_modules\next\dist\build\webpack\loaders\next-route-loader\index.js
<w>  at file C:\Users\Han\Documents\SKKU 1st Grade\ANYON INTERFACE 2\anyon-chat\node_modules\next\dist\build\webpack\loaders\next-route-loader\index.js
<w>  at resolve commonjs C:\Users\Han\Documents\SKKU 1st Grade\ANYON INTERFACE 2\anyon-chat\node_modules\next\dist\build\webpack\loaders\next-route-loader\index.js
<w> [webpack.cache.PackFileCacheStrategy/webpack.FileSystemInfo] Resolving './vendor-chunks/camelcase' in C:\Users\Han\Documents\SKKU 1st Grade\ANYON INTERFACE 2\anyon-chat\apps\web\.next\server for build dependencies doesn't lead to expected result 'C:\Users\Han\Documents\SKKU 1st Grade\ANYON INTERFACE 2\anyon-chat\apps\web\.next\server\vendor-chunks\camelcase.js', but to 'Error: Can't resolve './vendor-chunks/camelcase' in 'C:\Users\Han\Documents\SKKU 1st Grade\ANYON INTERFACE 2\anyon-chat\apps\web\.next\server'' instead. Resolving dependencies are ignored for this path.
<w>  at resolve commonjs file ./vendor-chunks/camelcase (expected C:\Users\Han\Documents\SKKU 1st Grade\ANYON INTERFACE 2\anyon-chat\apps\web\.next\server\vendor-chunks\camelcase.js)
<w>  at file dependencies C:\Users\Han\Documents\SKKU 1st Grade\ANYON INTERFACE 2\anyon-chat\apps\web\.next\server\webpack-runtime.js
<w>  at file C:\Users\Han\Documents\SKKU 1st Grade\ANYON INTERFACE 2\anyon-chat\apps\web\.next\server\webpack-runtime.js
<w>  at file dependencies C:\Users\Han\Documents\SKKU 1st Grade\ANYON INTERFACE 2\anyon-chat\apps\web\.next\server\app\page.js
<w>  at file C:\Users\Han\Documents\SKKU 1st Grade\ANYON INTERFACE 2\anyon-chat\apps\web\.next\server\app\page.js
<w>  at file dependencies C:\Users\Han\Documents\SKKU 1st Grade\ANYON INTERFACE 2\anyon-chat\node_modules\next\dist\server\require.js
<w>  at file C:\Users\Han\Documents\SKKU 1st Grade\ANYON INTERFACE 2\anyon-chat\node_modules\next\dist\server\require.js
<w>  at file dependencies C:\Users\Han\Documents\SKKU 1st Grade\ANYON INTERFACE 2\anyon-chat\node_modules\next\dist\server\load-components.js
<w>  at file C:\Users\Han\Documents\SKKU 1st Grade\ANYON INTERFACE 2\anyon-chat\node_modules\next\dist\server\load-components.js
<w>  at file dependencies C:\Users\Han\Documents\SKKU 1st Grade\ANYON INTERFACE 2\anyon-chat\node_modules\next\dist\build\utils.js
<w>  at file C:\Users\Han\Documents\SKKU 1st Grade\ANYON INTERFACE 2\anyon-chat\node_modules\next\dist\build\utils.js
<w>  at file dependencies C:\Users\Han\Documents\SKKU 1st Grade\ANYON INTERFACE 2\anyon-chat\node_modules\next\dist\build\webpack\loaders\next-route-loader\index.js
<w>  at file C:\Users\Han\Documents\SKKU 1st Grade\ANYON INTERFACE 2\anyon-chat\node_modules\next\dist\build\webpack\loaders\next-route-loader\index.js
<w>  at resolve commonjs C:\Users\Han\Documents\SKKU 1st Grade\ANYON INTERFACE 2\anyon-chat\node_modules\next\dist\build\webpack\loaders\next-route-loader\index.js
<w> [webpack.cache.PackFileCacheStrategy/webpack.FileSystemInfo] Resolving './vendor-chunks/decamelize' in C:\Users\Han\Documents\SKKU 1st Grade\ANYON INTERFACE 2\anyon-chat\apps\web\.next\server for build dependencies doesn't lead to expected result 'C:\Users\Han\Documents\SKKU 1st Grade\ANYON INTERFACE 2\anyon-chat\apps\web\.next\server\vendor-chunks\decamelize.js', but to 'Error: Can't resolve './vendor-chunks/decamelize' in 'C:\Users\Han\Documents\SKKU 1st Grade\ANYON INTERFACE 2\anyon-chat\apps\web\.next\server'' instead. Resolving dependencies are ignored for this path.
<w>  at resolve commonjs file ./vendor-chunks/decamelize (expected C:\Users\Han\Documents\SKKU 1st Grade\ANYON INTERFACE 2\anyon-chat\apps\web\.next\server\vendor-chunks\decamelize.js)
<w>  at file dependencies C:\Users\Han\Documents\SKKU 1st Grade\ANYON INTERFACE 2\anyon-chat\apps\web\.next\server\webpack-runtime.js
<w>  at file C:\Users\Han\Documents\SKKU 1st Grade\ANYON INTERFACE 2\anyon-chat\apps\web\.next\server\webpack-runtime.js
<w>  at file dependencies C:\Users\Han\Documents\SKKU 1st Grade\ANYON INTERFACE 2\anyon-chat\apps\web\.next\server\app\page.js
<w>  at file C:\Users\Han\Documents\SKKU 1st Grade\ANYON INTERFACE 2\anyon-chat\apps\web\.next\server\app\page.js
<w>  at file dependencies C:\Users\Han\Documents\SKKU 1st Grade\ANYON INTERFACE 2\anyon-chat\node_modules\next\dist\server\require.js
<w>  at file C:\Users\Han\Documents\SKKU 1st Grade\ANYON INTERFACE 2\anyon-chat\node_modules\next\dist\server\require.js
<w>  at file dependencies C:\Users\Han\Documents\SKKU 1st Grade\ANYON INTERFACE 2\anyon-chat\node_modules\next\dist\server\load-components.js
<w>  at file C:\Users\Han\Documents\SKKU 1st Grade\ANYON INTERFACE 2\anyon-chat\node_modules\next\dist\server\load-components.js
<w>  at file dependencies C:\Users\Han\Documents\SKKU 1st Grade\ANYON INTERFACE 2\anyon-chat\node_modules\next\dist\build\utils.js
<w>  at file C:\Users\Han\Documents\SKKU 1st Grade\ANYON INTERFACE 2\anyon-chat\node_modules\next\dist\build\utils.js
<w>  at file dependencies C:\Users\Han\Documents\SKKU 1st Grade\ANYON INTERFACE 2\anyon-chat\node_modules\next\dist\build\webpack\loaders\next-route-loader\index.js
<w>  at file C:\Users\Han\Documents\SKKU 1st Grade\ANYON INTERFACE 2\anyon-chat\node_modules\next\dist\build\webpack\loaders\next-route-loader\index.js
<w>  at resolve commonjs C:\Users\Han\Documents\SKKU 1st Grade\ANYON INTERFACE 2\anyon-chat\node_modules\next\dist\build\webpack\loaders\next-route-loader\index.js
<w> [webpack.cache.PackFileCacheStrategy/webpack.FileSystemInfo] Resolving './vendor-chunks/extend' in C:\Users\Han\Documents\SKKU 1st Grade\ANYON INTERFACE 2\anyon-chat\apps\web\.next\server for build dependencies doesn't lead to expected result 'C:\Users\Han\Documents\SKKU 1st Grade\ANYON INTERFACE 2\anyon-chat\apps\web\.next\server\vendor-chunks\extend.js', but to 'Error: Can't resolve './vendor-chunks/extend' in 'C:\Users\Han\Documents\SKKU 1st Grade\ANYON INTERFACE 2\anyon-chat\apps\web\.next\server'' instead. Resolving dependencies are ignored for this path.
<w>  at resolve commonjs file ./vendor-chunks/extend (expected C:\Users\Han\Documents\SKKU 1st Grade\ANYON INTERFACE 2\anyon-chat\apps\web\.next\server\vendor-chunks\extend.js)
<w>  at file dependencies C:\Users\Han\Documents\SKKU 1st Grade\ANYON INTERFACE 2\anyon-chat\apps\web\.next\server\webpack-runtime.js
<w>  at file C:\Users\Han\Documents\SKKU 1st Grade\ANYON INTERFACE 2\anyon-chat\apps\web\.next\server\webpack-runtime.js
<w>  at file dependencies C:\Users\Han\Documents\SKKU 1st Grade\ANYON INTERFACE 2\anyon-chat\apps\web\.next\server\app\page.js
<w>  at file C:\Users\Han\Documents\SKKU 1st Grade\ANYON INTERFACE 2\anyon-chat\apps\web\.next\server\app\page.js
<w>  at file dependencies C:\Users\Han\Documents\SKKU 1st Grade\ANYON INTERFACE 2\anyon-chat\node_modules\next\dist\server\require.js
<w>  at file C:\Users\Han\Documents\SKKU 1st Grade\ANYON INTERFACE 2\anyon-chat\node_modules\next\dist\server\require.js
<w>  at file dependencies C:\Users\Han\Documents\SKKU 1st Grade\ANYON INTERFACE 2\anyon-chat\node_modules\next\dist\server\load-components.js
<w>  at file C:\Users\Han\Documents\SKKU 1st Grade\ANYON INTERFACE 2\anyon-chat\node_modules\next\dist\server\load-components.js
<w>  at file dependencies C:\Users\Han\Documents\SKKU 1st Grade\ANYON INTERFACE 2\anyon-chat\node_modules\next\dist\build\utils.js
<w>  at file C:\Users\Han\Documents\SKKU 1st Grade\ANYON INTERFACE 2\anyon-chat\node_modules\next\dist\build\utils.js
<w>  at file dependencies C:\Users\Han\Documents\SKKU 1st Grade\ANYON INTERFACE 2\anyon-chat\node_modules\next\dist\build\webpack\loaders\next-route-loader\index.js
<w>  at file C:\Users\Han\Documents\SKKU 1st Grade\ANYON INTERFACE 2\anyon-chat\node_modules\next\dist\build\webpack\loaders\next-route-loader\index.js
<w>  at resolve commonjs C:\Users\Han\Documents\SKKU 1st Grade\ANYON INTERFACE 2\anyon-chat\node_modules\next\dist\build\webpack\loaders\next-route-loader\index.js
 ⨯ ReferenceError: document is not defined
    at TextRendererComponent (./src/components/artifacts/TextRenderer.tsx:92:89)
digest: "2141998177"
 GET / 200 in 58ms
 GET /_next/static/css/app/layout.css?v=1763608816138 404 in 74ms
 GET /_next/static/css/app/page.css?v=1763608816138 404 in 88ms
 GET /_next/static/chunks/app-pages-internals.js 404 in 84ms
 GET /_next/static/chunks/main-app.js?v=1763608816138 404 in 88ms
 GET /_next/static/chunks/app/page.js 404 in 83ms
 GET /_next/static/chunks/app/layout.js 404 in 34ms
 ⨯ ReferenceError: document is not defined
    at TextRendererComponent (./src/components/artifacts/TextRenderer.tsx:92:89)
digest: "2141998177"
 GET / 200 in 94ms
 GET /_next/static/css/app/layout.css?v=1763608873392 404 in 67ms
 GET /_next/static/css/app/page.css?v=1763608873392 404 in 90ms
 GET /_next/static/chunks/main-app.js?v=1763608873392 404 in 68ms
 GET /_next/static/chunks/app-pages-internals.js 404 in 65ms
 GET /_next/static/chunks/app/page.js 404 in 109ms
 GET /_next/static/chunks/app/layout.js 404 in 76ms
 ⨯ ReferenceError: document is not defined
    at TextRendererComponent (./src/components/artifacts/TextRenderer.tsx:92:89)
digest: "2141998177"
 GET / 200 in 62ms
 GET /_next/static/css/app/layout.css?v=1763608901199 404 in 95ms
 GET /_next/static/css/app/page.css?v=1763608901199 404 in 91ms
 GET /_next/static/chunks/main-app.js?v=1763608901199 404 in 121ms
 GET /_next/static/chunks/app-pages-internals.js 404 in 120ms
 GET /_next/static/chunks/app/page.js 404 in 119ms
 GET /_next/static/chunks/app/layout.js 404 in 83ms
 GET /_next/static/css/app/layout.css?v=1763608901199 404 in 64ms
 GET /_next/static/css/app/page.css?v=1763608901199 404 in 67ms
 GET /.well-known/appspecific/com.chrome.devtools.json 404 in 51ms
 ⨯ ReferenceError: document is not defined
    at TextRendererComponent (./src/components/artifacts/TextRenderer.tsx:92:89)
digest: "2141998177"
 GET / 200 in 92ms
 GET /_next/static/css/app/layout.css?v=1763609039368 404 in 72ms
 GET /_next/static/css/app/page.css?v=1763609039368 404 in 76ms
 GET /_next/static/chunks/main-app.js?v=1763609039368 404 in 131ms
 GET /_next/static/chunks/app-pages-internals.js 404 in 121ms
 GET /_next/static/chunks/app/page.js 404 in 94ms
 GET /_next/static/chunks/app/layout.js 404 in 78ms
 GET /.well-known/appspecific/com.chrome.devtools.json 404 in 43ms
 ⨯ ReferenceError: document is not defined
    at TextRendererComponent (./src/components/artifacts/TextRenderer.tsx:92:89)
digest: "2141998177"
 GET / 200 in 70ms
 GET /_next/static/css/app/page.css?v=1763609070900 404 in 87ms
 GET /_next/static/css/app/layout.css?v=1763609070900 404 in 90ms
 GET /_next/static/chunks/main-app.js?v=1763609070900 404 in 120ms
 GET /_next/static/chunks/app-pages-internals.js 404 in 117ms
 GET /_next/static/chunks/app/page.js 404 in 83ms
 GET /_next/static/chunks/app/layout.js 404 in 47ms
 GET /.well-known/appspecific/com.chrome.devtools.json 404 in 44ms
 GET /_next/static/css/app/layout.css?v=1763609070900 404 in 43ms
 GET /_next/static/css/app/page.css?v=1763609070900 404 in 44ms
 GET /.well-known/appspecific/com.chrome.devtools.json 404 in 47ms
 ⨯ ReferenceError: document is not defined
    at TextRendererComponent (./src/components/artifacts/TextRenderer.tsx:92:89)
digest: "2141998177"
 GET / 200 in 77ms
 GET /_next/static/css/app/layout.css?v=1763609171245 404 in 65ms
 GET /_next/static/css/app/page.css?v=1763609171245 404 in 66ms
 GET /_next/static/chunks/main-app.js?v=1763609171245 404 in 81ms
 GET /_next/static/chunks/app-pages-internals.js 404 in 80ms
 GET /_next/static/chunks/app/page.js 404 in 74ms
 GET /_next/static/chunks/app/layout.js 404 in 72ms
 ✓ Compiled in 2.7s (8166 modules)
 ✓ Compiled in 1352ms (8166 modules)
 ⨯ TypeError: Cannot read properties of undefined (reading 'call')
    at Object.__webpack_require__ [as require] (C:\Users\Han\Documents\SKKU 1st Grade\ANYON INTERFACE 2\anyon-chat\apps\web\.next\server\webpack-runtime.js:33:43)
digest: "3001852956"
TypeError: Cannot read properties of undefined (reading 'call')
    at Object.__webpack_require__ [as require] (C:\Users\Han\Documents\SKKU 1st Grade\ANYON INTERFACE 2\anyon-chat\apps\web\.next\server\webpack-runtime.js:33:43)
    at require (C:\Users\Han\Documents\SKKU 1st Grade\ANYON INTERFACE 2\anyon-chat\node_modules\next\dist\compiled\next-server\app-page.runtime.dev.js:39:20088)
    at C:\Users\Han\Documents\SKKU 1st Grade\ANYON INTERFACE 2\anyon-chat\node_modules\next\dist\compiled\next-server\app-page.runtime.dev.js:35:108280
    at eo (C:\Users\Han\Documents\SKKU 1st Grade\ANYON INTERFACE 2\anyon-chat\node_modules\next\dist\compiled\next-server\app-page.runtime.dev.js:35:108465)
    at C:\Users\Han\Documents\SKKU 1st Grade\ANYON INTERFACE 2\anyon-chat\node_modules\next\dist\compiled\next-server\app-page.runtime.dev.js:35:110694
    at Object._fromJSON (C:\Users\Han\Documents\SKKU 1st Grade\ANYON INTERFACE 2\anyon-chat\node_modules\next\dist\compiled\next-server\app-page.runtime.dev.js:35:111250)
    at JSON.parse (<anonymous>)
    at eu (C:\Users\Han\Documents\SKKU 1st Grade\ANYON INTERFACE 2\anyon-chat\node_modules\next\dist\compiled\next-server\app-page.runtime.dev.js:35:108959)
    at en (C:\Users\Han\Documents\SKKU 1st Grade\ANYON INTERFACE 2\anyon-chat\node_modules\next\dist\compiled\next-server\app-page.runtime.dev.js:35:108027)
    at C:\Users\Han\Documents\SKKU 1st Grade\ANYON INTERFACE 2\anyon-chat\node_modules\next\dist\compiled\next-server\app-page.runtime.dev.js:35:115169
    at C:\Users\Han\Documents\SKKU 1st Grade\ANYON INTERFACE 2\anyon-chat\node_modules\next\dist\compiled\next-server\app-page.runtime.dev.js:35:115186
    at C:\Users\Han\Documents\SKKU 1st Grade\ANYON INTERFACE 2\anyon-chat\node_modules\next\dist\compiled\next-server\app-page.runtime.dev.js:35:115219
    at C:\Users\Han\Documents\SKKU 1st Grade\ANYON INTERFACE 2\anyon-chat\node_modules\next\dist\compiled\next-server\app-page.runtime.dev.js:35:115236
    at t (C:\Users\Han\Documents\SKKU 1st Grade\ANYON INTERFACE 2\anyon-chat\node_modules\next\dist\compiled\next-server\app-page.runtime.dev.js:35:115459)
 ⨯ TypeError: Cannot read properties of undefined (reading 'call')
    at Object.__webpack_require__ [as require] (C:\Users\Han\Documents\SKKU 1st Grade\ANYON INTERFACE 2\anyon-chat\apps\web\.next\server\webpack-runtime.js:33:43)
    at require (C:\Users\Han\Documents\SKKU 1st Grade\ANYON INTERFACE 2\anyon-chat\node_modules\next\dist\compiled\next-server\app-page.runtime.dev.js:39:20088)
    at C:\Users\Han\Documents\SKKU 1st Grade\ANYON INTERFACE 2\anyon-chat\node_modules\next\dist\compiled\next-server\app-page.runtime.dev.js:35:108280
    at eo (C:\Users\Han\Documents\SKKU 1st Grade\ANYON INTERFACE 2\anyon-chat\node_modules\next\dist\compiled\next-server\app-page.runtime.dev.js:35:108465)
    at C:\Users\Han\Documents\SKKU 1st Grade\ANYON INTERFACE 2\anyon-chat\node_modules\next\dist\compiled\next-server\app-page.runtime.dev.js:35:110694
    at Object._fromJSON (C:\Users\Han\Documents\SKKU 1st Grade\ANYON INTERFACE 2\anyon-chat\node_modules\next\dist\compiled\next-server\app-page.runtime.dev.js:35:111250)
    at JSON.parse (<anonymous>)
    at eu (C:\Users\Han\Documents\SKKU 1st Grade\ANYON INTERFACE 2\anyon-chat\node_modules\next\dist\compiled\next-server\app-page.runtime.dev.js:35:108959)
    at en (C:\Users\Han\Documents\SKKU 1st Grade\ANYON INTERFACE 2\anyon-chat\node_modules\next\dist\compiled\next-server\app-page.runtime.dev.js:35:108027)
    at C:\Users\Han\Documents\SKKU 1st Grade\ANYON INTERFACE 2\anyon-chat\node_modules\next\dist\compiled\next-server\app-page.runtime.dev.js:35:115169
    at C:\Users\Han\Documents\SKKU 1st Grade\ANYON INTERFACE 2\anyon-chat\node_modules\next\dist\compiled\next-server\app-page.runtime.dev.js:35:115186
    at C:\Users\Han\Documents\SKKU 1st Grade\ANYON INTERFACE 2\anyon-chat\node_modules\next\dist\compiled\next-server\app-page.runtime.dev.js:35:115219
    at C:\Users\Han\Documents\SKKU 1st Grade\ANYON INTERFACE 2\anyon-chat\node_modules\next\dist\compiled\next-server\app-page.runtime.dev.js:35:115236
    at t (C:\Users\Han\Documents\SKKU 1st Grade\ANYON INTERFACE 2\anyon-chat\node_modules\next\dist\compiled\next-server\app-page.runtime.dev.js:35:115459) {
  page: '/'
}
 GET / 500 in 82ms
 ✓ Compiled in 13.3s (13208 modules)
 ✓ Compiled in 1734ms (8166 modules)
 ✓ Compiled in 1566ms (8166 modules)
 ✓ Compiled in 1221ms (8166 modules)
 ✓ Compiled in 8.8s (13194 modules)
Yjs was already imported. This breaks constructor checks and will lead to issues! - https://github.com/yjs/yjs/issues/438
 ⨯ ReferenceError: document is not defined
    at TextRendererComponent (./src/components/artifacts/TextRenderer.tsx:92:89)
digest: "2141998177"
 GET / 200 in 5333ms
 ○ Compiling /_not-found ...
 ✓ Compiled /_not-found in 3.1s (13197 modules)
 GET /_next/static/css/app/layout.css?v=1763609574936 404 in 3309ms
 GET /_next/static/css/app/page.css?v=1763609574936 404 in 3311ms
 GET /_next/static/chunks/webpack.js?v=1763609574936 404 in 3298ms
 GET /_next/static/chunks/main-app.js?v=1763609574936 404 in 45ms
 GET /_next/static/chunks/app-pages-internals.js 404 in 43ms
 GET /_next/static/chunks/app/page.js 404 in 36ms
 GET /_next/static/chunks/app/layout.js 404 in 43ms
 GET /_next/static/css/app/page.css?v=1763609574936 404 in 65ms
 GET /_next/static/css/app/layout.css?v=1763609574936 404 in 70ms
 GET /.well-known/appspecific/com.chrome.devtools.json 404 in 72ms
 ✓ Compiled in 2.5s (8166 modules)
 ✓ Compiled in 2.5s (8166 modules)
 ✓ Compiled in 1451ms (8166 modules)
 ○ Compiling /_not-found ...
 ✓ Compiled /_not-found in 3s (13197 modules)
 ⨯ TypeError: Cannot read properties of undefined (reading 'call')
    at Object.t [as require] (C:\Users\Han\Documents\SKKU 1st Grade\ANYON INTERFACE 2\anyon-chat\apps\web\.next\server\webpack-runtime.js:1:143)
digest: "3680422889"
TypeError: Cannot read properties of undefined (reading 'call')
    at Object.t [as require] (C:\Users\Han\Documents\SKKU 1st Grade\ANYON INTERFACE 2\anyon-chat\apps\web\.next\server\webpack-runtime.js:1:143)
    at require (C:\Users\Han\Documents\SKKU 1st Grade\ANYON INTERFACE 2\anyon-chat\node_modules\next\dist\compiled\next-server\app-page.runtime.prod.js:16:18839)
    at I (C:\Users\Han\Documents\SKKU 1st Grade\ANYON INTERFACE 2\anyon-chat\node_modules\next\dist\compiled\next-server\app-page.runtime.prod.js:12:94364)
    at C:\Users\Han\Documents\SKKU 1st Grade\ANYON INTERFACE 2\anyon-chat\node_modules\next\dist\compiled\next-server\app-page.runtime.prod.js:12:96670
    at F._fromJSON (C:\Users\Han\Documents\SKKU 1st Grade\ANYON INTERFACE 2\anyon-chat\node_modules\next\dist\compiled\next-server\app-page.runtime.prod.js:12:97108)
    at JSON.parse (<anonymous>)
    at O (C:\Users\Han\Documents\SKKU 1st Grade\ANYON INTERFACE 2\anyon-chat\node_modules\next\dist\compiled\next-server\app-page.runtime.prod.js:12:94085)
    at t (C:\Users\Han\Documents\SKKU 1st Grade\ANYON INTERFACE 2\anyon-chat\node_modules\next\dist\compiled\next-server\app-page.runtime.prod.js:12:100584)
 ⨯ TypeError: Cannot read properties of undefined (reading 'call')
    at Object.t [as require] (C:\Users\Han\Documents\SKKU 1st Grade\ANYON INTERFACE 2\anyon-chat\apps\web\.next\server\webpack-runtime.js:1:143)
    at require (C:\Users\Han\Documents\SKKU 1st Grade\ANYON INTERFACE 2\anyon-chat\node_modules\next\dist\compiled\next-server\app-page.runtime.prod.js:16:18839)
    at I (C:\Users\Han\Documents\SKKU 1st Grade\ANYON INTERFACE 2\anyon-chat\node_modules\next\dist\compiled\next-server\app-page.runtime.prod.js:12:94364)
    at C:\Users\Han\Documents\SKKU 1st Grade\ANYON INTERFACE 2\anyon-chat\node_modules\next\dist\compiled\next-server\app-page.runtime.prod.js:12:96670
    at F._fromJSON (C:\Users\Han\Documents\SKKU 1st Grade\ANYON INTERFACE 2\anyon-chat\node_modules\next\dist\compiled\next-server\app-page.runtime.prod.js:12:97108)
    at JSON.parse (<anonymous>)
    at O (C:\Users\Han\Documents\SKKU 1st Grade\ANYON INTERFACE 2\anyon-chat\node_modules\next\dist\compiled\next-server\app-page.runtime.prod.js:12:94085)
    at t (C:\Users\Han\Documents\SKKU 1st Grade\ANYON INTERFACE 2\anyon-chat\node_modules\next\dist\compiled\next-server\app-page.runtime.prod.js:12:100584)
 GET / 500 in 4215ms
 ⨯ TypeError: Cannot read properties of undefined (reading 'call')
    at Object.t [as require] (C:\Users\Han\Documents\SKKU 1st Grade\ANYON INTERFACE 2\anyon-chat\apps\web\.next\server\webpack-runtime.js:1:143)
digest: "3680422889"
 ⨯ TypeError: Cannot read properties of undefined (reading 'call')
    at Object.t [as require] (C:\Users\Han\Documents\SKKU 1st Grade\ANYON INTERFACE 2\anyon-chat\apps\web\.next\server\webpack-runtime.js:1:143)
digest: "3368441231"
 ⨯ TypeError: Cannot read properties of undefined (reading 'call')
    at Object.t [as require] (C:\Users\Han\Documents\SKKU 1st Grade\ANYON INTERFACE 2\anyon-chat\apps\web\.next\server\webpack-runtime.js:1:143)
digest: "3368441231"
TypeError: Cannot read properties of undefined (reading 'call')
    at Object.t [as require] (C:\Users\Han\Documents\SKKU 1st Grade\ANYON INTERFACE 2\anyon-chat\apps\web\.next\server\webpack-runtime.js:1:143)
    at require (C:\Users\Han\Documents\SKKU 1st Grade\ANYON INTERFACE 2\anyon-chat\node_modules\next\dist\compiled\next-server\app-page.runtime.prod.js:16:18839)
    at I (C:\Users\Han\Documents\SKKU 1st Grade\ANYON INTERFACE 2\anyon-chat\node_modules\next\dist\compiled\next-server\app-page.runtime.prod.js:12:94364)
    at C:\Users\Han\Documents\SKKU 1st Grade\ANYON INTERFACE 2\anyon-chat\node_modules\next\dist\compiled\next-server\app-page.runtime.prod.js:12:96670
    at F._fromJSON (C:\Users\Han\Documents\SKKU 1st Grade\ANYON INTERFACE 2\anyon-chat\node_modules\next\dist\compiled\next-server\app-page.runtime.prod.js:12:97108)
    at JSON.parse (<anonymous>)
    at O (C:\Users\Han\Documents\SKKU 1st Grade\ANYON INTERFACE 2\anyon-chat\node_modules\next\dist\compiled\next-server\app-page.runtime.prod.js:12:94085)
    at t (C:\Users\Han\Documents\SKKU 1st Grade\ANYON INTERFACE 2\anyon-chat\node_modules\next\dist\compiled\next-server\app-page.runtime.prod.js:12:100584)
    at runNextTicks (node:internal/process/task_queues:65:5)
    at listOnTimeout (node:internal/timers:549:9)
    at process.processTimers (node:internal/timers:523:7)
 ⨯ TypeError: Cannot read properties of undefined (reading 'call')
    at Object.t [as require] (C:\Users\Han\Documents\SKKU 1st Grade\ANYON INTERFACE 2\anyon-chat\apps\web\.next\server\webpack-runtime.js:1:143)
    at require (C:\Users\Han\Documents\SKKU 1st Grade\ANYON INTERFACE 2\anyon-chat\node_modules\next\dist\compiled\next-server\app-page.runtime.prod.js:16:18839)
    at I (C:\Users\Han\Documents\SKKU 1st Grade\ANYON INTERFACE 2\anyon-chat\node_modules\next\dist\compiled\next-server\app-page.runtime.prod.js:12:94364)
    at C:\Users\Han\Documents\SKKU 1st Grade\ANYON INTERFACE 2\anyon-chat\node_modules\next\dist\compiled\next-server\app-page.runtime.prod.js:12:96670
    at F._fromJSON (C:\Users\Han\Documents\SKKU 1st Grade\ANYON INTERFACE 2\anyon-chat\node_modules\next\dist\compiled\next-server\app-page.runtime.prod.js:12:97108)
    at JSON.parse (<anonymous>)
    at O (C:\Users\Han\Documents\SKKU 1st Grade\ANYON INTERFACE 2\anyon-chat\node_modules\next\dist\compiled\next-server\app-page.runtime.prod.js:12:94085)
    at t (C:\Users\Han\Documents\SKKU 1st Grade\ANYON INTERFACE 2\anyon-chat\node_modules\next\dist\compiled\next-server\app-page.runtime.prod.js:12:100584)
    at runNextTicks (node:internal/process/task_queues:65:5)
    at listOnTimeout (node:internal/timers:549:9)
    at process.processTimers (node:internal/timers:523:7)
TypeError: Cannot read properties of undefined (reading 'call')
    at Object.t [as require] (C:\Users\Han\Documents\SKKU 1st Grade\ANYON INTERFACE 2\anyon-chat\apps\web\.next\server\webpack-runtime.js:1:143)
    at require (C:\Users\Han\Documents\SKKU 1st Grade\ANYON INTERFACE 2\anyon-chat\node_modules\next\dist\compiled\next-server\app-page.runtime.prod.js:16:18839)
    at I (C:\Users\Han\Documents\SKKU 1st Grade\ANYON INTERFACE 2\anyon-chat\node_modules\next\dist\compiled\next-server\app-page.runtime.prod.js:12:94364)
    at C:\Users\Han\Documents\SKKU 1st Grade\ANYON INTERFACE 2\anyon-chat\node_modules\next\dist\compiled\next-server\app-page.runtime.prod.js:12:96670
    at F._fromJSON (C:\Users\Han\Documents\SKKU 1st Grade\ANYON INTERFACE 2\anyon-chat\node_modules\next\dist\compiled\next-server\app-page.runtime.prod.js:12:97108)
    at JSON.parse (<anonymous>)
    at O (C:\Users\Han\Documents\SKKU 1st Grade\ANYON INTERFACE 2\anyon-chat\node_modules\next\dist\compiled\next-server\app-page.runtime.prod.js:12:94085)
    at t (C:\Users\Han\Documents\SKKU 1st Grade\ANYON INTERFACE 2\anyon-chat\node_modules\next\dist\compiled\next-server\app-page.runtime.prod.js:12:100584)
    at runNextTicks (node:internal/process/task_queues:65:5)
    at listOnTimeout (node:internal/timers:549:9)
    at process.processTimers (node:internal/timers:523:7)
 ⨯ TypeError: Cannot read properties of undefined (reading 'call')
    at Object.t [as require] (C:\Users\Han\Documents\SKKU 1st Grade\ANYON INTERFACE 2\anyon-chat\apps\web\.next\server\webpack-runtime.js:1:143)
    at require (C:\Users\Han\Documents\SKKU 1st Grade\ANYON INTERFACE 2\anyon-chat\node_modules\next\dist\compiled\next-server\app-page.runtime.prod.js:16:18839)
    at I (C:\Users\Han\Documents\SKKU 1st Grade\ANYON INTERFACE 2\anyon-chat\node_modules\next\dist\compiled\next-server\app-page.runtime.prod.js:12:94364)
    at C:\Users\Han\Documents\SKKU 1st Grade\ANYON INTERFACE 2\anyon-chat\node_modules\next\dist\compiled\next-server\app-page.runtime.prod.js:12:96670
    at F._fromJSON (C:\Users\Han\Documents\SKKU 1st Grade\ANYON INTERFACE 2\anyon-chat\node_modules\next\dist\compiled\next-server\app-page.runtime.prod.js:12:97108)
    at JSON.parse (<anonymous>)
    at O (C:\Users\Han\Documents\SKKU 1st Grade\ANYON INTERFACE 2\anyon-chat\node_modules\next\dist\compiled\next-server\app-page.runtime.prod.js:12:94085)
    at t (C:\Users\Han\Documents\SKKU 1st Grade\ANYON INTERFACE 2\anyon-chat\node_modules\next\dist\compiled\next-server\app-page.runtime.prod.js:12:100584)
    at runNextTicks (node:internal/process/task_queues:65:5)
    at listOnTimeout (node:internal/timers:549:9)
    at process.processTimers (node:internal/timers:523:7)
TypeError: Cannot read properties of undefined (reading 'call')
    at Object.t [as require] (C:\Users\Han\Documents\SKKU 1st Grade\ANYON INTERFACE 2\anyon-chat\apps\web\.next\server\webpack-runtime.js:1:143)
    at require (C:\Users\Han\Documents\SKKU 1st Grade\ANYON INTERFACE 2\anyon-chat\node_modules\next\dist\compiled\next-server\app-page.runtime.prod.js:16:18839)
    at I (C:\Users\Han\Documents\SKKU 1st Grade\ANYON INTERFACE 2\anyon-chat\node_modules\next\dist\compiled\next-server\app-page.runtime.prod.js:12:94364)
    at C:\Users\Han\Documents\SKKU 1st Grade\ANYON INTERFACE 2\anyon-chat\node_modules\next\dist\compiled\next-server\app-page.runtime.prod.js:12:96670
    at F._fromJSON (C:\Users\Han\Documents\SKKU 1st Grade\ANYON INTERFACE 2\anyon-chat\node_modules\next\dist\compiled\next-server\app-page.runtime.prod.js:12:97108)
    at JSON.parse (<anonymous>)
    at O (C:\Users\Han\Documents\SKKU 1st Grade\ANYON INTERFACE 2\anyon-chat\node_modules\next\dist\compiled\next-server\app-page.runtime.prod.js:12:94085)
    at t (C:\Users\Han\Documents\SKKU 1st Grade\ANYON INTERFACE 2\anyon-chat\node_modules\next\dist\compiled\next-server\app-page.runtime.prod.js:12:100584)
 ⨯ TypeError: Cannot read properties of undefined (reading 'call')
    at Object.t [as require] (C:\Users\Han\Documents\SKKU 1st Grade\ANYON INTERFACE 2\anyon-chat\apps\web\.next\server\webpack-runtime.js:1:143)
    at require (C:\Users\Han\Documents\SKKU 1st Grade\ANYON INTERFACE 2\anyon-chat\node_modules\next\dist\compiled\next-server\app-page.runtime.prod.js:16:18839)
    at I (C:\Users\Han\Documents\SKKU 1st Grade\ANYON INTERFACE 2\anyon-chat\node_modules\next\dist\compiled\next-server\app-page.runtime.prod.js:12:94364)
    at C:\Users\Han\Documents\SKKU 1st Grade\ANYON INTERFACE 2\anyon-chat\node_modules\next\dist\compiled\next-server\app-page.runtime.prod.js:12:96670
    at F._fromJSON (C:\Users\Han\Documents\SKKU 1st Grade\ANYON INTERFACE 2\anyon-chat\node_modules\next\dist\compiled\next-server\app-page.runtime.prod.js:12:97108)
    at JSON.parse (<anonymous>)
    at O (C:\Users\Han\Documents\SKKU 1st Grade\ANYON INTERFACE 2\anyon-chat\node_modules\next\dist\compiled\next-server\app-page.runtime.prod.js:12:94085)
    at t (C:\Users\Han\Documents\SKKU 1st Grade\ANYON INTERFACE 2\anyon-chat\node_modules\next\dist\compiled\next-server\app-page.runtime.prod.js:12:100584)
 GET /_next/static/chunks/fallback/webpack.js 500 in 107ms
 GET /_next/static/chunks/fallback/react-refresh.js 500 in 103ms
 GET /_next/static/chunks/fallback/main.js 500 in 102ms
 ⨯ TypeError: Cannot read properties of undefined (reading 'call')
    at Object.t [as require] (C:\Users\Han\Documents\SKKU 1st Grade\ANYON INTERFACE 2\anyon-chat\apps\web\.next\server\webpack-runtime.js:1:143)
digest: "3680422889"
 ⨯ TypeError: Cannot read properties of undefined (reading 'call')
    at Object.t [as require] (C:\Users\Han\Documents\SKKU 1st Grade\ANYON INTERFACE 2\anyon-chat\apps\web\.next\server\webpack-runtime.js:1:143)
digest: "3368441231"
TypeError: Cannot read properties of undefined (reading 'call')
    at Object.t [as require] (C:\Users\Han\Documents\SKKU 1st Grade\ANYON INTERFACE 2\anyon-chat\apps\web\.next\server\webpack-runtime.js:1:143)
    at require (C:\Users\Han\Documents\SKKU 1st Grade\ANYON INTERFACE 2\anyon-chat\node_modules\next\dist\compiled\next-server\app-page.runtime.prod.js:16:18839)
    at I (C:\Users\Han\Documents\SKKU 1st Grade\ANYON INTERFACE 2\anyon-chat\node_modules\next\dist\compiled\next-server\app-page.runtime.prod.js:12:94364)
    at C:\Users\Han\Documents\SKKU 1st Grade\ANYON INTERFACE 2\anyon-chat\node_modules\next\dist\compiled\next-server\app-page.runtime.prod.js:12:96670
    at F._fromJSON (C:\Users\Han\Documents\SKKU 1st Grade\ANYON INTERFACE 2\anyon-chat\node_modules\next\dist\compiled\next-server\app-page.runtime.prod.js:12:97108)
    at JSON.parse (<anonymous>)
    at O (C:\Users\Han\Documents\SKKU 1st Grade\ANYON INTERFACE 2\anyon-chat\node_modules\next\dist\compiled\next-server\app-page.runtime.prod.js:12:94085)
    at t (C:\Users\Han\Documents\SKKU 1st Grade\ANYON INTERFACE 2\anyon-chat\node_modules\next\dist\compiled\next-server\app-page.runtime.prod.js:12:100584)
 ⨯ TypeError: Cannot read properties of undefined (reading 'call')
    at Object.t [as require] (C:\Users\Han\Documents\SKKU 1st Grade\ANYON INTERFACE 2\anyon-chat\apps\web\.next\server\webpack-runtime.js:1:143)
    at require (C:\Users\Han\Documents\SKKU 1st Grade\ANYON INTERFACE 2\anyon-chat\node_modules\next\dist\compiled\next-server\app-page.runtime.prod.js:16:18839)
    at I (C:\Users\Han\Documents\SKKU 1st Grade\ANYON INTERFACE 2\anyon-chat\node_modules\next\dist\compiled\next-server\app-page.runtime.prod.js:12:94364)
    at C:\Users\Han\Documents\SKKU 1st Grade\ANYON INTERFACE 2\anyon-chat\node_modules\next\dist\compiled\next-server\app-page.runtime.prod.js:12:96670
    at F._fromJSON (C:\Users\Han\Documents\SKKU 1st Grade\ANYON INTERFACE 2\anyon-chat\node_modules\next\dist\compiled\next-server\app-page.runtime.prod.js:12:97108)
    at JSON.parse (<anonymous>)
    at O (C:\Users\Han\Documents\SKKU 1st Grade\ANYON INTERFACE 2\anyon-chat\node_modules\next\dist\compiled\next-server\app-page.runtime.prod.js:12:94085)
    at t (C:\Users\Han\Documents\SKKU 1st Grade\ANYON INTERFACE 2\anyon-chat\node_modules\next\dist\compiled\next-server\app-page.runtime.prod.js:12:100584)
TypeError: Cannot read properties of undefined (reading 'call')
    at Object.t [as require] (C:\Users\Han\Documents\SKKU 1st Grade\ANYON INTERFACE 2\anyon-chat\apps\web\.next\server\webpack-runtime.js:1:143)
    at require (C:\Users\Han\Documents\SKKU 1st Grade\ANYON INTERFACE 2\anyon-chat\node_modules\next\dist\compiled\next-server\app-page.runtime.prod.js:16:18839)
    at I (C:\Users\Han\Documents\SKKU 1st Grade\ANYON INTERFACE 2\anyon-chat\node_modules\next\dist\compiled\next-server\app-page.runtime.prod.js:12:94364)
    at C:\Users\Han\Documents\SKKU 1st Grade\ANYON INTERFACE 2\anyon-chat\node_modules\next\dist\compiled\next-server\app-page.runtime.prod.js:12:96670
    at F._fromJSON (C:\Users\Han\Documents\SKKU 1st Grade\ANYON INTERFACE 2\anyon-chat\node_modules\next\dist\compiled\next-server\app-page.runtime.prod.js:12:97108)
    at JSON.parse (<anonymous>)
    at O (C:\Users\Han\Documents\SKKU 1st Grade\ANYON INTERFACE 2\anyon-chat\node_modules\next\dist\compiled\next-server\app-page.runtime.prod.js:12:94085)
    at t (C:\Users\Han\Documents\SKKU 1st Grade\ANYON INTERFACE 2\anyon-chat\node_modules\next\dist\compiled\next-server\app-page.runtime.prod.js:12:100584)
    at runNextTicks (node:internal/process/task_queues:65:5)
    at listOnTimeout (node:internal/timers:549:9)
    at process.processTimers (node:internal/timers:523:7)
 ⨯ TypeError: Cannot read properties of undefined (reading 'call')
    at Object.t [as require] (C:\Users\Han\Documents\SKKU 1st Grade\ANYON INTERFACE 2\anyon-chat\apps\web\.next\server\webpack-runtime.js:1:143)
    at require (C:\Users\Han\Documents\SKKU 1st Grade\ANYON INTERFACE 2\anyon-chat\node_modules\next\dist\compiled\next-server\app-page.runtime.prod.js:16:18839)
    at I (C:\Users\Han\Documents\SKKU 1st Grade\ANYON INTERFACE 2\anyon-chat\node_modules\next\dist\compiled\next-server\app-page.runtime.prod.js:12:94364)
    at C:\Users\Han\Documents\SKKU 1st Grade\ANYON INTERFACE 2\anyon-chat\node_modules\next\dist\compiled\next-server\app-page.runtime.prod.js:12:96670
    at F._fromJSON (C:\Users\Han\Documents\SKKU 1st Grade\ANYON INTERFACE 2\anyon-chat\node_modules\next\dist\compiled\next-server\app-page.runtime.prod.js:12:97108)
    at JSON.parse (<anonymous>)
    at O (C:\Users\Han\Documents\SKKU 1st Grade\ANYON INTERFACE 2\anyon-chat\node_modules\next\dist\compiled\next-server\app-page.runtime.prod.js:12:94085)
    at t (C:\Users\Han\Documents\SKKU 1st Grade\ANYON INTERFACE 2\anyon-chat\node_modules\next\dist\compiled\next-server\app-page.runtime.prod.js:12:100584)
    at runNextTicks (node:internal/process/task_queues:65:5)
    at listOnTimeout (node:internal/timers:549:9)
    at process.processTimers (node:internal/timers:523:7)
 GET /_next/static/chunks/fallback/pages/_app.js 500 in 82ms
 GET /_next/static/chunks/fallback/pages/_error.js 500 in 78ms
 ⨯ TypeError: Cannot read properties of undefined (reading 'call')
    at Object.t [as require] (C:\Users\Han\Documents\SKKU 1st Grade\ANYON INTERFACE 2\anyon-chat\apps\web\.next\server\webpack-runtime.js:1:143)
digest: "3680422889"
TypeError: Cannot read properties of undefined (reading 'call')
    at Object.t [as require] (C:\Users\Han\Documents\SKKU 1st Grade\ANYON INTERFACE 2\anyon-chat\apps\web\.next\server\webpack-runtime.js:1:143)
    at require (C:\Users\Han\Documents\SKKU 1st Grade\ANYON INTERFACE 2\anyon-chat\node_modules\next\dist\compiled\next-server\app-page.runtime.prod.js:16:18839)
    at I (C:\Users\Han\Documents\SKKU 1st Grade\ANYON INTERFACE 2\anyon-chat\node_modules\next\dist\compiled\next-server\app-page.runtime.prod.js:12:94364)
    at C:\Users\Han\Documents\SKKU 1st Grade\ANYON INTERFACE 2\anyon-chat\node_modules\next\dist\compiled\next-server\app-page.runtime.prod.js:12:96670
    at F._fromJSON (C:\Users\Han\Documents\SKKU 1st Grade\ANYON INTERFACE 2\anyon-chat\node_modules\next\dist\compiled\next-server\app-page.runtime.prod.js:12:97108)
    at JSON.parse (<anonymous>)
    at O (C:\Users\Han\Documents\SKKU 1st Grade\ANYON INTERFACE 2\anyon-chat\node_modules\next\dist\compiled\next-server\app-page.runtime.prod.js:12:94085)
    at t (C:\Users\Han\Documents\SKKU 1st Grade\ANYON INTERFACE 2\anyon-chat\node_modules\next\dist\compiled\next-server\app-page.runtime.prod.js:12:100584)
 ⨯ TypeError: Cannot read properties of undefined (reading 'call')
    at Object.t [as require] (C:\Users\Han\Documents\SKKU 1st Grade\ANYON INTERFACE 2\anyon-chat\apps\web\.next\server\webpack-runtime.js:1:143)
    at require (C:\Users\Han\Documents\SKKU 1st Grade\ANYON INTERFACE 2\anyon-chat\node_modules\next\dist\compiled\next-server\app-page.runtime.prod.js:16:18839)
    at I (C:\Users\Han\Documents\SKKU 1st Grade\ANYON INTERFACE 2\anyon-chat\node_modules\next\dist\compiled\next-server\app-page.runtime.prod.js:12:94364)
    at C:\Users\Han\Documents\SKKU 1st Grade\ANYON INTERFACE 2\anyon-chat\node_modules\next\dist\compiled\next-server\app-page.runtime.prod.js:12:96670
    at F._fromJSON (C:\Users\Han\Documents\SKKU 1st Grade\ANYON INTERFACE 2\anyon-chat\node_modules\next\dist\compiled\next-server\app-page.runtime.prod.js:12:97108)
    at JSON.parse (<anonymous>)
    at O (C:\Users\Han\Documents\SKKU 1st Grade\ANYON INTERFACE 2\anyon-chat\node_modules\next\dist\compiled\next-server\app-page.runtime.prod.js:12:94085)
    at t (C:\Users\Han\Documents\SKKU 1st Grade\ANYON INTERFACE 2\anyon-chat\node_modules\next\dist\compiled\next-server\app-page.runtime.prod.js:12:100584)
 GET /.well-known/appspecific/com.chrome.devtools.json 500 in 78ms
 ✓ Compiled in 3.2s (8166 modules)
 ✓ Compiled in 2s (8166 modules)
 ✓ Compiled in 1620ms (8166 modules)
 ✓ Compiled in 10.5s (13208 modules)
 ✓ Compiled in 10.2s (13208 modules)
 ✓ Compiled in 11.6s (13208 modules)
